ARM GAS  /tmp/cchNO77r.s 			page 1


   1              		.cpu cortex-m3
   2              		.eabi_attribute 20, 1
   3              		.eabi_attribute 21, 1
   4              		.eabi_attribute 23, 3
   5              		.eabi_attribute 24, 1
   6              		.eabi_attribute 25, 1
   7              		.eabi_attribute 26, 1
   8              		.eabi_attribute 30, 1
   9              		.eabi_attribute 34, 1
  10              		.eabi_attribute 18, 4
  11              		.file	"font8.c"
  12              		.text
  13              	.Ltext0:
  14              		.cfi_sections	.debug_frame
  15              		.global	Font8
  16              		.global	Font8_Table
  17              		.section	.data.Font8,"aw"
  18              		.align	2
  21              	Font8:
  22 0000 00000000 		.word	Font8_Table
  23 0004 0500     		.short	5
  24 0006 0800     		.short	8
  25              		.section	.rodata.Font8_Table,"a"
  26              		.align	2
  29              	Font8_Table:
  30 0000 00       		.byte	0
  31 0001 00       		.byte	0
  32 0002 00       		.byte	0
  33 0003 00       		.byte	0
  34 0004 00       		.byte	0
  35 0005 00       		.byte	0
  36 0006 00       		.byte	0
  37 0007 00       		.byte	0
  38 0008 20       		.byte	32
  39 0009 20       		.byte	32
  40 000a 20       		.byte	32
  41 000b 20       		.byte	32
  42 000c 00       		.byte	0
  43 000d 20       		.byte	32
  44 000e 00       		.byte	0
  45 000f 00       		.byte	0
  46 0010 50       		.byte	80
  47 0011 50       		.byte	80
  48 0012 00       		.byte	0
  49 0013 00       		.byte	0
  50 0014 00       		.byte	0
  51 0015 00       		.byte	0
  52 0016 00       		.byte	0
  53 0017 00       		.byte	0
  54 0018 28       		.byte	40
  55 0019 50       		.byte	80
  56 001a F8       		.byte	-8
  57 001b 50       		.byte	80
  58 001c F8       		.byte	-8
  59 001d 50       		.byte	80
  60 001e A0       		.byte	-96
  61 001f 00       		.byte	0
ARM GAS  /tmp/cchNO77r.s 			page 2


  62 0020 20       		.byte	32
  63 0021 30       		.byte	48
  64 0022 60       		.byte	96
  65 0023 30       		.byte	48
  66 0024 10       		.byte	16
  67 0025 60       		.byte	96
  68 0026 20       		.byte	32
  69 0027 00       		.byte	0
  70 0028 20       		.byte	32
  71 0029 20       		.byte	32
  72 002a 18       		.byte	24
  73 002b 60       		.byte	96
  74 002c 10       		.byte	16
  75 002d 10       		.byte	16
  76 002e 00       		.byte	0
  77 002f 00       		.byte	0
  78 0030 00       		.byte	0
  79 0031 38       		.byte	56
  80 0032 20       		.byte	32
  81 0033 60       		.byte	96
  82 0034 50       		.byte	80
  83 0035 78       		.byte	120
  84 0036 00       		.byte	0
  85 0037 00       		.byte	0
  86 0038 20       		.byte	32
  87 0039 20       		.byte	32
  88 003a 20       		.byte	32
  89 003b 00       		.byte	0
  90 003c 00       		.byte	0
  91 003d 00       		.byte	0
  92 003e 00       		.byte	0
  93 003f 00       		.byte	0
  94 0040 10       		.byte	16
  95 0041 20       		.byte	32
  96 0042 20       		.byte	32
  97 0043 20       		.byte	32
  98 0044 20       		.byte	32
  99 0045 20       		.byte	32
 100 0046 10       		.byte	16
 101 0047 00       		.byte	0
 102 0048 40       		.byte	64
 103 0049 20       		.byte	32
 104 004a 20       		.byte	32
 105 004b 20       		.byte	32
 106 004c 20       		.byte	32
 107 004d 20       		.byte	32
 108 004e 40       		.byte	64
 109 004f 00       		.byte	0
 110 0050 20       		.byte	32
 111 0051 70       		.byte	112
 112 0052 20       		.byte	32
 113 0053 50       		.byte	80
 114 0054 00       		.byte	0
 115 0055 00       		.byte	0
 116 0056 00       		.byte	0
 117 0057 00       		.byte	0
 118 0058 00       		.byte	0
ARM GAS  /tmp/cchNO77r.s 			page 3


 119 0059 20       		.byte	32
 120 005a 20       		.byte	32
 121 005b F8       		.byte	-8
 122 005c 20       		.byte	32
 123 005d 20       		.byte	32
 124 005e 00       		.byte	0
 125 005f 00       		.byte	0
 126 0060 00       		.byte	0
 127 0061 00       		.byte	0
 128 0062 00       		.byte	0
 129 0063 00       		.byte	0
 130 0064 10       		.byte	16
 131 0065 20       		.byte	32
 132 0066 20       		.byte	32
 133 0067 00       		.byte	0
 134 0068 00       		.byte	0
 135 0069 00       		.byte	0
 136 006a 00       		.byte	0
 137 006b 70       		.byte	112
 138 006c 00       		.byte	0
 139 006d 00       		.byte	0
 140 006e 00       		.byte	0
 141 006f 00       		.byte	0
 142 0070 00       		.byte	0
 143 0071 00       		.byte	0
 144 0072 00       		.byte	0
 145 0073 00       		.byte	0
 146 0074 00       		.byte	0
 147 0075 20       		.byte	32
 148 0076 00       		.byte	0
 149 0077 00       		.byte	0
 150 0078 10       		.byte	16
 151 0079 20       		.byte	32
 152 007a 20       		.byte	32
 153 007b 20       		.byte	32
 154 007c 40       		.byte	64
 155 007d 40       		.byte	64
 156 007e 80       		.byte	-128
 157 007f 00       		.byte	0
 158 0080 20       		.byte	32
 159 0081 50       		.byte	80
 160 0082 50       		.byte	80
 161 0083 50       		.byte	80
 162 0084 50       		.byte	80
 163 0085 20       		.byte	32
 164 0086 00       		.byte	0
 165 0087 00       		.byte	0
 166 0088 60       		.byte	96
 167 0089 20       		.byte	32
 168 008a 20       		.byte	32
 169 008b 20       		.byte	32
 170 008c 20       		.byte	32
 171 008d F8       		.byte	-8
 172 008e 00       		.byte	0
 173 008f 00       		.byte	0
 174 0090 20       		.byte	32
 175 0091 50       		.byte	80
ARM GAS  /tmp/cchNO77r.s 			page 4


 176 0092 20       		.byte	32
 177 0093 20       		.byte	32
 178 0094 40       		.byte	64
 179 0095 70       		.byte	112
 180 0096 00       		.byte	0
 181 0097 00       		.byte	0
 182 0098 20       		.byte	32
 183 0099 50       		.byte	80
 184 009a 10       		.byte	16
 185 009b 20       		.byte	32
 186 009c 10       		.byte	16
 187 009d 60       		.byte	96
 188 009e 00       		.byte	0
 189 009f 00       		.byte	0
 190 00a0 10       		.byte	16
 191 00a1 30       		.byte	48
 192 00a2 50       		.byte	80
 193 00a3 78       		.byte	120
 194 00a4 10       		.byte	16
 195 00a5 38       		.byte	56
 196 00a6 00       		.byte	0
 197 00a7 00       		.byte	0
 198 00a8 70       		.byte	112
 199 00a9 40       		.byte	64
 200 00aa 60       		.byte	96
 201 00ab 10       		.byte	16
 202 00ac 50       		.byte	80
 203 00ad 20       		.byte	32
 204 00ae 00       		.byte	0
 205 00af 00       		.byte	0
 206 00b0 30       		.byte	48
 207 00b1 40       		.byte	64
 208 00b2 60       		.byte	96
 209 00b3 50       		.byte	80
 210 00b4 50       		.byte	80
 211 00b5 60       		.byte	96
 212 00b6 00       		.byte	0
 213 00b7 00       		.byte	0
 214 00b8 70       		.byte	112
 215 00b9 50       		.byte	80
 216 00ba 10       		.byte	16
 217 00bb 20       		.byte	32
 218 00bc 20       		.byte	32
 219 00bd 20       		.byte	32
 220 00be 00       		.byte	0
 221 00bf 00       		.byte	0
 222 00c0 20       		.byte	32
 223 00c1 50       		.byte	80
 224 00c2 20       		.byte	32
 225 00c3 50       		.byte	80
 226 00c4 50       		.byte	80
 227 00c5 20       		.byte	32
 228 00c6 00       		.byte	0
 229 00c7 00       		.byte	0
 230 00c8 30       		.byte	48
 231 00c9 50       		.byte	80
 232 00ca 50       		.byte	80
ARM GAS  /tmp/cchNO77r.s 			page 5


 233 00cb 30       		.byte	48
 234 00cc 10       		.byte	16
 235 00cd 60       		.byte	96
 236 00ce 00       		.byte	0
 237 00cf 00       		.byte	0
 238 00d0 00       		.byte	0
 239 00d1 00       		.byte	0
 240 00d2 20       		.byte	32
 241 00d3 00       		.byte	0
 242 00d4 00       		.byte	0
 243 00d5 20       		.byte	32
 244 00d6 00       		.byte	0
 245 00d7 00       		.byte	0
 246 00d8 00       		.byte	0
 247 00d9 00       		.byte	0
 248 00da 10       		.byte	16
 249 00db 00       		.byte	0
 250 00dc 10       		.byte	16
 251 00dd 20       		.byte	32
 252 00de 00       		.byte	0
 253 00df 00       		.byte	0
 254 00e0 00       		.byte	0
 255 00e1 10       		.byte	16
 256 00e2 20       		.byte	32
 257 00e3 C0       		.byte	-64
 258 00e4 20       		.byte	32
 259 00e5 10       		.byte	16
 260 00e6 00       		.byte	0
 261 00e7 00       		.byte	0
 262 00e8 00       		.byte	0
 263 00e9 70       		.byte	112
 264 00ea 00       		.byte	0
 265 00eb 70       		.byte	112
 266 00ec 00       		.byte	0
 267 00ed 00       		.byte	0
 268 00ee 00       		.byte	0
 269 00ef 00       		.byte	0
 270 00f0 00       		.byte	0
 271 00f1 40       		.byte	64
 272 00f2 20       		.byte	32
 273 00f3 18       		.byte	24
 274 00f4 20       		.byte	32
 275 00f5 40       		.byte	64
 276 00f6 00       		.byte	0
 277 00f7 00       		.byte	0
 278 00f8 20       		.byte	32
 279 00f9 50       		.byte	80
 280 00fa 10       		.byte	16
 281 00fb 20       		.byte	32
 282 00fc 00       		.byte	0
 283 00fd 20       		.byte	32
 284 00fe 00       		.byte	0
 285 00ff 00       		.byte	0
 286 0100 30       		.byte	48
 287 0101 48       		.byte	72
 288 0102 48       		.byte	72
 289 0103 58       		.byte	88
ARM GAS  /tmp/cchNO77r.s 			page 6


 290 0104 48       		.byte	72
 291 0105 40       		.byte	64
 292 0106 38       		.byte	56
 293 0107 00       		.byte	0
 294 0108 60       		.byte	96
 295 0109 20       		.byte	32
 296 010a 50       		.byte	80
 297 010b 70       		.byte	112
 298 010c 88       		.byte	-120
 299 010d D8       		.byte	-40
 300 010e 00       		.byte	0
 301 010f 00       		.byte	0
 302 0110 F0       		.byte	-16
 303 0111 48       		.byte	72
 304 0112 70       		.byte	112
 305 0113 48       		.byte	72
 306 0114 48       		.byte	72
 307 0115 F0       		.byte	-16
 308 0116 00       		.byte	0
 309 0117 00       		.byte	0
 310 0118 70       		.byte	112
 311 0119 50       		.byte	80
 312 011a 40       		.byte	64
 313 011b 40       		.byte	64
 314 011c 40       		.byte	64
 315 011d 30       		.byte	48
 316 011e 00       		.byte	0
 317 011f 00       		.byte	0
 318 0120 F0       		.byte	-16
 319 0121 48       		.byte	72
 320 0122 48       		.byte	72
 321 0123 48       		.byte	72
 322 0124 48       		.byte	72
 323 0125 F0       		.byte	-16
 324 0126 00       		.byte	0
 325 0127 00       		.byte	0
 326 0128 F8       		.byte	-8
 327 0129 48       		.byte	72
 328 012a 60       		.byte	96
 329 012b 40       		.byte	64
 330 012c 48       		.byte	72
 331 012d F8       		.byte	-8
 332 012e 00       		.byte	0
 333 012f 00       		.byte	0
 334 0130 F8       		.byte	-8
 335 0131 48       		.byte	72
 336 0132 60       		.byte	96
 337 0133 40       		.byte	64
 338 0134 40       		.byte	64
 339 0135 E0       		.byte	-32
 340 0136 00       		.byte	0
 341 0137 00       		.byte	0
 342 0138 70       		.byte	112
 343 0139 40       		.byte	64
 344 013a 40       		.byte	64
 345 013b 58       		.byte	88
 346 013c 50       		.byte	80
ARM GAS  /tmp/cchNO77r.s 			page 7


 347 013d 30       		.byte	48
 348 013e 00       		.byte	0
 349 013f 00       		.byte	0
 350 0140 E8       		.byte	-24
 351 0141 48       		.byte	72
 352 0142 78       		.byte	120
 353 0143 48       		.byte	72
 354 0144 48       		.byte	72
 355 0145 E8       		.byte	-24
 356 0146 00       		.byte	0
 357 0147 00       		.byte	0
 358 0148 70       		.byte	112
 359 0149 20       		.byte	32
 360 014a 20       		.byte	32
 361 014b 20       		.byte	32
 362 014c 20       		.byte	32
 363 014d 70       		.byte	112
 364 014e 00       		.byte	0
 365 014f 00       		.byte	0
 366 0150 38       		.byte	56
 367 0151 10       		.byte	16
 368 0152 10       		.byte	16
 369 0153 50       		.byte	80
 370 0154 50       		.byte	80
 371 0155 20       		.byte	32
 372 0156 00       		.byte	0
 373 0157 00       		.byte	0
 374 0158 D8       		.byte	-40
 375 0159 50       		.byte	80
 376 015a 60       		.byte	96
 377 015b 70       		.byte	112
 378 015c 50       		.byte	80
 379 015d D8       		.byte	-40
 380 015e 00       		.byte	0
 381 015f 00       		.byte	0
 382 0160 E0       		.byte	-32
 383 0161 40       		.byte	64
 384 0162 40       		.byte	64
 385 0163 40       		.byte	64
 386 0164 48       		.byte	72
 387 0165 F8       		.byte	-8
 388 0166 00       		.byte	0
 389 0167 00       		.byte	0
 390 0168 D8       		.byte	-40
 391 0169 D8       		.byte	-40
 392 016a D8       		.byte	-40
 393 016b A8       		.byte	-88
 394 016c 88       		.byte	-120
 395 016d D8       		.byte	-40
 396 016e 00       		.byte	0
 397 016f 00       		.byte	0
 398 0170 D8       		.byte	-40
 399 0171 68       		.byte	104
 400 0172 68       		.byte	104
 401 0173 58       		.byte	88
 402 0174 58       		.byte	88
 403 0175 E8       		.byte	-24
ARM GAS  /tmp/cchNO77r.s 			page 8


 404 0176 00       		.byte	0
 405 0177 00       		.byte	0
 406 0178 30       		.byte	48
 407 0179 48       		.byte	72
 408 017a 48       		.byte	72
 409 017b 48       		.byte	72
 410 017c 48       		.byte	72
 411 017d 30       		.byte	48
 412 017e 00       		.byte	0
 413 017f 00       		.byte	0
 414 0180 F0       		.byte	-16
 415 0181 48       		.byte	72
 416 0182 48       		.byte	72
 417 0183 70       		.byte	112
 418 0184 40       		.byte	64
 419 0185 E0       		.byte	-32
 420 0186 00       		.byte	0
 421 0187 00       		.byte	0
 422 0188 30       		.byte	48
 423 0189 48       		.byte	72
 424 018a 48       		.byte	72
 425 018b 48       		.byte	72
 426 018c 48       		.byte	72
 427 018d 30       		.byte	48
 428 018e 18       		.byte	24
 429 018f 00       		.byte	0
 430 0190 F0       		.byte	-16
 431 0191 48       		.byte	72
 432 0192 48       		.byte	72
 433 0193 70       		.byte	112
 434 0194 48       		.byte	72
 435 0195 E8       		.byte	-24
 436 0196 00       		.byte	0
 437 0197 00       		.byte	0
 438 0198 70       		.byte	112
 439 0199 50       		.byte	80
 440 019a 20       		.byte	32
 441 019b 10       		.byte	16
 442 019c 50       		.byte	80
 443 019d 70       		.byte	112
 444 019e 00       		.byte	0
 445 019f 00       		.byte	0
 446 01a0 F8       		.byte	-8
 447 01a1 A8       		.byte	-88
 448 01a2 20       		.byte	32
 449 01a3 20       		.byte	32
 450 01a4 20       		.byte	32
 451 01a5 70       		.byte	112
 452 01a6 00       		.byte	0
 453 01a7 00       		.byte	0
 454 01a8 D8       		.byte	-40
 455 01a9 48       		.byte	72
 456 01aa 48       		.byte	72
 457 01ab 48       		.byte	72
 458 01ac 48       		.byte	72
 459 01ad 30       		.byte	48
 460 01ae 00       		.byte	0
ARM GAS  /tmp/cchNO77r.s 			page 9


 461 01af 00       		.byte	0
 462 01b0 D8       		.byte	-40
 463 01b1 88       		.byte	-120
 464 01b2 48       		.byte	72
 465 01b3 50       		.byte	80
 466 01b4 50       		.byte	80
 467 01b5 30       		.byte	48
 468 01b6 00       		.byte	0
 469 01b7 00       		.byte	0
 470 01b8 D8       		.byte	-40
 471 01b9 88       		.byte	-120
 472 01ba A8       		.byte	-88
 473 01bb A8       		.byte	-88
 474 01bc A8       		.byte	-88
 475 01bd 50       		.byte	80
 476 01be 00       		.byte	0
 477 01bf 00       		.byte	0
 478 01c0 D8       		.byte	-40
 479 01c1 50       		.byte	80
 480 01c2 20       		.byte	32
 481 01c3 20       		.byte	32
 482 01c4 50       		.byte	80
 483 01c5 D8       		.byte	-40
 484 01c6 00       		.byte	0
 485 01c7 00       		.byte	0
 486 01c8 D8       		.byte	-40
 487 01c9 88       		.byte	-120
 488 01ca 50       		.byte	80
 489 01cb 20       		.byte	32
 490 01cc 20       		.byte	32
 491 01cd 70       		.byte	112
 492 01ce 00       		.byte	0
 493 01cf 00       		.byte	0
 494 01d0 78       		.byte	120
 495 01d1 48       		.byte	72
 496 01d2 10       		.byte	16
 497 01d3 20       		.byte	32
 498 01d4 48       		.byte	72
 499 01d5 78       		.byte	120
 500 01d6 00       		.byte	0
 501 01d7 00       		.byte	0
 502 01d8 30       		.byte	48
 503 01d9 20       		.byte	32
 504 01da 20       		.byte	32
 505 01db 20       		.byte	32
 506 01dc 20       		.byte	32
 507 01dd 20       		.byte	32
 508 01de 30       		.byte	48
 509 01df 00       		.byte	0
 510 01e0 80       		.byte	-128
 511 01e1 40       		.byte	64
 512 01e2 40       		.byte	64
 513 01e3 20       		.byte	32
 514 01e4 20       		.byte	32
 515 01e5 20       		.byte	32
 516 01e6 10       		.byte	16
 517 01e7 00       		.byte	0
ARM GAS  /tmp/cchNO77r.s 			page 10


 518 01e8 60       		.byte	96
 519 01e9 20       		.byte	32
 520 01ea 20       		.byte	32
 521 01eb 20       		.byte	32
 522 01ec 20       		.byte	32
 523 01ed 20       		.byte	32
 524 01ee 60       		.byte	96
 525 01ef 00       		.byte	0
 526 01f0 20       		.byte	32
 527 01f1 20       		.byte	32
 528 01f2 50       		.byte	80
 529 01f3 00       		.byte	0
 530 01f4 00       		.byte	0
 531 01f5 00       		.byte	0
 532 01f6 00       		.byte	0
 533 01f7 00       		.byte	0
 534 01f8 00       		.byte	0
 535 01f9 00       		.byte	0
 536 01fa 00       		.byte	0
 537 01fb 00       		.byte	0
 538 01fc 00       		.byte	0
 539 01fd 00       		.byte	0
 540 01fe 00       		.byte	0
 541 01ff F8       		.byte	-8
 542 0200 20       		.byte	32
 543 0201 10       		.byte	16
 544 0202 00       		.byte	0
 545 0203 00       		.byte	0
 546 0204 00       		.byte	0
 547 0205 00       		.byte	0
 548 0206 00       		.byte	0
 549 0207 00       		.byte	0
 550 0208 00       		.byte	0
 551 0209 00       		.byte	0
 552 020a 30       		.byte	48
 553 020b 10       		.byte	16
 554 020c 70       		.byte	112
 555 020d 78       		.byte	120
 556 020e 00       		.byte	0
 557 020f 00       		.byte	0
 558 0210 C0       		.byte	-64
 559 0211 40       		.byte	64
 560 0212 70       		.byte	112
 561 0213 48       		.byte	72
 562 0214 48       		.byte	72
 563 0215 F0       		.byte	-16
 564 0216 00       		.byte	0
 565 0217 00       		.byte	0
 566 0218 00       		.byte	0
 567 0219 00       		.byte	0
 568 021a 70       		.byte	112
 569 021b 40       		.byte	64
 570 021c 40       		.byte	64
 571 021d 70       		.byte	112
 572 021e 00       		.byte	0
 573 021f 00       		.byte	0
 574 0220 18       		.byte	24
ARM GAS  /tmp/cchNO77r.s 			page 11


 575 0221 08       		.byte	8
 576 0222 38       		.byte	56
 577 0223 48       		.byte	72
 578 0224 48       		.byte	72
 579 0225 38       		.byte	56
 580 0226 00       		.byte	0
 581 0227 00       		.byte	0
 582 0228 00       		.byte	0
 583 0229 00       		.byte	0
 584 022a 70       		.byte	112
 585 022b 70       		.byte	112
 586 022c 40       		.byte	64
 587 022d 30       		.byte	48
 588 022e 00       		.byte	0
 589 022f 00       		.byte	0
 590 0230 10       		.byte	16
 591 0231 20       		.byte	32
 592 0232 70       		.byte	112
 593 0233 20       		.byte	32
 594 0234 20       		.byte	32
 595 0235 70       		.byte	112
 596 0236 00       		.byte	0
 597 0237 00       		.byte	0
 598 0238 00       		.byte	0
 599 0239 00       		.byte	0
 600 023a 38       		.byte	56
 601 023b 48       		.byte	72
 602 023c 48       		.byte	72
 603 023d 38       		.byte	56
 604 023e 08       		.byte	8
 605 023f 30       		.byte	48
 606 0240 C0       		.byte	-64
 607 0241 40       		.byte	64
 608 0242 70       		.byte	112
 609 0243 48       		.byte	72
 610 0244 48       		.byte	72
 611 0245 E8       		.byte	-24
 612 0246 00       		.byte	0
 613 0247 00       		.byte	0
 614 0248 20       		.byte	32
 615 0249 00       		.byte	0
 616 024a 60       		.byte	96
 617 024b 20       		.byte	32
 618 024c 20       		.byte	32
 619 024d 70       		.byte	112
 620 024e 00       		.byte	0
 621 024f 00       		.byte	0
 622 0250 20       		.byte	32
 623 0251 00       		.byte	0
 624 0252 70       		.byte	112
 625 0253 10       		.byte	16
 626 0254 10       		.byte	16
 627 0255 10       		.byte	16
 628 0256 10       		.byte	16
 629 0257 70       		.byte	112
 630 0258 C0       		.byte	-64
 631 0259 40       		.byte	64
ARM GAS  /tmp/cchNO77r.s 			page 12


 632 025a 58       		.byte	88
 633 025b 70       		.byte	112
 634 025c 50       		.byte	80
 635 025d D8       		.byte	-40
 636 025e 00       		.byte	0
 637 025f 00       		.byte	0
 638 0260 60       		.byte	96
 639 0261 20       		.byte	32
 640 0262 20       		.byte	32
 641 0263 20       		.byte	32
 642 0264 20       		.byte	32
 643 0265 70       		.byte	112
 644 0266 00       		.byte	0
 645 0267 00       		.byte	0
 646 0268 00       		.byte	0
 647 0269 00       		.byte	0
 648 026a D0       		.byte	-48
 649 026b A8       		.byte	-88
 650 026c A8       		.byte	-88
 651 026d A8       		.byte	-88
 652 026e 00       		.byte	0
 653 026f 00       		.byte	0
 654 0270 00       		.byte	0
 655 0271 00       		.byte	0
 656 0272 F0       		.byte	-16
 657 0273 48       		.byte	72
 658 0274 48       		.byte	72
 659 0275 C8       		.byte	-56
 660 0276 00       		.byte	0
 661 0277 00       		.byte	0
 662 0278 00       		.byte	0
 663 0279 00       		.byte	0
 664 027a 30       		.byte	48
 665 027b 48       		.byte	72
 666 027c 48       		.byte	72
 667 027d 30       		.byte	48
 668 027e 00       		.byte	0
 669 027f 00       		.byte	0
 670 0280 00       		.byte	0
 671 0281 00       		.byte	0
 672 0282 F0       		.byte	-16
 673 0283 48       		.byte	72
 674 0284 48       		.byte	72
 675 0285 70       		.byte	112
 676 0286 40       		.byte	64
 677 0287 E0       		.byte	-32
 678 0288 00       		.byte	0
 679 0289 00       		.byte	0
 680 028a 38       		.byte	56
 681 028b 48       		.byte	72
 682 028c 48       		.byte	72
 683 028d 38       		.byte	56
 684 028e 08       		.byte	8
 685 028f 18       		.byte	24
 686 0290 00       		.byte	0
 687 0291 00       		.byte	0
 688 0292 78       		.byte	120
ARM GAS  /tmp/cchNO77r.s 			page 13


 689 0293 20       		.byte	32
 690 0294 20       		.byte	32
 691 0295 70       		.byte	112
 692 0296 00       		.byte	0
 693 0297 00       		.byte	0
 694 0298 00       		.byte	0
 695 0299 00       		.byte	0
 696 029a 30       		.byte	48
 697 029b 20       		.byte	32
 698 029c 10       		.byte	16
 699 029d 60       		.byte	96
 700 029e 00       		.byte	0
 701 029f 00       		.byte	0
 702 02a0 00       		.byte	0
 703 02a1 40       		.byte	64
 704 02a2 F0       		.byte	-16
 705 02a3 40       		.byte	64
 706 02a4 48       		.byte	72
 707 02a5 30       		.byte	48
 708 02a6 00       		.byte	0
 709 02a7 00       		.byte	0
 710 02a8 00       		.byte	0
 711 02a9 00       		.byte	0
 712 02aa D8       		.byte	-40
 713 02ab 48       		.byte	72
 714 02ac 48       		.byte	72
 715 02ad 38       		.byte	56
 716 02ae 00       		.byte	0
 717 02af 00       		.byte	0
 718 02b0 00       		.byte	0
 719 02b1 00       		.byte	0
 720 02b2 C8       		.byte	-56
 721 02b3 48       		.byte	72
 722 02b4 30       		.byte	48
 723 02b5 30       		.byte	48
 724 02b6 00       		.byte	0
 725 02b7 00       		.byte	0
 726 02b8 00       		.byte	0
 727 02b9 00       		.byte	0
 728 02ba D8       		.byte	-40
 729 02bb A8       		.byte	-88
 730 02bc A8       		.byte	-88
 731 02bd 50       		.byte	80
 732 02be 00       		.byte	0
 733 02bf 00       		.byte	0
 734 02c0 00       		.byte	0
 735 02c1 00       		.byte	0
 736 02c2 48       		.byte	72
 737 02c3 30       		.byte	48
 738 02c4 30       		.byte	48
 739 02c5 48       		.byte	72
 740 02c6 00       		.byte	0
 741 02c7 00       		.byte	0
 742 02c8 00       		.byte	0
 743 02c9 00       		.byte	0
 744 02ca D8       		.byte	-40
 745 02cb 50       		.byte	80
ARM GAS  /tmp/cchNO77r.s 			page 14


 746 02cc 50       		.byte	80
 747 02cd 20       		.byte	32
 748 02ce 20       		.byte	32
 749 02cf 60       		.byte	96
 750 02d0 00       		.byte	0
 751 02d1 00       		.byte	0
 752 02d2 78       		.byte	120
 753 02d3 50       		.byte	80
 754 02d4 28       		.byte	40
 755 02d5 78       		.byte	120
 756 02d6 00       		.byte	0
 757 02d7 00       		.byte	0
 758 02d8 10       		.byte	16
 759 02d9 20       		.byte	32
 760 02da 20       		.byte	32
 761 02db 60       		.byte	96
 762 02dc 20       		.byte	32
 763 02dd 20       		.byte	32
 764 02de 10       		.byte	16
 765 02df 00       		.byte	0
 766 02e0 20       		.byte	32
 767 02e1 20       		.byte	32
 768 02e2 20       		.byte	32
 769 02e3 20       		.byte	32
 770 02e4 20       		.byte	32
 771 02e5 20       		.byte	32
 772 02e6 20       		.byte	32
 773 02e7 00       		.byte	0
 774 02e8 40       		.byte	64
 775 02e9 20       		.byte	32
 776 02ea 20       		.byte	32
 777 02eb 30       		.byte	48
 778 02ec 20       		.byte	32
 779 02ed 20       		.byte	32
 780 02ee 40       		.byte	64
 781 02ef 00       		.byte	0
 782 02f0 00       		.byte	0
 783 02f1 00       		.byte	0
 784 02f2 00       		.byte	0
 785 02f3 28       		.byte	40
 786 02f4 50       		.byte	80
 787 02f5 00       		.byte	0
 788 02f6 00       		.byte	0
 789 02f7 00       		.byte	0
 790              		.text
 791              	.Letext0:
 792              		.file 1 "/usr/lib/gcc/arm-none-eabi/8.3.1/include/stdint.h"
 793              		.file 2 "Drivers/display_ILI-93xx_sm/Fonts/fonts.h"
 794              		.file 3 "Drivers/display_ILI-93xx_sm/Fonts/font8.c"
ARM GAS  /tmp/cchNO77r.s 			page 15


DEFINED SYMBOLS
                            *ABS*:0000000000000000 font8.c
     /tmp/cchNO77r.s:21     .data.Font8:0000000000000000 Font8
     /tmp/cchNO77r.s:29     .rodata.Font8_Table:0000000000000000 Font8_Table
     /tmp/cchNO77r.s:18     .data.Font8:0000000000000000 $d
     /tmp/cchNO77r.s:26     .rodata.Font8_Table:0000000000000000 $d

NO UNDEFINED SYMBOLS
