ARM GAS  /tmp/ccs14F2n.s 			page 1


   1              		.cpu cortex-m3
   2              		.eabi_attribute 20, 1
   3              		.eabi_attribute 21, 1
   4              		.eabi_attribute 23, 3
   5              		.eabi_attribute 24, 1
   6              		.eabi_attribute 25, 1
   7              		.eabi_attribute 26, 1
   8              		.eabi_attribute 30, 1
   9              		.eabi_attribute 34, 1
  10              		.eabi_attribute 18, 4
  11              		.file	"gpio.c"
  12              		.text
  13              	.Ltext0:
  14              		.cfi_sections	.debug_frame
  15              		.section	.text.MX_GPIO_Init,"ax",%progbits
  16              		.align	1
  17              		.global	MX_GPIO_Init
  18              		.arch armv7-m
  19              		.syntax unified
  20              		.thumb
  21              		.thumb_func
  22              		.fpu softvfp
  24              	MX_GPIO_Init:
  25              	.LFB65:
  26              		.file 1 "Src/gpio.c"
   1:Src/gpio.c    **** /* USER CODE BEGIN Header */
   2:Src/gpio.c    **** /**
   3:Src/gpio.c    ****   ******************************************************************************
   4:Src/gpio.c    ****   * @file    gpio.c
   5:Src/gpio.c    ****   * @brief   This file provides code for the configuration
   6:Src/gpio.c    ****   *          of all used GPIO pins.
   7:Src/gpio.c    ****   ******************************************************************************
   8:Src/gpio.c    ****   * @attention
   9:Src/gpio.c    ****   *
  10:Src/gpio.c    ****   * Copyright (c) 2022 STMicroelectronics.
  11:Src/gpio.c    ****   * All rights reserved.
  12:Src/gpio.c    ****   *
  13:Src/gpio.c    ****   * This software is licensed under terms that can be found in the LICENSE file
  14:Src/gpio.c    ****   * in the root directory of this software component.
  15:Src/gpio.c    ****   * If no LICENSE file comes with this software, it is provided AS-IS.
  16:Src/gpio.c    ****   *
  17:Src/gpio.c    ****   ******************************************************************************
  18:Src/gpio.c    ****   */
  19:Src/gpio.c    **** /* USER CODE END Header */
  20:Src/gpio.c    **** 
  21:Src/gpio.c    **** /* Includes ------------------------------------------------------------------*/
  22:Src/gpio.c    **** #include "gpio.h"
  23:Src/gpio.c    **** 
  24:Src/gpio.c    **** /* USER CODE BEGIN 0 */
  25:Src/gpio.c    **** 
  26:Src/gpio.c    **** /* USER CODE END 0 */
  27:Src/gpio.c    **** 
  28:Src/gpio.c    **** /*----------------------------------------------------------------------------*/
  29:Src/gpio.c    **** /* Configure GPIO                                                             */
  30:Src/gpio.c    **** /*----------------------------------------------------------------------------*/
  31:Src/gpio.c    **** /* USER CODE BEGIN 1 */
  32:Src/gpio.c    **** 
ARM GAS  /tmp/ccs14F2n.s 			page 2


  33:Src/gpio.c    **** /* USER CODE END 1 */
  34:Src/gpio.c    **** 
  35:Src/gpio.c    **** /** Configure pins as
  36:Src/gpio.c    ****         * Analog
  37:Src/gpio.c    ****         * Input
  38:Src/gpio.c    ****         * Output
  39:Src/gpio.c    ****         * EVENT_OUT
  40:Src/gpio.c    ****         * EXTI
  41:Src/gpio.c    ****         * Free pins are configured automatically as Analog (this feature is enabled through
  42:Src/gpio.c    ****         * the Code Generation settings)
  43:Src/gpio.c    **** */
  44:Src/gpio.c    **** void MX_GPIO_Init(void)
  45:Src/gpio.c    **** {
  27              		.loc 1 45 1 view -0
  28              		.cfi_startproc
  29              		@ args = 0, pretend = 0, frame = 32
  30              		@ frame_needed = 0, uses_anonymous_args = 0
  31 0000 10B5     		push	{r4, lr}
  32              	.LCFI0:
  33              		.cfi_def_cfa_offset 8
  34              		.cfi_offset 4, -8
  35              		.cfi_offset 14, -4
  36 0002 88B0     		sub	sp, sp, #32
  37              	.LCFI1:
  38              		.cfi_def_cfa_offset 40
  46:Src/gpio.c    **** 
  47:Src/gpio.c    ****   GPIO_InitTypeDef GPIO_InitStruct = {0};
  39              		.loc 1 47 3 view .LVU1
  40              		.loc 1 47 20 is_stmt 0 view .LVU2
  41 0004 0023     		movs	r3, #0
  42 0006 0693     		str	r3, [sp, #24]
  43 0008 0793     		str	r3, [sp, #28]
  48:Src/gpio.c    **** 
  49:Src/gpio.c    ****   /* GPIO Ports Clock Enable */
  50:Src/gpio.c    ****   __HAL_RCC_GPIOC_CLK_ENABLE();
  44              		.loc 1 50 3 is_stmt 1 view .LVU3
  45              	.LBB2:
  46              		.loc 1 50 3 view .LVU4
  47              		.loc 1 50 3 view .LVU5
  48 000a 03F18043 		add	r3, r3, #1073741824
  49 000e 03F50433 		add	r3, r3, #135168
  50 0012 9A69     		ldr	r2, [r3, #24]
  51 0014 42F01002 		orr	r2, r2, #16
  52 0018 9A61     		str	r2, [r3, #24]
  53              		.loc 1 50 3 view .LVU6
  54 001a 9A69     		ldr	r2, [r3, #24]
  55 001c 02F01002 		and	r2, r2, #16
  56 0020 0092     		str	r2, [sp]
  57              		.loc 1 50 3 view .LVU7
  58 0022 009A     		ldr	r2, [sp]
  59              	.LBE2:
  51:Src/gpio.c    ****   __HAL_RCC_GPIOD_CLK_ENABLE();
  60              		.loc 1 51 3 view .LVU8
  61              	.LBB3:
  62              		.loc 1 51 3 view .LVU9
  63              		.loc 1 51 3 view .LVU10
  64 0024 9A69     		ldr	r2, [r3, #24]
ARM GAS  /tmp/ccs14F2n.s 			page 3


  65 0026 42F02002 		orr	r2, r2, #32
  66 002a 9A61     		str	r2, [r3, #24]
  67              		.loc 1 51 3 view .LVU11
  68 002c 9A69     		ldr	r2, [r3, #24]
  69 002e 02F02002 		and	r2, r2, #32
  70 0032 0192     		str	r2, [sp, #4]
  71              		.loc 1 51 3 view .LVU12
  72 0034 019A     		ldr	r2, [sp, #4]
  73              	.LBE3:
  52:Src/gpio.c    ****   __HAL_RCC_GPIOA_CLK_ENABLE();
  74              		.loc 1 52 3 view .LVU13
  75              	.LBB4:
  76              		.loc 1 52 3 view .LVU14
  77              		.loc 1 52 3 view .LVU15
  78 0036 9A69     		ldr	r2, [r3, #24]
  79 0038 42F00402 		orr	r2, r2, #4
  80 003c 9A61     		str	r2, [r3, #24]
  81              		.loc 1 52 3 view .LVU16
  82 003e 9A69     		ldr	r2, [r3, #24]
  83 0040 02F00402 		and	r2, r2, #4
  84 0044 0292     		str	r2, [sp, #8]
  85              		.loc 1 52 3 view .LVU17
  86 0046 029A     		ldr	r2, [sp, #8]
  87              	.LBE4:
  53:Src/gpio.c    ****   __HAL_RCC_GPIOB_CLK_ENABLE();
  88              		.loc 1 53 3 view .LVU18
  89              	.LBB5:
  90              		.loc 1 53 3 view .LVU19
  91              		.loc 1 53 3 view .LVU20
  92 0048 9A69     		ldr	r2, [r3, #24]
  93 004a 42F00802 		orr	r2, r2, #8
  94 004e 9A61     		str	r2, [r3, #24]
  95              		.loc 1 53 3 view .LVU21
  96 0050 9B69     		ldr	r3, [r3, #24]
  97 0052 03F00803 		and	r3, r3, #8
  98 0056 0393     		str	r3, [sp, #12]
  99              		.loc 1 53 3 view .LVU22
 100 0058 039B     		ldr	r3, [sp, #12]
 101              	.LBE5:
  54:Src/gpio.c    **** 
  55:Src/gpio.c    ****   /*Configure GPIO pins : PC13 PC14 PC15 */
  56:Src/gpio.c    ****   GPIO_InitStruct.Pin = GPIO_PIN_13|GPIO_PIN_14|GPIO_PIN_15;
 102              		.loc 1 56 3 view .LVU23
 103              		.loc 1 56 23 is_stmt 0 view .LVU24
 104 005a 4FF46043 		mov	r3, #57344
 105 005e 0493     		str	r3, [sp, #16]
  57:Src/gpio.c    ****   GPIO_InitStruct.Mode = GPIO_MODE_ANALOG;
 106              		.loc 1 57 3 is_stmt 1 view .LVU25
 107              		.loc 1 57 24 is_stmt 0 view .LVU26
 108 0060 0324     		movs	r4, #3
 109 0062 0594     		str	r4, [sp, #20]
  58:Src/gpio.c    ****   HAL_GPIO_Init(GPIOC, &GPIO_InitStruct);
 110              		.loc 1 58 3 is_stmt 1 view .LVU27
 111 0064 04A9     		add	r1, sp, #16
 112 0066 0A48     		ldr	r0, .L3
 113 0068 FFF7FEFF 		bl	HAL_GPIO_Init
 114              	.LVL0:
ARM GAS  /tmp/ccs14F2n.s 			page 4


  59:Src/gpio.c    **** 
  60:Src/gpio.c    ****   /*Configure GPIO pins : PA0 PA1 PA4 PA5
  61:Src/gpio.c    ****                            PA6 PA7 PA8 PA9
  62:Src/gpio.c    ****                            PA10 PA11 PA12 PA15 */
  63:Src/gpio.c    ****   GPIO_InitStruct.Pin = GPIO_PIN_0|GPIO_PIN_1|GPIO_PIN_4|GPIO_PIN_5
 115              		.loc 1 63 3 view .LVU28
 116              		.loc 1 63 23 is_stmt 0 view .LVU29
 117 006c 49F6F373 		movw	r3, #40947
 118 0070 0493     		str	r3, [sp, #16]
  64:Src/gpio.c    ****                           |GPIO_PIN_6|GPIO_PIN_7|GPIO_PIN_8|GPIO_PIN_9
  65:Src/gpio.c    ****                           |GPIO_PIN_10|GPIO_PIN_11|GPIO_PIN_12|GPIO_PIN_15;
  66:Src/gpio.c    ****   GPIO_InitStruct.Mode = GPIO_MODE_ANALOG;
 119              		.loc 1 66 3 is_stmt 1 view .LVU30
 120              		.loc 1 66 24 is_stmt 0 view .LVU31
 121 0072 0594     		str	r4, [sp, #20]
  67:Src/gpio.c    ****   HAL_GPIO_Init(GPIOA, &GPIO_InitStruct);
 122              		.loc 1 67 3 is_stmt 1 view .LVU32
 123 0074 04A9     		add	r1, sp, #16
 124 0076 0748     		ldr	r0, .L3+4
 125 0078 FFF7FEFF 		bl	HAL_GPIO_Init
 126              	.LVL1:
  68:Src/gpio.c    **** 
  69:Src/gpio.c    ****   /*Configure GPIO pins : PB0 PB1 PB2 PB10
  70:Src/gpio.c    ****                            PB11 PB12 PB13 PB14
  71:Src/gpio.c    ****                            PB15 PB3 PB4 PB5
  72:Src/gpio.c    ****                            PB6 PB7 PB8 PB9 */
  73:Src/gpio.c    ****   GPIO_InitStruct.Pin = GPIO_PIN_0|GPIO_PIN_1|GPIO_PIN_2|GPIO_PIN_10
 127              		.loc 1 73 3 view .LVU33
 128              		.loc 1 73 23 is_stmt 0 view .LVU34
 129 007c 4FF6FF73 		movw	r3, #65535
 130 0080 0493     		str	r3, [sp, #16]
  74:Src/gpio.c    ****                           |GPIO_PIN_11|GPIO_PIN_12|GPIO_PIN_13|GPIO_PIN_14
  75:Src/gpio.c    ****                           |GPIO_PIN_15|GPIO_PIN_3|GPIO_PIN_4|GPIO_PIN_5
  76:Src/gpio.c    ****                           |GPIO_PIN_6|GPIO_PIN_7|GPIO_PIN_8|GPIO_PIN_9;
  77:Src/gpio.c    ****   GPIO_InitStruct.Mode = GPIO_MODE_ANALOG;
 131              		.loc 1 77 3 is_stmt 1 view .LVU35
 132              		.loc 1 77 24 is_stmt 0 view .LVU36
 133 0082 0594     		str	r4, [sp, #20]
  78:Src/gpio.c    ****   HAL_GPIO_Init(GPIOB, &GPIO_InitStruct);
 134              		.loc 1 78 3 is_stmt 1 view .LVU37
 135 0084 04A9     		add	r1, sp, #16
 136 0086 0448     		ldr	r0, .L3+8
 137 0088 FFF7FEFF 		bl	HAL_GPIO_Init
 138              	.LVL2:
  79:Src/gpio.c    **** 
  80:Src/gpio.c    **** }
 139              		.loc 1 80 1 is_stmt 0 view .LVU38
 140 008c 08B0     		add	sp, sp, #32
 141              	.LCFI2:
 142              		.cfi_def_cfa_offset 8
 143              		@ sp needed
 144 008e 10BD     		pop	{r4, pc}
 145              	.L4:
 146              		.align	2
 147              	.L3:
 148 0090 00100140 		.word	1073811456
 149 0094 00080140 		.word	1073809408
ARM GAS  /tmp/ccs14F2n.s 			page 5


 150 0098 000C0140 		.word	1073810432
 151              		.cfi_endproc
 152              	.LFE65:
 154              		.text
 155              	.Letext0:
 156              		.file 2 "/usr/lib/gcc/arm-none-eabi/8.3.1/include/stdint.h"
 157              		.file 3 "Drivers/CMSIS/Include/core_cm3.h"
 158              		.file 4 "Drivers/CMSIS/Device/ST/STM32F1xx/Include/system_stm32f1xx.h"
 159              		.file 5 "Drivers/CMSIS/Device/ST/STM32F1xx/Include/stm32f103xb.h"
 160              		.file 6 "Drivers/STM32F1xx_HAL_Driver/Inc/stm32f1xx_hal_gpio.h"
 161              		.file 7 "Drivers/STM32F1xx_HAL_Driver/Inc/stm32f1xx_hal.h"
ARM GAS  /tmp/ccs14F2n.s 			page 6


DEFINED SYMBOLS
                            *ABS*:0000000000000000 gpio.c
     /tmp/ccs14F2n.s:16     .text.MX_GPIO_Init:0000000000000000 $t
     /tmp/ccs14F2n.s:24     .text.MX_GPIO_Init:0000000000000000 MX_GPIO_Init
     /tmp/ccs14F2n.s:148    .text.MX_GPIO_Init:0000000000000090 $d

UNDEFINED SYMBOLS
HAL_GPIO_Init
