ARM GAS  /tmp/ccBToWfA.s 			page 1


   1              		.cpu cortex-m3
   2              		.eabi_attribute 20, 1
   3              		.eabi_attribute 21, 1
   4              		.eabi_attribute 23, 3
   5              		.eabi_attribute 24, 1
   6              		.eabi_attribute 25, 1
   7              		.eabi_attribute 26, 1
   8              		.eabi_attribute 30, 1
   9              		.eabi_attribute 34, 1
  10              		.eabi_attribute 18, 4
  11              		.file	"stm32f1xx_hal_gpio_ex.c"
  12              		.text
  13              	.Ltext0:
  14              		.cfi_sections	.debug_frame
  15              		.section	.text.HAL_GPIOEx_ConfigEventout,"ax",%progbits
  16              		.align	1
  17              		.global	HAL_GPIOEx_ConfigEventout
  18              		.arch armv7-m
  19              		.syntax unified
  20              		.thumb
  21              		.thumb_func
  22              		.fpu softvfp
  24              	HAL_GPIOEx_ConfigEventout:
  25              	.LVL0:
  26              	.LFB65:
  27              		.file 1 "Drivers/STM32F1xx_HAL_Driver/Src/stm32f1xx_hal_gpio_ex.c"
   1:Drivers/STM32F1xx_HAL_Driver/Src/stm32f1xx_hal_gpio_ex.c **** /**
   2:Drivers/STM32F1xx_HAL_Driver/Src/stm32f1xx_hal_gpio_ex.c ****   ******************************************************************************
   3:Drivers/STM32F1xx_HAL_Driver/Src/stm32f1xx_hal_gpio_ex.c ****   * @file    stm32f1xx_hal_gpio_ex.c
   4:Drivers/STM32F1xx_HAL_Driver/Src/stm32f1xx_hal_gpio_ex.c ****   * @author  MCD Application Team
   5:Drivers/STM32F1xx_HAL_Driver/Src/stm32f1xx_hal_gpio_ex.c ****   * @brief   GPIO Extension HAL module driver.
   6:Drivers/STM32F1xx_HAL_Driver/Src/stm32f1xx_hal_gpio_ex.c ****   *         This file provides firmware functions to manage the following
   7:Drivers/STM32F1xx_HAL_Driver/Src/stm32f1xx_hal_gpio_ex.c ****   *          functionalities of the General Purpose Input/Output (GPIO) extension peripheral.
   8:Drivers/STM32F1xx_HAL_Driver/Src/stm32f1xx_hal_gpio_ex.c ****   *           + Extended features functions
   9:Drivers/STM32F1xx_HAL_Driver/Src/stm32f1xx_hal_gpio_ex.c ****   *
  10:Drivers/STM32F1xx_HAL_Driver/Src/stm32f1xx_hal_gpio_ex.c ****   @verbatim
  11:Drivers/STM32F1xx_HAL_Driver/Src/stm32f1xx_hal_gpio_ex.c ****   ==============================================================================
  12:Drivers/STM32F1xx_HAL_Driver/Src/stm32f1xx_hal_gpio_ex.c ****                     ##### GPIO Peripheral extension features #####
  13:Drivers/STM32F1xx_HAL_Driver/Src/stm32f1xx_hal_gpio_ex.c ****   ==============================================================================
  14:Drivers/STM32F1xx_HAL_Driver/Src/stm32f1xx_hal_gpio_ex.c ****   [..] GPIO module on STM32F1 family, manage also the AFIO register:
  15:Drivers/STM32F1xx_HAL_Driver/Src/stm32f1xx_hal_gpio_ex.c ****        (+) Possibility to use the EVENTOUT Cortex feature
  16:Drivers/STM32F1xx_HAL_Driver/Src/stm32f1xx_hal_gpio_ex.c **** 
  17:Drivers/STM32F1xx_HAL_Driver/Src/stm32f1xx_hal_gpio_ex.c ****                      ##### How to use this driver #####
  18:Drivers/STM32F1xx_HAL_Driver/Src/stm32f1xx_hal_gpio_ex.c ****   ==============================================================================
  19:Drivers/STM32F1xx_HAL_Driver/Src/stm32f1xx_hal_gpio_ex.c ****   [..] This driver provides functions to use EVENTOUT Cortex feature
  20:Drivers/STM32F1xx_HAL_Driver/Src/stm32f1xx_hal_gpio_ex.c ****     (#) Configure EVENTOUT Cortex feature using the function HAL_GPIOEx_ConfigEventout()
  21:Drivers/STM32F1xx_HAL_Driver/Src/stm32f1xx_hal_gpio_ex.c ****     (#) Activate EVENTOUT Cortex feature using the HAL_GPIOEx_EnableEventout()
  22:Drivers/STM32F1xx_HAL_Driver/Src/stm32f1xx_hal_gpio_ex.c ****     (#) Deactivate EVENTOUT Cortex feature using the HAL_GPIOEx_DisableEventout()
  23:Drivers/STM32F1xx_HAL_Driver/Src/stm32f1xx_hal_gpio_ex.c **** 
  24:Drivers/STM32F1xx_HAL_Driver/Src/stm32f1xx_hal_gpio_ex.c ****   @endverbatim
  25:Drivers/STM32F1xx_HAL_Driver/Src/stm32f1xx_hal_gpio_ex.c ****   ******************************************************************************
  26:Drivers/STM32F1xx_HAL_Driver/Src/stm32f1xx_hal_gpio_ex.c ****   * @attention
  27:Drivers/STM32F1xx_HAL_Driver/Src/stm32f1xx_hal_gpio_ex.c ****   *
  28:Drivers/STM32F1xx_HAL_Driver/Src/stm32f1xx_hal_gpio_ex.c ****   * <h2><center>&copy; Copyright (c) 2016 STMicroelectronics.
  29:Drivers/STM32F1xx_HAL_Driver/Src/stm32f1xx_hal_gpio_ex.c ****   * All rights reserved.</center></h2>
  30:Drivers/STM32F1xx_HAL_Driver/Src/stm32f1xx_hal_gpio_ex.c ****   *
  31:Drivers/STM32F1xx_HAL_Driver/Src/stm32f1xx_hal_gpio_ex.c ****   * This software component is licensed by ST under BSD 3-Clause license,
ARM GAS  /tmp/ccBToWfA.s 			page 2


  32:Drivers/STM32F1xx_HAL_Driver/Src/stm32f1xx_hal_gpio_ex.c ****   * the "License"; You may not use this file except in compliance with the
  33:Drivers/STM32F1xx_HAL_Driver/Src/stm32f1xx_hal_gpio_ex.c ****   * License. You may obtain a copy of the License at:
  34:Drivers/STM32F1xx_HAL_Driver/Src/stm32f1xx_hal_gpio_ex.c ****   *                        opensource.org/licenses/BSD-3-Clause
  35:Drivers/STM32F1xx_HAL_Driver/Src/stm32f1xx_hal_gpio_ex.c ****   *
  36:Drivers/STM32F1xx_HAL_Driver/Src/stm32f1xx_hal_gpio_ex.c ****   ******************************************************************************
  37:Drivers/STM32F1xx_HAL_Driver/Src/stm32f1xx_hal_gpio_ex.c ****   */
  38:Drivers/STM32F1xx_HAL_Driver/Src/stm32f1xx_hal_gpio_ex.c **** 
  39:Drivers/STM32F1xx_HAL_Driver/Src/stm32f1xx_hal_gpio_ex.c **** /* Includes ------------------------------------------------------------------*/
  40:Drivers/STM32F1xx_HAL_Driver/Src/stm32f1xx_hal_gpio_ex.c **** #include "stm32f1xx_hal.h"
  41:Drivers/STM32F1xx_HAL_Driver/Src/stm32f1xx_hal_gpio_ex.c **** 
  42:Drivers/STM32F1xx_HAL_Driver/Src/stm32f1xx_hal_gpio_ex.c **** /** @addtogroup STM32F1xx_HAL_Driver
  43:Drivers/STM32F1xx_HAL_Driver/Src/stm32f1xx_hal_gpio_ex.c ****   * @{
  44:Drivers/STM32F1xx_HAL_Driver/Src/stm32f1xx_hal_gpio_ex.c ****   */
  45:Drivers/STM32F1xx_HAL_Driver/Src/stm32f1xx_hal_gpio_ex.c **** 
  46:Drivers/STM32F1xx_HAL_Driver/Src/stm32f1xx_hal_gpio_ex.c **** /** @defgroup GPIOEx GPIOEx
  47:Drivers/STM32F1xx_HAL_Driver/Src/stm32f1xx_hal_gpio_ex.c ****   * @brief GPIO HAL module driver
  48:Drivers/STM32F1xx_HAL_Driver/Src/stm32f1xx_hal_gpio_ex.c ****   * @{
  49:Drivers/STM32F1xx_HAL_Driver/Src/stm32f1xx_hal_gpio_ex.c ****   */
  50:Drivers/STM32F1xx_HAL_Driver/Src/stm32f1xx_hal_gpio_ex.c **** 
  51:Drivers/STM32F1xx_HAL_Driver/Src/stm32f1xx_hal_gpio_ex.c **** #ifdef HAL_GPIO_MODULE_ENABLED
  52:Drivers/STM32F1xx_HAL_Driver/Src/stm32f1xx_hal_gpio_ex.c **** 
  53:Drivers/STM32F1xx_HAL_Driver/Src/stm32f1xx_hal_gpio_ex.c **** /** @defgroup GPIOEx_Exported_Functions GPIOEx Exported Functions
  54:Drivers/STM32F1xx_HAL_Driver/Src/stm32f1xx_hal_gpio_ex.c ****   * @{
  55:Drivers/STM32F1xx_HAL_Driver/Src/stm32f1xx_hal_gpio_ex.c ****   */
  56:Drivers/STM32F1xx_HAL_Driver/Src/stm32f1xx_hal_gpio_ex.c **** 
  57:Drivers/STM32F1xx_HAL_Driver/Src/stm32f1xx_hal_gpio_ex.c **** /** @defgroup GPIOEx_Exported_Functions_Group1 Extended features functions
  58:Drivers/STM32F1xx_HAL_Driver/Src/stm32f1xx_hal_gpio_ex.c ****  *  @brief    Extended features functions
  59:Drivers/STM32F1xx_HAL_Driver/Src/stm32f1xx_hal_gpio_ex.c ****  *
  60:Drivers/STM32F1xx_HAL_Driver/Src/stm32f1xx_hal_gpio_ex.c **** @verbatim
  61:Drivers/STM32F1xx_HAL_Driver/Src/stm32f1xx_hal_gpio_ex.c ****   ==============================================================================
  62:Drivers/STM32F1xx_HAL_Driver/Src/stm32f1xx_hal_gpio_ex.c ****                  ##### Extended features functions #####
  63:Drivers/STM32F1xx_HAL_Driver/Src/stm32f1xx_hal_gpio_ex.c ****   ==============================================================================
  64:Drivers/STM32F1xx_HAL_Driver/Src/stm32f1xx_hal_gpio_ex.c ****     [..]  This section provides functions allowing to:
  65:Drivers/STM32F1xx_HAL_Driver/Src/stm32f1xx_hal_gpio_ex.c ****     (+) Configure EVENTOUT Cortex feature using the function HAL_GPIOEx_ConfigEventout()
  66:Drivers/STM32F1xx_HAL_Driver/Src/stm32f1xx_hal_gpio_ex.c ****     (+) Activate EVENTOUT Cortex feature using the HAL_GPIOEx_EnableEventout()
  67:Drivers/STM32F1xx_HAL_Driver/Src/stm32f1xx_hal_gpio_ex.c ****     (+) Deactivate EVENTOUT Cortex feature using the HAL_GPIOEx_DisableEventout()
  68:Drivers/STM32F1xx_HAL_Driver/Src/stm32f1xx_hal_gpio_ex.c **** 
  69:Drivers/STM32F1xx_HAL_Driver/Src/stm32f1xx_hal_gpio_ex.c **** @endverbatim
  70:Drivers/STM32F1xx_HAL_Driver/Src/stm32f1xx_hal_gpio_ex.c ****   * @{
  71:Drivers/STM32F1xx_HAL_Driver/Src/stm32f1xx_hal_gpio_ex.c ****   */
  72:Drivers/STM32F1xx_HAL_Driver/Src/stm32f1xx_hal_gpio_ex.c **** 
  73:Drivers/STM32F1xx_HAL_Driver/Src/stm32f1xx_hal_gpio_ex.c **** /**
  74:Drivers/STM32F1xx_HAL_Driver/Src/stm32f1xx_hal_gpio_ex.c ****   * @brief  Configures the port and pin on which the EVENTOUT Cortex signal will be connected.
  75:Drivers/STM32F1xx_HAL_Driver/Src/stm32f1xx_hal_gpio_ex.c ****   * @param  GPIO_PortSource Select the port used to output the Cortex EVENTOUT signal.
  76:Drivers/STM32F1xx_HAL_Driver/Src/stm32f1xx_hal_gpio_ex.c ****   *   This parameter can be a value of @ref GPIOEx_EVENTOUT_PORT.
  77:Drivers/STM32F1xx_HAL_Driver/Src/stm32f1xx_hal_gpio_ex.c ****   * @param  GPIO_PinSource Select the pin used to output the Cortex EVENTOUT signal.
  78:Drivers/STM32F1xx_HAL_Driver/Src/stm32f1xx_hal_gpio_ex.c ****   *   This parameter can be a value of @ref GPIOEx_EVENTOUT_PIN.
  79:Drivers/STM32F1xx_HAL_Driver/Src/stm32f1xx_hal_gpio_ex.c ****   * @retval None
  80:Drivers/STM32F1xx_HAL_Driver/Src/stm32f1xx_hal_gpio_ex.c ****   */
  81:Drivers/STM32F1xx_HAL_Driver/Src/stm32f1xx_hal_gpio_ex.c **** void HAL_GPIOEx_ConfigEventout(uint32_t GPIO_PortSource, uint32_t GPIO_PinSource)
  82:Drivers/STM32F1xx_HAL_Driver/Src/stm32f1xx_hal_gpio_ex.c **** {
  28              		.loc 1 82 1 view -0
  29              		.cfi_startproc
  30              		@ args = 0, pretend = 0, frame = 0
  31              		@ frame_needed = 0, uses_anonymous_args = 0
  32              		.loc 1 82 1 is_stmt 0 view .LVU1
  33 0000 38B5     		push	{r3, r4, r5, lr}
ARM GAS  /tmp/ccBToWfA.s 			page 3


  34              	.LCFI0:
  35              		.cfi_def_cfa_offset 16
  36              		.cfi_offset 3, -16
  37              		.cfi_offset 4, -12
  38              		.cfi_offset 5, -8
  39              		.cfi_offset 14, -4
  40 0002 0D46     		mov	r5, r1
  83:Drivers/STM32F1xx_HAL_Driver/Src/stm32f1xx_hal_gpio_ex.c ****   /* Verify the parameters */
  84:Drivers/STM32F1xx_HAL_Driver/Src/stm32f1xx_hal_gpio_ex.c ****   assert_param(IS_AFIO_EVENTOUT_PORT(GPIO_PortSource));
  41              		.loc 1 84 3 is_stmt 1 view .LVU2
  42 0004 0446     		mov	r4, r0
  43 0006 38B1     		cbz	r0, .L2
  44              		.loc 1 84 3 is_stmt 0 discriminator 1 view .LVU3
  45 0008 1028     		cmp	r0, #16
  46 000a 05D0     		beq	.L2
  47              		.loc 1 84 3 discriminator 2 view .LVU4
  48 000c 2028     		cmp	r0, #32
  49 000e 03D0     		beq	.L2
  50              		.loc 1 84 3 discriminator 3 view .LVU5
  51 0010 3028     		cmp	r0, #48
  52 0012 01D0     		beq	.L2
  53              		.loc 1 84 3 discriminator 4 view .LVU6
  54 0014 4028     		cmp	r0, #64
  55 0016 09D1     		bne	.L5
  56              	.LVL1:
  57              	.L2:
  85:Drivers/STM32F1xx_HAL_Driver/Src/stm32f1xx_hal_gpio_ex.c ****   assert_param(IS_AFIO_EVENTOUT_PIN(GPIO_PinSource));
  58              		.loc 1 85 3 is_stmt 1 view .LVU7
  59 0018 0F2D     		cmp	r5, #15
  60 001a 0CD8     		bhi	.L6
  61              	.L3:
  86:Drivers/STM32F1xx_HAL_Driver/Src/stm32f1xx_hal_gpio_ex.c **** 
  87:Drivers/STM32F1xx_HAL_Driver/Src/stm32f1xx_hal_gpio_ex.c ****   /* Apply the new configuration */
  88:Drivers/STM32F1xx_HAL_Driver/Src/stm32f1xx_hal_gpio_ex.c ****   MODIFY_REG(AFIO->EVCR, (AFIO_EVCR_PORT) | (AFIO_EVCR_PIN), (GPIO_PortSource) | (GPIO_PinSource));
  62              		.loc 1 88 3 view .LVU8
  63 001c 084B     		ldr	r3, .L7
  64 001e 1968     		ldr	r1, [r3]
  65 0020 21F07F01 		bic	r1, r1, #127
  66 0024 2C43     		orrs	r4, r4, r5
  67              	.LVL2:
  68              		.loc 1 88 3 is_stmt 0 view .LVU9
  69 0026 2143     		orrs	r1, r1, r4
  70 0028 1960     		str	r1, [r3]
  89:Drivers/STM32F1xx_HAL_Driver/Src/stm32f1xx_hal_gpio_ex.c **** }
  71              		.loc 1 89 1 view .LVU10
  72 002a 38BD     		pop	{r3, r4, r5, pc}
  73              	.LVL3:
  74              	.L5:
  84:Drivers/STM32F1xx_HAL_Driver/Src/stm32f1xx_hal_gpio_ex.c ****   assert_param(IS_AFIO_EVENTOUT_PIN(GPIO_PinSource));
  75              		.loc 1 84 3 discriminator 5 view .LVU11
  76 002c 5421     		movs	r1, #84
  77              	.LVL4:
  84:Drivers/STM32F1xx_HAL_Driver/Src/stm32f1xx_hal_gpio_ex.c ****   assert_param(IS_AFIO_EVENTOUT_PIN(GPIO_PinSource));
  78              		.loc 1 84 3 discriminator 5 view .LVU12
  79 002e 0548     		ldr	r0, .L7+4
  80              	.LVL5:
  84:Drivers/STM32F1xx_HAL_Driver/Src/stm32f1xx_hal_gpio_ex.c ****   assert_param(IS_AFIO_EVENTOUT_PIN(GPIO_PinSource));
ARM GAS  /tmp/ccBToWfA.s 			page 4


  81              		.loc 1 84 3 discriminator 5 view .LVU13
  82 0030 FFF7FEFF 		bl	assert_failed
  83              	.LVL6:
  84 0034 F0E7     		b	.L2
  85              	.L6:
  85:Drivers/STM32F1xx_HAL_Driver/Src/stm32f1xx_hal_gpio_ex.c **** 
  86              		.loc 1 85 3 discriminator 1 view .LVU14
  87 0036 5521     		movs	r1, #85
  88 0038 0248     		ldr	r0, .L7+4
  89 003a FFF7FEFF 		bl	assert_failed
  90              	.LVL7:
  91 003e EDE7     		b	.L3
  92              	.L8:
  93              		.align	2
  94              	.L7:
  95 0040 00000140 		.word	1073807360
  96 0044 00000000 		.word	.LC0
  97              		.cfi_endproc
  98              	.LFE65:
 100              		.section	.text.HAL_GPIOEx_EnableEventout,"ax",%progbits
 101              		.align	1
 102              		.global	HAL_GPIOEx_EnableEventout
 103              		.syntax unified
 104              		.thumb
 105              		.thumb_func
 106              		.fpu softvfp
 108              	HAL_GPIOEx_EnableEventout:
 109              	.LFB66:
  90:Drivers/STM32F1xx_HAL_Driver/Src/stm32f1xx_hal_gpio_ex.c **** 
  91:Drivers/STM32F1xx_HAL_Driver/Src/stm32f1xx_hal_gpio_ex.c **** /**
  92:Drivers/STM32F1xx_HAL_Driver/Src/stm32f1xx_hal_gpio_ex.c ****   * @brief  Enables the Event Output.
  93:Drivers/STM32F1xx_HAL_Driver/Src/stm32f1xx_hal_gpio_ex.c ****   * @retval None
  94:Drivers/STM32F1xx_HAL_Driver/Src/stm32f1xx_hal_gpio_ex.c ****   */
  95:Drivers/STM32F1xx_HAL_Driver/Src/stm32f1xx_hal_gpio_ex.c **** void HAL_GPIOEx_EnableEventout(void)
  96:Drivers/STM32F1xx_HAL_Driver/Src/stm32f1xx_hal_gpio_ex.c **** {
 110              		.loc 1 96 1 is_stmt 1 view -0
 111              		.cfi_startproc
 112              		@ args = 0, pretend = 0, frame = 0
 113              		@ frame_needed = 0, uses_anonymous_args = 0
 114              		@ link register save eliminated.
  97:Drivers/STM32F1xx_HAL_Driver/Src/stm32f1xx_hal_gpio_ex.c ****   SET_BIT(AFIO->EVCR, AFIO_EVCR_EVOE);
 115              		.loc 1 97 3 view .LVU16
 116 0000 024A     		ldr	r2, .L10
 117 0002 1368     		ldr	r3, [r2]
 118 0004 43F08003 		orr	r3, r3, #128
 119 0008 1360     		str	r3, [r2]
  98:Drivers/STM32F1xx_HAL_Driver/Src/stm32f1xx_hal_gpio_ex.c **** }
 120              		.loc 1 98 1 is_stmt 0 view .LVU17
 121 000a 7047     		bx	lr
 122              	.L11:
 123              		.align	2
 124              	.L10:
 125 000c 00000140 		.word	1073807360
 126              		.cfi_endproc
 127              	.LFE66:
 129              		.section	.text.HAL_GPIOEx_DisableEventout,"ax",%progbits
 130              		.align	1
ARM GAS  /tmp/ccBToWfA.s 			page 5


 131              		.global	HAL_GPIOEx_DisableEventout
 132              		.syntax unified
 133              		.thumb
 134              		.thumb_func
 135              		.fpu softvfp
 137              	HAL_GPIOEx_DisableEventout:
 138              	.LFB67:
  99:Drivers/STM32F1xx_HAL_Driver/Src/stm32f1xx_hal_gpio_ex.c **** 
 100:Drivers/STM32F1xx_HAL_Driver/Src/stm32f1xx_hal_gpio_ex.c **** /**
 101:Drivers/STM32F1xx_HAL_Driver/Src/stm32f1xx_hal_gpio_ex.c ****   * @brief  Disables the Event Output.
 102:Drivers/STM32F1xx_HAL_Driver/Src/stm32f1xx_hal_gpio_ex.c ****   * @retval None
 103:Drivers/STM32F1xx_HAL_Driver/Src/stm32f1xx_hal_gpio_ex.c ****   */
 104:Drivers/STM32F1xx_HAL_Driver/Src/stm32f1xx_hal_gpio_ex.c **** void HAL_GPIOEx_DisableEventout(void)
 105:Drivers/STM32F1xx_HAL_Driver/Src/stm32f1xx_hal_gpio_ex.c **** {
 139              		.loc 1 105 1 is_stmt 1 view -0
 140              		.cfi_startproc
 141              		@ args = 0, pretend = 0, frame = 0
 142              		@ frame_needed = 0, uses_anonymous_args = 0
 143              		@ link register save eliminated.
 106:Drivers/STM32F1xx_HAL_Driver/Src/stm32f1xx_hal_gpio_ex.c ****   CLEAR_BIT(AFIO->EVCR, AFIO_EVCR_EVOE);
 144              		.loc 1 106 3 view .LVU19
 145 0000 024A     		ldr	r2, .L13
 146 0002 1368     		ldr	r3, [r2]
 147 0004 23F08003 		bic	r3, r3, #128
 148 0008 1360     		str	r3, [r2]
 107:Drivers/STM32F1xx_HAL_Driver/Src/stm32f1xx_hal_gpio_ex.c **** }
 149              		.loc 1 107 1 is_stmt 0 view .LVU20
 150 000a 7047     		bx	lr
 151              	.L14:
 152              		.align	2
 153              	.L13:
 154 000c 00000140 		.word	1073807360
 155              		.cfi_endproc
 156              	.LFE67:
 158              		.section	.rodata.HAL_GPIOEx_ConfigEventout.str1.4,"aMS",%progbits,1
 159              		.align	2
 160              	.LC0:
 161 0000 44726976 		.ascii	"Drivers/STM32F1xx_HAL_Driver/Src/stm32f1xx_hal_gpio"
 161      6572732F 
 161      53544D33 
 161      32463178 
 161      785F4841 
 162 0033 5F65782E 		.ascii	"_ex.c\000"
 162      6300
 163              		.text
 164              	.Letext0:
 165              		.file 2 "/usr/lib/gcc/arm-none-eabi/8.3.1/include/stdint.h"
 166              		.file 3 "Drivers/CMSIS/Include/core_cm3.h"
 167              		.file 4 "Drivers/CMSIS/Device/ST/STM32F1xx/Include/system_stm32f1xx.h"
 168              		.file 5 "Drivers/CMSIS/Device/ST/STM32F1xx/Include/stm32f103xb.h"
 169              		.file 6 "Drivers/STM32F1xx_HAL_Driver/Inc/stm32f1xx_hal.h"
 170              		.file 7 "Inc/stm32f1xx_hal_conf.h"
ARM GAS  /tmp/ccBToWfA.s 			page 6


DEFINED SYMBOLS
                            *ABS*:0000000000000000 stm32f1xx_hal_gpio_ex.c
     /tmp/ccBToWfA.s:16     .text.HAL_GPIOEx_ConfigEventout:0000000000000000 $t
     /tmp/ccBToWfA.s:24     .text.HAL_GPIOEx_ConfigEventout:0000000000000000 HAL_GPIOEx_ConfigEventout
     /tmp/ccBToWfA.s:95     .text.HAL_GPIOEx_ConfigEventout:0000000000000040 $d
     /tmp/ccBToWfA.s:101    .text.HAL_GPIOEx_EnableEventout:0000000000000000 $t
     /tmp/ccBToWfA.s:108    .text.HAL_GPIOEx_EnableEventout:0000000000000000 HAL_GPIOEx_EnableEventout
     /tmp/ccBToWfA.s:125    .text.HAL_GPIOEx_EnableEventout:000000000000000c $d
     /tmp/ccBToWfA.s:130    .text.HAL_GPIOEx_DisableEventout:0000000000000000 $t
     /tmp/ccBToWfA.s:137    .text.HAL_GPIOEx_DisableEventout:0000000000000000 HAL_GPIOEx_DisableEventout
     /tmp/ccBToWfA.s:154    .text.HAL_GPIOEx_DisableEventout:000000000000000c $d
     /tmp/ccBToWfA.s:159    .rodata.HAL_GPIOEx_ConfigEventout.str1.4:0000000000000000 $d

UNDEFINED SYMBOLS
assert_failed
