ARM GAS  /tmp/ccX6VyNP.s 			page 1


   1              		.cpu cortex-m3
   2              		.eabi_attribute 20, 1
   3              		.eabi_attribute 21, 1
   4              		.eabi_attribute 23, 3
   5              		.eabi_attribute 24, 1
   6              		.eabi_attribute 25, 1
   7              		.eabi_attribute 26, 1
   8              		.eabi_attribute 30, 1
   9              		.eabi_attribute 34, 1
  10              		.eabi_attribute 18, 4
  11              		.file	"stm32f1xx_hal.c"
  12              		.text
  13              	.Ltext0:
  14              		.cfi_sections	.debug_frame
  15              		.section	.text.HAL_MspInit,"ax",%progbits
  16              		.align	1
  17              		.weak	HAL_MspInit
  18              		.arch armv7-m
  19              		.syntax unified
  20              		.thumb
  21              		.thumb_func
  22              		.fpu softvfp
  24              	HAL_MspInit:
  25              	.LFB67:
  26              		.file 1 "Drivers/STM32F1xx_HAL_Driver/Src/stm32f1xx_hal.c"
   1:Drivers/STM32F1xx_HAL_Driver/Src/stm32f1xx_hal.c **** /**
   2:Drivers/STM32F1xx_HAL_Driver/Src/stm32f1xx_hal.c ****   ******************************************************************************
   3:Drivers/STM32F1xx_HAL_Driver/Src/stm32f1xx_hal.c ****   * @file    stm32f1xx_hal.c
   4:Drivers/STM32F1xx_HAL_Driver/Src/stm32f1xx_hal.c ****   * @author  MCD Application Team
   5:Drivers/STM32F1xx_HAL_Driver/Src/stm32f1xx_hal.c ****   * @brief   HAL module driver.
   6:Drivers/STM32F1xx_HAL_Driver/Src/stm32f1xx_hal.c ****   *          This is the common part of the HAL initialization
   7:Drivers/STM32F1xx_HAL_Driver/Src/stm32f1xx_hal.c ****   *
   8:Drivers/STM32F1xx_HAL_Driver/Src/stm32f1xx_hal.c ****   @verbatim
   9:Drivers/STM32F1xx_HAL_Driver/Src/stm32f1xx_hal.c ****   ==============================================================================
  10:Drivers/STM32F1xx_HAL_Driver/Src/stm32f1xx_hal.c ****                      ##### How to use this driver #####
  11:Drivers/STM32F1xx_HAL_Driver/Src/stm32f1xx_hal.c ****   ==============================================================================
  12:Drivers/STM32F1xx_HAL_Driver/Src/stm32f1xx_hal.c ****     [..]
  13:Drivers/STM32F1xx_HAL_Driver/Src/stm32f1xx_hal.c ****     The common HAL driver contains a set of generic and common APIs that can be
  14:Drivers/STM32F1xx_HAL_Driver/Src/stm32f1xx_hal.c ****     used by the PPP peripheral drivers and the user to start using the HAL.
  15:Drivers/STM32F1xx_HAL_Driver/Src/stm32f1xx_hal.c ****     [..]
  16:Drivers/STM32F1xx_HAL_Driver/Src/stm32f1xx_hal.c ****     The HAL contains two APIs' categories:
  17:Drivers/STM32F1xx_HAL_Driver/Src/stm32f1xx_hal.c ****          (+) Common HAL APIs
  18:Drivers/STM32F1xx_HAL_Driver/Src/stm32f1xx_hal.c ****          (+) Services HAL APIs
  19:Drivers/STM32F1xx_HAL_Driver/Src/stm32f1xx_hal.c **** 
  20:Drivers/STM32F1xx_HAL_Driver/Src/stm32f1xx_hal.c ****   @endverbatim
  21:Drivers/STM32F1xx_HAL_Driver/Src/stm32f1xx_hal.c ****   ******************************************************************************
  22:Drivers/STM32F1xx_HAL_Driver/Src/stm32f1xx_hal.c ****   * @attention
  23:Drivers/STM32F1xx_HAL_Driver/Src/stm32f1xx_hal.c ****   *
  24:Drivers/STM32F1xx_HAL_Driver/Src/stm32f1xx_hal.c ****   * <h2><center>&copy; Copyright (c) 2016 STMicroelectronics.
  25:Drivers/STM32F1xx_HAL_Driver/Src/stm32f1xx_hal.c ****   * All rights reserved.</center></h2>
  26:Drivers/STM32F1xx_HAL_Driver/Src/stm32f1xx_hal.c ****   *
  27:Drivers/STM32F1xx_HAL_Driver/Src/stm32f1xx_hal.c ****   * This software component is licensed by ST under BSD 3-Clause license,
  28:Drivers/STM32F1xx_HAL_Driver/Src/stm32f1xx_hal.c ****   * the "License"; You may not use this file except in compliance with the
  29:Drivers/STM32F1xx_HAL_Driver/Src/stm32f1xx_hal.c ****   * License. You may obtain a copy of the License at:
  30:Drivers/STM32F1xx_HAL_Driver/Src/stm32f1xx_hal.c ****   *                        opensource.org/licenses/BSD-3-Clause
  31:Drivers/STM32F1xx_HAL_Driver/Src/stm32f1xx_hal.c ****   *
  32:Drivers/STM32F1xx_HAL_Driver/Src/stm32f1xx_hal.c ****   ******************************************************************************
ARM GAS  /tmp/ccX6VyNP.s 			page 2


  33:Drivers/STM32F1xx_HAL_Driver/Src/stm32f1xx_hal.c ****   */
  34:Drivers/STM32F1xx_HAL_Driver/Src/stm32f1xx_hal.c **** 
  35:Drivers/STM32F1xx_HAL_Driver/Src/stm32f1xx_hal.c **** /* Includes ------------------------------------------------------------------*/
  36:Drivers/STM32F1xx_HAL_Driver/Src/stm32f1xx_hal.c **** #include "stm32f1xx_hal.h"
  37:Drivers/STM32F1xx_HAL_Driver/Src/stm32f1xx_hal.c **** 
  38:Drivers/STM32F1xx_HAL_Driver/Src/stm32f1xx_hal.c **** /** @addtogroup STM32F1xx_HAL_Driver
  39:Drivers/STM32F1xx_HAL_Driver/Src/stm32f1xx_hal.c ****   * @{
  40:Drivers/STM32F1xx_HAL_Driver/Src/stm32f1xx_hal.c ****   */
  41:Drivers/STM32F1xx_HAL_Driver/Src/stm32f1xx_hal.c **** 
  42:Drivers/STM32F1xx_HAL_Driver/Src/stm32f1xx_hal.c **** /** @defgroup HAL HAL
  43:Drivers/STM32F1xx_HAL_Driver/Src/stm32f1xx_hal.c ****   * @brief HAL module driver.
  44:Drivers/STM32F1xx_HAL_Driver/Src/stm32f1xx_hal.c ****   * @{
  45:Drivers/STM32F1xx_HAL_Driver/Src/stm32f1xx_hal.c ****   */
  46:Drivers/STM32F1xx_HAL_Driver/Src/stm32f1xx_hal.c **** 
  47:Drivers/STM32F1xx_HAL_Driver/Src/stm32f1xx_hal.c **** #ifdef HAL_MODULE_ENABLED
  48:Drivers/STM32F1xx_HAL_Driver/Src/stm32f1xx_hal.c **** 
  49:Drivers/STM32F1xx_HAL_Driver/Src/stm32f1xx_hal.c **** /* Private typedef -----------------------------------------------------------*/
  50:Drivers/STM32F1xx_HAL_Driver/Src/stm32f1xx_hal.c **** /* Private define ------------------------------------------------------------*/
  51:Drivers/STM32F1xx_HAL_Driver/Src/stm32f1xx_hal.c **** 
  52:Drivers/STM32F1xx_HAL_Driver/Src/stm32f1xx_hal.c **** /** @defgroup HAL_Private_Constants HAL Private Constants
  53:Drivers/STM32F1xx_HAL_Driver/Src/stm32f1xx_hal.c ****   * @{
  54:Drivers/STM32F1xx_HAL_Driver/Src/stm32f1xx_hal.c ****   */
  55:Drivers/STM32F1xx_HAL_Driver/Src/stm32f1xx_hal.c **** /**
  56:Drivers/STM32F1xx_HAL_Driver/Src/stm32f1xx_hal.c ****  * @brief STM32F1xx HAL Driver version number V1.1.8
  57:Drivers/STM32F1xx_HAL_Driver/Src/stm32f1xx_hal.c ****    */
  58:Drivers/STM32F1xx_HAL_Driver/Src/stm32f1xx_hal.c **** #define __STM32F1xx_HAL_VERSION_MAIN   (0x01U) /*!< [31:24] main version */
  59:Drivers/STM32F1xx_HAL_Driver/Src/stm32f1xx_hal.c **** #define __STM32F1xx_HAL_VERSION_SUB1   (0x01U) /*!< [23:16] sub1 version */
  60:Drivers/STM32F1xx_HAL_Driver/Src/stm32f1xx_hal.c **** #define __STM32F1xx_HAL_VERSION_SUB2   (0x08U) /*!< [15:8]  sub2 version */
  61:Drivers/STM32F1xx_HAL_Driver/Src/stm32f1xx_hal.c **** #define __STM32F1xx_HAL_VERSION_RC     (0x00U) /*!< [7:0]  release candidate */
  62:Drivers/STM32F1xx_HAL_Driver/Src/stm32f1xx_hal.c **** #define __STM32F1xx_HAL_VERSION         ((__STM32F1xx_HAL_VERSION_MAIN << 24)\
  63:Drivers/STM32F1xx_HAL_Driver/Src/stm32f1xx_hal.c ****                                         |(__STM32F1xx_HAL_VERSION_SUB1 << 16)\
  64:Drivers/STM32F1xx_HAL_Driver/Src/stm32f1xx_hal.c ****                                         |(__STM32F1xx_HAL_VERSION_SUB2 << 8 )\
  65:Drivers/STM32F1xx_HAL_Driver/Src/stm32f1xx_hal.c ****                                         |(__STM32F1xx_HAL_VERSION_RC))
  66:Drivers/STM32F1xx_HAL_Driver/Src/stm32f1xx_hal.c **** 
  67:Drivers/STM32F1xx_HAL_Driver/Src/stm32f1xx_hal.c **** #define IDCODE_DEVID_MASK    0x00000FFFU
  68:Drivers/STM32F1xx_HAL_Driver/Src/stm32f1xx_hal.c **** 
  69:Drivers/STM32F1xx_HAL_Driver/Src/stm32f1xx_hal.c **** /**
  70:Drivers/STM32F1xx_HAL_Driver/Src/stm32f1xx_hal.c ****   * @}
  71:Drivers/STM32F1xx_HAL_Driver/Src/stm32f1xx_hal.c ****   */
  72:Drivers/STM32F1xx_HAL_Driver/Src/stm32f1xx_hal.c **** 
  73:Drivers/STM32F1xx_HAL_Driver/Src/stm32f1xx_hal.c **** /* Private macro -------------------------------------------------------------*/
  74:Drivers/STM32F1xx_HAL_Driver/Src/stm32f1xx_hal.c **** /* Private variables ---------------------------------------------------------*/
  75:Drivers/STM32F1xx_HAL_Driver/Src/stm32f1xx_hal.c **** 
  76:Drivers/STM32F1xx_HAL_Driver/Src/stm32f1xx_hal.c **** /** @defgroup HAL_Private_Variables HAL Private Variables
  77:Drivers/STM32F1xx_HAL_Driver/Src/stm32f1xx_hal.c ****   * @{
  78:Drivers/STM32F1xx_HAL_Driver/Src/stm32f1xx_hal.c ****   */
  79:Drivers/STM32F1xx_HAL_Driver/Src/stm32f1xx_hal.c **** __IO uint32_t uwTick;
  80:Drivers/STM32F1xx_HAL_Driver/Src/stm32f1xx_hal.c **** uint32_t uwTickPrio   = (1UL << __NVIC_PRIO_BITS); /* Invalid PRIO */
  81:Drivers/STM32F1xx_HAL_Driver/Src/stm32f1xx_hal.c **** HAL_TickFreqTypeDef uwTickFreq = HAL_TICK_FREQ_DEFAULT;  /* 1KHz */
  82:Drivers/STM32F1xx_HAL_Driver/Src/stm32f1xx_hal.c **** /**
  83:Drivers/STM32F1xx_HAL_Driver/Src/stm32f1xx_hal.c ****   * @}
  84:Drivers/STM32F1xx_HAL_Driver/Src/stm32f1xx_hal.c ****   */
  85:Drivers/STM32F1xx_HAL_Driver/Src/stm32f1xx_hal.c **** /* Private function prototypes -----------------------------------------------*/
  86:Drivers/STM32F1xx_HAL_Driver/Src/stm32f1xx_hal.c **** /* Exported functions ---------------------------------------------------------*/
  87:Drivers/STM32F1xx_HAL_Driver/Src/stm32f1xx_hal.c **** 
  88:Drivers/STM32F1xx_HAL_Driver/Src/stm32f1xx_hal.c **** /** @defgroup HAL_Exported_Functions HAL Exported Functions
  89:Drivers/STM32F1xx_HAL_Driver/Src/stm32f1xx_hal.c ****   * @{
ARM GAS  /tmp/ccX6VyNP.s 			page 3


  90:Drivers/STM32F1xx_HAL_Driver/Src/stm32f1xx_hal.c ****   */
  91:Drivers/STM32F1xx_HAL_Driver/Src/stm32f1xx_hal.c **** 
  92:Drivers/STM32F1xx_HAL_Driver/Src/stm32f1xx_hal.c **** /** @defgroup HAL_Exported_Functions_Group1 Initialization and de-initialization Functions
  93:Drivers/STM32F1xx_HAL_Driver/Src/stm32f1xx_hal.c ****  *  @brief    Initialization and de-initialization functions
  94:Drivers/STM32F1xx_HAL_Driver/Src/stm32f1xx_hal.c ****  *
  95:Drivers/STM32F1xx_HAL_Driver/Src/stm32f1xx_hal.c **** @verbatim
  96:Drivers/STM32F1xx_HAL_Driver/Src/stm32f1xx_hal.c ****  ===============================================================================
  97:Drivers/STM32F1xx_HAL_Driver/Src/stm32f1xx_hal.c ****               ##### Initialization and de-initialization functions #####
  98:Drivers/STM32F1xx_HAL_Driver/Src/stm32f1xx_hal.c ****  ===============================================================================
  99:Drivers/STM32F1xx_HAL_Driver/Src/stm32f1xx_hal.c ****    [..]  This section provides functions allowing to:
 100:Drivers/STM32F1xx_HAL_Driver/Src/stm32f1xx_hal.c ****       (+) Initializes the Flash interface, the NVIC allocation and initial clock
 101:Drivers/STM32F1xx_HAL_Driver/Src/stm32f1xx_hal.c ****           configuration. It initializes the systick also when timeout is needed
 102:Drivers/STM32F1xx_HAL_Driver/Src/stm32f1xx_hal.c ****           and the backup domain when enabled.
 103:Drivers/STM32F1xx_HAL_Driver/Src/stm32f1xx_hal.c ****       (+) de-Initializes common part of the HAL.
 104:Drivers/STM32F1xx_HAL_Driver/Src/stm32f1xx_hal.c ****       (+) Configure The time base source to have 1ms time base with a dedicated
 105:Drivers/STM32F1xx_HAL_Driver/Src/stm32f1xx_hal.c ****           Tick interrupt priority.
 106:Drivers/STM32F1xx_HAL_Driver/Src/stm32f1xx_hal.c ****         (++) SysTick timer is used by default as source of time base, but user
 107:Drivers/STM32F1xx_HAL_Driver/Src/stm32f1xx_hal.c ****              can eventually implement his proper time base source (a general purpose
 108:Drivers/STM32F1xx_HAL_Driver/Src/stm32f1xx_hal.c ****              timer for example or other time source), keeping in mind that Time base
 109:Drivers/STM32F1xx_HAL_Driver/Src/stm32f1xx_hal.c ****              duration should be kept 1ms since PPP_TIMEOUT_VALUEs are defined and
 110:Drivers/STM32F1xx_HAL_Driver/Src/stm32f1xx_hal.c ****              handled in milliseconds basis.
 111:Drivers/STM32F1xx_HAL_Driver/Src/stm32f1xx_hal.c ****         (++) Time base configuration function (HAL_InitTick ()) is called automatically
 112:Drivers/STM32F1xx_HAL_Driver/Src/stm32f1xx_hal.c ****              at the beginning of the program after reset by HAL_Init() or at any time
 113:Drivers/STM32F1xx_HAL_Driver/Src/stm32f1xx_hal.c ****              when clock is configured, by HAL_RCC_ClockConfig().
 114:Drivers/STM32F1xx_HAL_Driver/Src/stm32f1xx_hal.c ****         (++) Source of time base is configured  to generate interrupts at regular
 115:Drivers/STM32F1xx_HAL_Driver/Src/stm32f1xx_hal.c ****              time intervals. Care must be taken if HAL_Delay() is called from a
 116:Drivers/STM32F1xx_HAL_Driver/Src/stm32f1xx_hal.c ****              peripheral ISR process, the Tick interrupt line must have higher priority
 117:Drivers/STM32F1xx_HAL_Driver/Src/stm32f1xx_hal.c ****             (numerically lower) than the peripheral interrupt. Otherwise the caller
 118:Drivers/STM32F1xx_HAL_Driver/Src/stm32f1xx_hal.c ****             ISR process will be blocked.
 119:Drivers/STM32F1xx_HAL_Driver/Src/stm32f1xx_hal.c ****        (++) functions affecting time base configurations are declared as __weak
 120:Drivers/STM32F1xx_HAL_Driver/Src/stm32f1xx_hal.c ****              to make  override possible  in case of other  implementations in user file.
 121:Drivers/STM32F1xx_HAL_Driver/Src/stm32f1xx_hal.c **** @endverbatim
 122:Drivers/STM32F1xx_HAL_Driver/Src/stm32f1xx_hal.c ****   * @{
 123:Drivers/STM32F1xx_HAL_Driver/Src/stm32f1xx_hal.c ****   */
 124:Drivers/STM32F1xx_HAL_Driver/Src/stm32f1xx_hal.c **** 
 125:Drivers/STM32F1xx_HAL_Driver/Src/stm32f1xx_hal.c **** /**
 126:Drivers/STM32F1xx_HAL_Driver/Src/stm32f1xx_hal.c ****   * @brief  This function is used to initialize the HAL Library; it must be the first
 127:Drivers/STM32F1xx_HAL_Driver/Src/stm32f1xx_hal.c ****   *         instruction to be executed in the main program (before to call any other
 128:Drivers/STM32F1xx_HAL_Driver/Src/stm32f1xx_hal.c ****   *         HAL function), it performs the following:
 129:Drivers/STM32F1xx_HAL_Driver/Src/stm32f1xx_hal.c ****   *           Configure the Flash prefetch.
 130:Drivers/STM32F1xx_HAL_Driver/Src/stm32f1xx_hal.c ****   *           Configures the SysTick to generate an interrupt each 1 millisecond,
 131:Drivers/STM32F1xx_HAL_Driver/Src/stm32f1xx_hal.c ****   *           which is clocked by the HSI (at this stage, the clock is not yet
 132:Drivers/STM32F1xx_HAL_Driver/Src/stm32f1xx_hal.c ****   *           configured and thus the system is running from the internal HSI at 16 MHz).
 133:Drivers/STM32F1xx_HAL_Driver/Src/stm32f1xx_hal.c ****   *           Set NVIC Group Priority to 4.
 134:Drivers/STM32F1xx_HAL_Driver/Src/stm32f1xx_hal.c ****   *           Calls the HAL_MspInit() callback function defined in user file
 135:Drivers/STM32F1xx_HAL_Driver/Src/stm32f1xx_hal.c ****   *           "stm32f1xx_hal_msp.c" to do the global low level hardware initialization
 136:Drivers/STM32F1xx_HAL_Driver/Src/stm32f1xx_hal.c ****   *
 137:Drivers/STM32F1xx_HAL_Driver/Src/stm32f1xx_hal.c ****   * @note   SysTick is used as time base for the HAL_Delay() function, the application
 138:Drivers/STM32F1xx_HAL_Driver/Src/stm32f1xx_hal.c ****   *         need to ensure that the SysTick time base is always set to 1 millisecond
 139:Drivers/STM32F1xx_HAL_Driver/Src/stm32f1xx_hal.c ****   *         to have correct HAL operation.
 140:Drivers/STM32F1xx_HAL_Driver/Src/stm32f1xx_hal.c ****   * @retval HAL status
 141:Drivers/STM32F1xx_HAL_Driver/Src/stm32f1xx_hal.c ****   */
 142:Drivers/STM32F1xx_HAL_Driver/Src/stm32f1xx_hal.c **** HAL_StatusTypeDef HAL_Init(void)
 143:Drivers/STM32F1xx_HAL_Driver/Src/stm32f1xx_hal.c **** {
 144:Drivers/STM32F1xx_HAL_Driver/Src/stm32f1xx_hal.c ****   /* Configure Flash prefetch */
 145:Drivers/STM32F1xx_HAL_Driver/Src/stm32f1xx_hal.c **** #if (PREFETCH_ENABLE != 0)
 146:Drivers/STM32F1xx_HAL_Driver/Src/stm32f1xx_hal.c **** #if defined(STM32F101x6) || defined(STM32F101xB) || defined(STM32F101xE) || defined(STM32F101xG) ||
ARM GAS  /tmp/ccX6VyNP.s 			page 4


 147:Drivers/STM32F1xx_HAL_Driver/Src/stm32f1xx_hal.c ****     defined(STM32F102x6) || defined(STM32F102xB) || \
 148:Drivers/STM32F1xx_HAL_Driver/Src/stm32f1xx_hal.c ****     defined(STM32F103x6) || defined(STM32F103xB) || defined(STM32F103xE) || defined(STM32F103xG) ||
 149:Drivers/STM32F1xx_HAL_Driver/Src/stm32f1xx_hal.c ****     defined(STM32F105xC) || defined(STM32F107xC)
 150:Drivers/STM32F1xx_HAL_Driver/Src/stm32f1xx_hal.c **** 
 151:Drivers/STM32F1xx_HAL_Driver/Src/stm32f1xx_hal.c ****   /* Prefetch buffer is not available on value line devices */
 152:Drivers/STM32F1xx_HAL_Driver/Src/stm32f1xx_hal.c ****   __HAL_FLASH_PREFETCH_BUFFER_ENABLE();
 153:Drivers/STM32F1xx_HAL_Driver/Src/stm32f1xx_hal.c **** #endif
 154:Drivers/STM32F1xx_HAL_Driver/Src/stm32f1xx_hal.c **** #endif /* PREFETCH_ENABLE */
 155:Drivers/STM32F1xx_HAL_Driver/Src/stm32f1xx_hal.c **** 
 156:Drivers/STM32F1xx_HAL_Driver/Src/stm32f1xx_hal.c ****   /* Set Interrupt Group Priority */
 157:Drivers/STM32F1xx_HAL_Driver/Src/stm32f1xx_hal.c ****   HAL_NVIC_SetPriorityGrouping(NVIC_PRIORITYGROUP_4);
 158:Drivers/STM32F1xx_HAL_Driver/Src/stm32f1xx_hal.c **** 
 159:Drivers/STM32F1xx_HAL_Driver/Src/stm32f1xx_hal.c ****   /* Use systick as time base source and configure 1ms tick (default clock after Reset is HSI) */
 160:Drivers/STM32F1xx_HAL_Driver/Src/stm32f1xx_hal.c ****   HAL_InitTick(TICK_INT_PRIORITY);
 161:Drivers/STM32F1xx_HAL_Driver/Src/stm32f1xx_hal.c **** 
 162:Drivers/STM32F1xx_HAL_Driver/Src/stm32f1xx_hal.c ****   /* Init the low level hardware */
 163:Drivers/STM32F1xx_HAL_Driver/Src/stm32f1xx_hal.c ****   HAL_MspInit();
 164:Drivers/STM32F1xx_HAL_Driver/Src/stm32f1xx_hal.c **** 
 165:Drivers/STM32F1xx_HAL_Driver/Src/stm32f1xx_hal.c ****   /* Return function status */
 166:Drivers/STM32F1xx_HAL_Driver/Src/stm32f1xx_hal.c ****   return HAL_OK;
 167:Drivers/STM32F1xx_HAL_Driver/Src/stm32f1xx_hal.c **** }
 168:Drivers/STM32F1xx_HAL_Driver/Src/stm32f1xx_hal.c **** 
 169:Drivers/STM32F1xx_HAL_Driver/Src/stm32f1xx_hal.c **** /**
 170:Drivers/STM32F1xx_HAL_Driver/Src/stm32f1xx_hal.c ****   * @brief This function de-Initializes common part of the HAL and stops the systick.
 171:Drivers/STM32F1xx_HAL_Driver/Src/stm32f1xx_hal.c ****   *        of time base.
 172:Drivers/STM32F1xx_HAL_Driver/Src/stm32f1xx_hal.c ****   * @note This function is optional.
 173:Drivers/STM32F1xx_HAL_Driver/Src/stm32f1xx_hal.c ****   * @retval HAL status
 174:Drivers/STM32F1xx_HAL_Driver/Src/stm32f1xx_hal.c ****   */
 175:Drivers/STM32F1xx_HAL_Driver/Src/stm32f1xx_hal.c **** HAL_StatusTypeDef HAL_DeInit(void)
 176:Drivers/STM32F1xx_HAL_Driver/Src/stm32f1xx_hal.c **** {
 177:Drivers/STM32F1xx_HAL_Driver/Src/stm32f1xx_hal.c ****   /* Reset of all peripherals */
 178:Drivers/STM32F1xx_HAL_Driver/Src/stm32f1xx_hal.c ****   __HAL_RCC_APB1_FORCE_RESET();
 179:Drivers/STM32F1xx_HAL_Driver/Src/stm32f1xx_hal.c ****   __HAL_RCC_APB1_RELEASE_RESET();
 180:Drivers/STM32F1xx_HAL_Driver/Src/stm32f1xx_hal.c **** 
 181:Drivers/STM32F1xx_HAL_Driver/Src/stm32f1xx_hal.c ****   __HAL_RCC_APB2_FORCE_RESET();
 182:Drivers/STM32F1xx_HAL_Driver/Src/stm32f1xx_hal.c ****   __HAL_RCC_APB2_RELEASE_RESET();
 183:Drivers/STM32F1xx_HAL_Driver/Src/stm32f1xx_hal.c **** 
 184:Drivers/STM32F1xx_HAL_Driver/Src/stm32f1xx_hal.c **** #if defined(STM32F105xC) || defined(STM32F107xC)
 185:Drivers/STM32F1xx_HAL_Driver/Src/stm32f1xx_hal.c ****   __HAL_RCC_AHB_FORCE_RESET();
 186:Drivers/STM32F1xx_HAL_Driver/Src/stm32f1xx_hal.c ****   __HAL_RCC_AHB_RELEASE_RESET();
 187:Drivers/STM32F1xx_HAL_Driver/Src/stm32f1xx_hal.c **** #endif
 188:Drivers/STM32F1xx_HAL_Driver/Src/stm32f1xx_hal.c **** 
 189:Drivers/STM32F1xx_HAL_Driver/Src/stm32f1xx_hal.c ****   /* De-Init the low level hardware */
 190:Drivers/STM32F1xx_HAL_Driver/Src/stm32f1xx_hal.c ****   HAL_MspDeInit();
 191:Drivers/STM32F1xx_HAL_Driver/Src/stm32f1xx_hal.c **** 
 192:Drivers/STM32F1xx_HAL_Driver/Src/stm32f1xx_hal.c ****   /* Return function status */
 193:Drivers/STM32F1xx_HAL_Driver/Src/stm32f1xx_hal.c ****   return HAL_OK;
 194:Drivers/STM32F1xx_HAL_Driver/Src/stm32f1xx_hal.c **** }
 195:Drivers/STM32F1xx_HAL_Driver/Src/stm32f1xx_hal.c **** 
 196:Drivers/STM32F1xx_HAL_Driver/Src/stm32f1xx_hal.c **** /**
 197:Drivers/STM32F1xx_HAL_Driver/Src/stm32f1xx_hal.c ****   * @brief  Initialize the MSP.
 198:Drivers/STM32F1xx_HAL_Driver/Src/stm32f1xx_hal.c ****   * @retval None
 199:Drivers/STM32F1xx_HAL_Driver/Src/stm32f1xx_hal.c ****   */
 200:Drivers/STM32F1xx_HAL_Driver/Src/stm32f1xx_hal.c **** __weak void HAL_MspInit(void)
 201:Drivers/STM32F1xx_HAL_Driver/Src/stm32f1xx_hal.c **** {
  27              		.loc 1 201 1 view -0
  28              		.cfi_startproc
ARM GAS  /tmp/ccX6VyNP.s 			page 5


  29              		@ args = 0, pretend = 0, frame = 0
  30              		@ frame_needed = 0, uses_anonymous_args = 0
  31              		@ link register save eliminated.
 202:Drivers/STM32F1xx_HAL_Driver/Src/stm32f1xx_hal.c ****   /* NOTE : This function should not be modified, when the callback is needed,
 203:Drivers/STM32F1xx_HAL_Driver/Src/stm32f1xx_hal.c ****             the HAL_MspInit could be implemented in the user file
 204:Drivers/STM32F1xx_HAL_Driver/Src/stm32f1xx_hal.c ****    */
 205:Drivers/STM32F1xx_HAL_Driver/Src/stm32f1xx_hal.c **** }
  32              		.loc 1 205 1 view .LVU1
  33 0000 7047     		bx	lr
  34              		.cfi_endproc
  35              	.LFE67:
  37              		.section	.text.HAL_MspDeInit,"ax",%progbits
  38              		.align	1
  39              		.weak	HAL_MspDeInit
  40              		.syntax unified
  41              		.thumb
  42              		.thumb_func
  43              		.fpu softvfp
  45              	HAL_MspDeInit:
  46              	.LFB68:
 206:Drivers/STM32F1xx_HAL_Driver/Src/stm32f1xx_hal.c **** 
 207:Drivers/STM32F1xx_HAL_Driver/Src/stm32f1xx_hal.c **** /**
 208:Drivers/STM32F1xx_HAL_Driver/Src/stm32f1xx_hal.c ****   * @brief  DeInitializes the MSP.
 209:Drivers/STM32F1xx_HAL_Driver/Src/stm32f1xx_hal.c ****   * @retval None
 210:Drivers/STM32F1xx_HAL_Driver/Src/stm32f1xx_hal.c ****   */
 211:Drivers/STM32F1xx_HAL_Driver/Src/stm32f1xx_hal.c **** __weak void HAL_MspDeInit(void)
 212:Drivers/STM32F1xx_HAL_Driver/Src/stm32f1xx_hal.c **** {
  47              		.loc 1 212 1 view -0
  48              		.cfi_startproc
  49              		@ args = 0, pretend = 0, frame = 0
  50              		@ frame_needed = 0, uses_anonymous_args = 0
  51              		@ link register save eliminated.
 213:Drivers/STM32F1xx_HAL_Driver/Src/stm32f1xx_hal.c ****   /* NOTE : This function should not be modified, when the callback is needed,
 214:Drivers/STM32F1xx_HAL_Driver/Src/stm32f1xx_hal.c ****             the HAL_MspDeInit could be implemented in the user file
 215:Drivers/STM32F1xx_HAL_Driver/Src/stm32f1xx_hal.c ****    */
 216:Drivers/STM32F1xx_HAL_Driver/Src/stm32f1xx_hal.c **** }
  52              		.loc 1 216 1 view .LVU3
  53 0000 7047     		bx	lr
  54              		.cfi_endproc
  55              	.LFE68:
  57              		.section	.text.HAL_DeInit,"ax",%progbits
  58              		.align	1
  59              		.global	HAL_DeInit
  60              		.syntax unified
  61              		.thumb
  62              		.thumb_func
  63              		.fpu softvfp
  65              	HAL_DeInit:
  66              	.LFB66:
 176:Drivers/STM32F1xx_HAL_Driver/Src/stm32f1xx_hal.c ****   /* Reset of all peripherals */
  67              		.loc 1 176 1 view -0
  68              		.cfi_startproc
  69              		@ args = 0, pretend = 0, frame = 0
  70              		@ frame_needed = 0, uses_anonymous_args = 0
  71 0000 10B5     		push	{r4, lr}
  72              	.LCFI0:
  73              		.cfi_def_cfa_offset 8
ARM GAS  /tmp/ccX6VyNP.s 			page 6


  74              		.cfi_offset 4, -8
  75              		.cfi_offset 14, -4
 178:Drivers/STM32F1xx_HAL_Driver/Src/stm32f1xx_hal.c ****   __HAL_RCC_APB1_RELEASE_RESET();
  76              		.loc 1 178 3 view .LVU5
  77 0002 064B     		ldr	r3, .L5
  78 0004 4FF0FF32 		mov	r2, #-1
  79 0008 DA60     		str	r2, [r3, #12]
 179:Drivers/STM32F1xx_HAL_Driver/Src/stm32f1xx_hal.c **** 
  80              		.loc 1 179 3 view .LVU6
  81 000a 0024     		movs	r4, #0
  82 000c 1C61     		str	r4, [r3, #16]
 181:Drivers/STM32F1xx_HAL_Driver/Src/stm32f1xx_hal.c ****   __HAL_RCC_APB2_RELEASE_RESET();
  83              		.loc 1 181 3 view .LVU7
  84 000e DA60     		str	r2, [r3, #12]
 182:Drivers/STM32F1xx_HAL_Driver/Src/stm32f1xx_hal.c **** 
  85              		.loc 1 182 3 view .LVU8
  86 0010 DC60     		str	r4, [r3, #12]
 190:Drivers/STM32F1xx_HAL_Driver/Src/stm32f1xx_hal.c **** 
  87              		.loc 1 190 3 view .LVU9
  88 0012 FFF7FEFF 		bl	HAL_MspDeInit
  89              	.LVL0:
 193:Drivers/STM32F1xx_HAL_Driver/Src/stm32f1xx_hal.c **** }
  90              		.loc 1 193 3 view .LVU10
 194:Drivers/STM32F1xx_HAL_Driver/Src/stm32f1xx_hal.c **** 
  91              		.loc 1 194 1 is_stmt 0 view .LVU11
  92 0016 2046     		mov	r0, r4
  93 0018 10BD     		pop	{r4, pc}
  94              	.L6:
  95 001a 00BF     		.align	2
  96              	.L5:
  97 001c 00100240 		.word	1073876992
  98              		.cfi_endproc
  99              	.LFE66:
 101              		.section	.text.HAL_InitTick,"ax",%progbits
 102              		.align	1
 103              		.weak	HAL_InitTick
 104              		.syntax unified
 105              		.thumb
 106              		.thumb_func
 107              		.fpu softvfp
 109              	HAL_InitTick:
 110              	.LVL1:
 111              	.LFB69:
 217:Drivers/STM32F1xx_HAL_Driver/Src/stm32f1xx_hal.c **** 
 218:Drivers/STM32F1xx_HAL_Driver/Src/stm32f1xx_hal.c **** /**
 219:Drivers/STM32F1xx_HAL_Driver/Src/stm32f1xx_hal.c ****   * @brief This function configures the source of the time base.
 220:Drivers/STM32F1xx_HAL_Driver/Src/stm32f1xx_hal.c ****   *        The time source is configured  to have 1ms time base with a dedicated
 221:Drivers/STM32F1xx_HAL_Driver/Src/stm32f1xx_hal.c ****   *        Tick interrupt priority.
 222:Drivers/STM32F1xx_HAL_Driver/Src/stm32f1xx_hal.c ****   * @note This function is called  automatically at the beginning of program after
 223:Drivers/STM32F1xx_HAL_Driver/Src/stm32f1xx_hal.c ****   *       reset by HAL_Init() or at any time when clock is reconfigured  by HAL_RCC_ClockConfig().
 224:Drivers/STM32F1xx_HAL_Driver/Src/stm32f1xx_hal.c ****   * @note In the default implementation, SysTick timer is the source of time base.
 225:Drivers/STM32F1xx_HAL_Driver/Src/stm32f1xx_hal.c ****   *       It is used to generate interrupts at regular time intervals.
 226:Drivers/STM32F1xx_HAL_Driver/Src/stm32f1xx_hal.c ****   *       Care must be taken if HAL_Delay() is called from a peripheral ISR process,
 227:Drivers/STM32F1xx_HAL_Driver/Src/stm32f1xx_hal.c ****   *       The SysTick interrupt must have higher priority (numerically lower)
 228:Drivers/STM32F1xx_HAL_Driver/Src/stm32f1xx_hal.c ****   *       than the peripheral interrupt. Otherwise the caller ISR process will be blocked.
 229:Drivers/STM32F1xx_HAL_Driver/Src/stm32f1xx_hal.c ****   *       The function is declared as __weak  to be overwritten  in case of other
 230:Drivers/STM32F1xx_HAL_Driver/Src/stm32f1xx_hal.c ****   *       implementation  in user file.
ARM GAS  /tmp/ccX6VyNP.s 			page 7


 231:Drivers/STM32F1xx_HAL_Driver/Src/stm32f1xx_hal.c ****   * @param TickPriority Tick interrupt priority.
 232:Drivers/STM32F1xx_HAL_Driver/Src/stm32f1xx_hal.c ****   * @retval HAL status
 233:Drivers/STM32F1xx_HAL_Driver/Src/stm32f1xx_hal.c ****   */
 234:Drivers/STM32F1xx_HAL_Driver/Src/stm32f1xx_hal.c **** __weak HAL_StatusTypeDef HAL_InitTick(uint32_t TickPriority)
 235:Drivers/STM32F1xx_HAL_Driver/Src/stm32f1xx_hal.c **** {
 112              		.loc 1 235 1 is_stmt 1 view -0
 113              		.cfi_startproc
 114              		@ args = 0, pretend = 0, frame = 0
 115              		@ frame_needed = 0, uses_anonymous_args = 0
 116              		.loc 1 235 1 is_stmt 0 view .LVU13
 117 0000 10B5     		push	{r4, lr}
 118              	.LCFI1:
 119              		.cfi_def_cfa_offset 8
 120              		.cfi_offset 4, -8
 121              		.cfi_offset 14, -4
 122 0002 0446     		mov	r4, r0
 236:Drivers/STM32F1xx_HAL_Driver/Src/stm32f1xx_hal.c ****   /* Configure the SysTick to have interrupt in 1ms time basis*/
 237:Drivers/STM32F1xx_HAL_Driver/Src/stm32f1xx_hal.c ****   if (HAL_SYSTICK_Config(SystemCoreClock / (1000U / uwTickFreq)) > 0U)
 123              		.loc 1 237 3 is_stmt 1 view .LVU14
 124              		.loc 1 237 51 is_stmt 0 view .LVU15
 125 0004 0E4B     		ldr	r3, .L13
 126 0006 1878     		ldrb	r0, [r3]	@ zero_extendqisi2
 127              	.LVL2:
 128              		.loc 1 237 51 view .LVU16
 129 0008 4FF47A73 		mov	r3, #1000
 130 000c B3FBF0F3 		udiv	r3, r3, r0
 131              		.loc 1 237 7 view .LVU17
 132 0010 0C4A     		ldr	r2, .L13+4
 133 0012 1068     		ldr	r0, [r2]
 134 0014 B0FBF3F0 		udiv	r0, r0, r3
 135 0018 FFF7FEFF 		bl	HAL_SYSTICK_Config
 136              	.LVL3:
 137              		.loc 1 237 6 view .LVU18
 138 001c 68B9     		cbnz	r0, .L9
 238:Drivers/STM32F1xx_HAL_Driver/Src/stm32f1xx_hal.c ****   {
 239:Drivers/STM32F1xx_HAL_Driver/Src/stm32f1xx_hal.c ****     return HAL_ERROR;
 240:Drivers/STM32F1xx_HAL_Driver/Src/stm32f1xx_hal.c ****   }
 241:Drivers/STM32F1xx_HAL_Driver/Src/stm32f1xx_hal.c **** 
 242:Drivers/STM32F1xx_HAL_Driver/Src/stm32f1xx_hal.c ****   /* Configure the SysTick IRQ priority */
 243:Drivers/STM32F1xx_HAL_Driver/Src/stm32f1xx_hal.c ****   if (TickPriority < (1UL << __NVIC_PRIO_BITS))
 139              		.loc 1 243 3 is_stmt 1 view .LVU19
 140              		.loc 1 243 6 is_stmt 0 view .LVU20
 141 001e 0F2C     		cmp	r4, #15
 142 0020 01D9     		bls	.L12
 244:Drivers/STM32F1xx_HAL_Driver/Src/stm32f1xx_hal.c ****   {
 245:Drivers/STM32F1xx_HAL_Driver/Src/stm32f1xx_hal.c ****     HAL_NVIC_SetPriority(SysTick_IRQn, TickPriority, 0U);
 246:Drivers/STM32F1xx_HAL_Driver/Src/stm32f1xx_hal.c ****     uwTickPrio = TickPriority;
 247:Drivers/STM32F1xx_HAL_Driver/Src/stm32f1xx_hal.c ****   }
 248:Drivers/STM32F1xx_HAL_Driver/Src/stm32f1xx_hal.c ****   else
 249:Drivers/STM32F1xx_HAL_Driver/Src/stm32f1xx_hal.c ****   {
 250:Drivers/STM32F1xx_HAL_Driver/Src/stm32f1xx_hal.c ****     return HAL_ERROR;
 143              		.loc 1 250 12 view .LVU21
 144 0022 0120     		movs	r0, #1
 145 0024 0AE0     		b	.L8
 146              	.L12:
 245:Drivers/STM32F1xx_HAL_Driver/Src/stm32f1xx_hal.c ****     uwTickPrio = TickPriority;
 147              		.loc 1 245 5 is_stmt 1 view .LVU22
ARM GAS  /tmp/ccX6VyNP.s 			page 8


 148 0026 0022     		movs	r2, #0
 149 0028 2146     		mov	r1, r4
 150 002a 4FF0FF30 		mov	r0, #-1
 151 002e FFF7FEFF 		bl	HAL_NVIC_SetPriority
 152              	.LVL4:
 246:Drivers/STM32F1xx_HAL_Driver/Src/stm32f1xx_hal.c ****   }
 153              		.loc 1 246 5 view .LVU23
 246:Drivers/STM32F1xx_HAL_Driver/Src/stm32f1xx_hal.c ****   }
 154              		.loc 1 246 16 is_stmt 0 view .LVU24
 155 0032 054B     		ldr	r3, .L13+8
 156 0034 1C60     		str	r4, [r3]
 251:Drivers/STM32F1xx_HAL_Driver/Src/stm32f1xx_hal.c ****   }
 252:Drivers/STM32F1xx_HAL_Driver/Src/stm32f1xx_hal.c **** 
 253:Drivers/STM32F1xx_HAL_Driver/Src/stm32f1xx_hal.c ****   /* Return function status */
 254:Drivers/STM32F1xx_HAL_Driver/Src/stm32f1xx_hal.c ****   return HAL_OK;
 157              		.loc 1 254 3 is_stmt 1 view .LVU25
 158              		.loc 1 254 10 is_stmt 0 view .LVU26
 159 0036 0020     		movs	r0, #0
 160 0038 00E0     		b	.L8
 161              	.L9:
 239:Drivers/STM32F1xx_HAL_Driver/Src/stm32f1xx_hal.c ****   }
 162              		.loc 1 239 12 view .LVU27
 163 003a 0120     		movs	r0, #1
 164              	.L8:
 255:Drivers/STM32F1xx_HAL_Driver/Src/stm32f1xx_hal.c **** }
 165              		.loc 1 255 1 view .LVU28
 166 003c 10BD     		pop	{r4, pc}
 167              	.LVL5:
 168              	.L14:
 169              		.loc 1 255 1 view .LVU29
 170 003e 00BF     		.align	2
 171              	.L13:
 172 0040 00000000 		.word	.LANCHOR0
 173 0044 00000000 		.word	SystemCoreClock
 174 0048 00000000 		.word	.LANCHOR1
 175              		.cfi_endproc
 176              	.LFE69:
 178              		.section	.text.HAL_Init,"ax",%progbits
 179              		.align	1
 180              		.global	HAL_Init
 181              		.syntax unified
 182              		.thumb
 183              		.thumb_func
 184              		.fpu softvfp
 186              	HAL_Init:
 187              	.LFB65:
 143:Drivers/STM32F1xx_HAL_Driver/Src/stm32f1xx_hal.c ****   /* Configure Flash prefetch */
 188              		.loc 1 143 1 is_stmt 1 view -0
 189              		.cfi_startproc
 190              		@ args = 0, pretend = 0, frame = 0
 191              		@ frame_needed = 0, uses_anonymous_args = 0
 192 0000 08B5     		push	{r3, lr}
 193              	.LCFI2:
 194              		.cfi_def_cfa_offset 8
 195              		.cfi_offset 3, -8
 196              		.cfi_offset 14, -4
 152:Drivers/STM32F1xx_HAL_Driver/Src/stm32f1xx_hal.c **** #endif
ARM GAS  /tmp/ccX6VyNP.s 			page 9


 197              		.loc 1 152 3 view .LVU31
 198 0002 074A     		ldr	r2, .L17
 199 0004 1368     		ldr	r3, [r2]
 200 0006 43F01003 		orr	r3, r3, #16
 201 000a 1360     		str	r3, [r2]
 157:Drivers/STM32F1xx_HAL_Driver/Src/stm32f1xx_hal.c **** 
 202              		.loc 1 157 3 view .LVU32
 203 000c 0320     		movs	r0, #3
 204 000e FFF7FEFF 		bl	HAL_NVIC_SetPriorityGrouping
 205              	.LVL6:
 160:Drivers/STM32F1xx_HAL_Driver/Src/stm32f1xx_hal.c **** 
 206              		.loc 1 160 3 view .LVU33
 207 0012 0020     		movs	r0, #0
 208 0014 FFF7FEFF 		bl	HAL_InitTick
 209              	.LVL7:
 163:Drivers/STM32F1xx_HAL_Driver/Src/stm32f1xx_hal.c **** 
 210              		.loc 1 163 3 view .LVU34
 211 0018 FFF7FEFF 		bl	HAL_MspInit
 212              	.LVL8:
 166:Drivers/STM32F1xx_HAL_Driver/Src/stm32f1xx_hal.c **** }
 213              		.loc 1 166 3 view .LVU35
 167:Drivers/STM32F1xx_HAL_Driver/Src/stm32f1xx_hal.c **** 
 214              		.loc 1 167 1 is_stmt 0 view .LVU36
 215 001c 0020     		movs	r0, #0
 216 001e 08BD     		pop	{r3, pc}
 217              	.L18:
 218              		.align	2
 219              	.L17:
 220 0020 00200240 		.word	1073881088
 221              		.cfi_endproc
 222              	.LFE65:
 224              		.section	.text.HAL_IncTick,"ax",%progbits
 225              		.align	1
 226              		.weak	HAL_IncTick
 227              		.syntax unified
 228              		.thumb
 229              		.thumb_func
 230              		.fpu softvfp
 232              	HAL_IncTick:
 233              	.LFB70:
 256:Drivers/STM32F1xx_HAL_Driver/Src/stm32f1xx_hal.c **** 
 257:Drivers/STM32F1xx_HAL_Driver/Src/stm32f1xx_hal.c **** /**
 258:Drivers/STM32F1xx_HAL_Driver/Src/stm32f1xx_hal.c ****   * @}
 259:Drivers/STM32F1xx_HAL_Driver/Src/stm32f1xx_hal.c ****   */
 260:Drivers/STM32F1xx_HAL_Driver/Src/stm32f1xx_hal.c **** 
 261:Drivers/STM32F1xx_HAL_Driver/Src/stm32f1xx_hal.c **** /** @defgroup HAL_Exported_Functions_Group2 HAL Control functions
 262:Drivers/STM32F1xx_HAL_Driver/Src/stm32f1xx_hal.c ****   *  @brief    HAL Control functions
 263:Drivers/STM32F1xx_HAL_Driver/Src/stm32f1xx_hal.c ****   *
 264:Drivers/STM32F1xx_HAL_Driver/Src/stm32f1xx_hal.c **** @verbatim
 265:Drivers/STM32F1xx_HAL_Driver/Src/stm32f1xx_hal.c ****  ===============================================================================
 266:Drivers/STM32F1xx_HAL_Driver/Src/stm32f1xx_hal.c ****                       ##### HAL Control functions #####
 267:Drivers/STM32F1xx_HAL_Driver/Src/stm32f1xx_hal.c ****  ===============================================================================
 268:Drivers/STM32F1xx_HAL_Driver/Src/stm32f1xx_hal.c ****     [..]  This section provides functions allowing to:
 269:Drivers/STM32F1xx_HAL_Driver/Src/stm32f1xx_hal.c ****       (+) Provide a tick value in millisecond
 270:Drivers/STM32F1xx_HAL_Driver/Src/stm32f1xx_hal.c ****       (+) Provide a blocking delay in millisecond
 271:Drivers/STM32F1xx_HAL_Driver/Src/stm32f1xx_hal.c ****       (+) Suspend the time base source interrupt
 272:Drivers/STM32F1xx_HAL_Driver/Src/stm32f1xx_hal.c ****       (+) Resume the time base source interrupt
ARM GAS  /tmp/ccX6VyNP.s 			page 10


 273:Drivers/STM32F1xx_HAL_Driver/Src/stm32f1xx_hal.c ****       (+) Get the HAL API driver version
 274:Drivers/STM32F1xx_HAL_Driver/Src/stm32f1xx_hal.c ****       (+) Get the device identifier
 275:Drivers/STM32F1xx_HAL_Driver/Src/stm32f1xx_hal.c ****       (+) Get the device revision identifier
 276:Drivers/STM32F1xx_HAL_Driver/Src/stm32f1xx_hal.c ****       (+) Enable/Disable Debug module during SLEEP mode
 277:Drivers/STM32F1xx_HAL_Driver/Src/stm32f1xx_hal.c ****       (+) Enable/Disable Debug module during STOP mode
 278:Drivers/STM32F1xx_HAL_Driver/Src/stm32f1xx_hal.c ****       (+) Enable/Disable Debug module during STANDBY mode
 279:Drivers/STM32F1xx_HAL_Driver/Src/stm32f1xx_hal.c **** 
 280:Drivers/STM32F1xx_HAL_Driver/Src/stm32f1xx_hal.c **** @endverbatim
 281:Drivers/STM32F1xx_HAL_Driver/Src/stm32f1xx_hal.c ****   * @{
 282:Drivers/STM32F1xx_HAL_Driver/Src/stm32f1xx_hal.c ****   */
 283:Drivers/STM32F1xx_HAL_Driver/Src/stm32f1xx_hal.c **** 
 284:Drivers/STM32F1xx_HAL_Driver/Src/stm32f1xx_hal.c **** /**
 285:Drivers/STM32F1xx_HAL_Driver/Src/stm32f1xx_hal.c ****   * @brief This function is called to increment  a global variable "uwTick"
 286:Drivers/STM32F1xx_HAL_Driver/Src/stm32f1xx_hal.c ****   *        used as application time base.
 287:Drivers/STM32F1xx_HAL_Driver/Src/stm32f1xx_hal.c ****   * @note In the default implementation, this variable is incremented each 1ms
 288:Drivers/STM32F1xx_HAL_Driver/Src/stm32f1xx_hal.c ****   *       in SysTick ISR.
 289:Drivers/STM32F1xx_HAL_Driver/Src/stm32f1xx_hal.c ****   * @note This function is declared as __weak to be overwritten in case of other
 290:Drivers/STM32F1xx_HAL_Driver/Src/stm32f1xx_hal.c ****   *      implementations in user file.
 291:Drivers/STM32F1xx_HAL_Driver/Src/stm32f1xx_hal.c ****   * @retval None
 292:Drivers/STM32F1xx_HAL_Driver/Src/stm32f1xx_hal.c ****   */
 293:Drivers/STM32F1xx_HAL_Driver/Src/stm32f1xx_hal.c **** __weak void HAL_IncTick(void)
 294:Drivers/STM32F1xx_HAL_Driver/Src/stm32f1xx_hal.c **** {
 234              		.loc 1 294 1 is_stmt 1 view -0
 235              		.cfi_startproc
 236              		@ args = 0, pretend = 0, frame = 0
 237              		@ frame_needed = 0, uses_anonymous_args = 0
 238              		@ link register save eliminated.
 295:Drivers/STM32F1xx_HAL_Driver/Src/stm32f1xx_hal.c ****   uwTick += uwTickFreq;
 239              		.loc 1 295 3 view .LVU38
 240              		.loc 1 295 10 is_stmt 0 view .LVU39
 241 0000 034A     		ldr	r2, .L20
 242 0002 1168     		ldr	r1, [r2]
 243 0004 034B     		ldr	r3, .L20+4
 244 0006 1B78     		ldrb	r3, [r3]	@ zero_extendqisi2
 245 0008 0B44     		add	r3, r3, r1
 246 000a 1360     		str	r3, [r2]
 296:Drivers/STM32F1xx_HAL_Driver/Src/stm32f1xx_hal.c **** }
 247              		.loc 1 296 1 view .LVU40
 248 000c 7047     		bx	lr
 249              	.L21:
 250 000e 00BF     		.align	2
 251              	.L20:
 252 0010 00000000 		.word	uwTick
 253 0014 00000000 		.word	.LANCHOR0
 254              		.cfi_endproc
 255              	.LFE70:
 257              		.section	.text.HAL_GetTick,"ax",%progbits
 258              		.align	1
 259              		.weak	HAL_GetTick
 260              		.syntax unified
 261              		.thumb
 262              		.thumb_func
 263              		.fpu softvfp
 265              	HAL_GetTick:
 266              	.LFB71:
 297:Drivers/STM32F1xx_HAL_Driver/Src/stm32f1xx_hal.c **** 
 298:Drivers/STM32F1xx_HAL_Driver/Src/stm32f1xx_hal.c **** /**
ARM GAS  /tmp/ccX6VyNP.s 			page 11


 299:Drivers/STM32F1xx_HAL_Driver/Src/stm32f1xx_hal.c ****   * @brief Provides a tick value in millisecond.
 300:Drivers/STM32F1xx_HAL_Driver/Src/stm32f1xx_hal.c ****   * @note  This function is declared as __weak to be overwritten in case of other
 301:Drivers/STM32F1xx_HAL_Driver/Src/stm32f1xx_hal.c ****   *       implementations in user file.
 302:Drivers/STM32F1xx_HAL_Driver/Src/stm32f1xx_hal.c ****   * @retval tick value
 303:Drivers/STM32F1xx_HAL_Driver/Src/stm32f1xx_hal.c ****   */
 304:Drivers/STM32F1xx_HAL_Driver/Src/stm32f1xx_hal.c **** __weak uint32_t HAL_GetTick(void)
 305:Drivers/STM32F1xx_HAL_Driver/Src/stm32f1xx_hal.c **** {
 267              		.loc 1 305 1 is_stmt 1 view -0
 268              		.cfi_startproc
 269              		@ args = 0, pretend = 0, frame = 0
 270              		@ frame_needed = 0, uses_anonymous_args = 0
 271              		@ link register save eliminated.
 306:Drivers/STM32F1xx_HAL_Driver/Src/stm32f1xx_hal.c ****   return uwTick;
 272              		.loc 1 306 3 view .LVU42
 273              		.loc 1 306 10 is_stmt 0 view .LVU43
 274 0000 014B     		ldr	r3, .L23
 275 0002 1868     		ldr	r0, [r3]
 307:Drivers/STM32F1xx_HAL_Driver/Src/stm32f1xx_hal.c **** }
 276              		.loc 1 307 1 view .LVU44
 277 0004 7047     		bx	lr
 278              	.L24:
 279 0006 00BF     		.align	2
 280              	.L23:
 281 0008 00000000 		.word	uwTick
 282              		.cfi_endproc
 283              	.LFE71:
 285              		.section	.text.HAL_GetTickPrio,"ax",%progbits
 286              		.align	1
 287              		.global	HAL_GetTickPrio
 288              		.syntax unified
 289              		.thumb
 290              		.thumb_func
 291              		.fpu softvfp
 293              	HAL_GetTickPrio:
 294              	.LFB72:
 308:Drivers/STM32F1xx_HAL_Driver/Src/stm32f1xx_hal.c **** 
 309:Drivers/STM32F1xx_HAL_Driver/Src/stm32f1xx_hal.c **** /**
 310:Drivers/STM32F1xx_HAL_Driver/Src/stm32f1xx_hal.c ****   * @brief This function returns a tick priority.
 311:Drivers/STM32F1xx_HAL_Driver/Src/stm32f1xx_hal.c ****   * @retval tick priority
 312:Drivers/STM32F1xx_HAL_Driver/Src/stm32f1xx_hal.c ****   */
 313:Drivers/STM32F1xx_HAL_Driver/Src/stm32f1xx_hal.c **** uint32_t HAL_GetTickPrio(void)
 314:Drivers/STM32F1xx_HAL_Driver/Src/stm32f1xx_hal.c **** {
 295              		.loc 1 314 1 is_stmt 1 view -0
 296              		.cfi_startproc
 297              		@ args = 0, pretend = 0, frame = 0
 298              		@ frame_needed = 0, uses_anonymous_args = 0
 299              		@ link register save eliminated.
 315:Drivers/STM32F1xx_HAL_Driver/Src/stm32f1xx_hal.c ****   return uwTickPrio;
 300              		.loc 1 315 3 view .LVU46
 316:Drivers/STM32F1xx_HAL_Driver/Src/stm32f1xx_hal.c **** }
 301              		.loc 1 316 1 is_stmt 0 view .LVU47
 302 0000 014B     		ldr	r3, .L26
 303 0002 1868     		ldr	r0, [r3]
 304 0004 7047     		bx	lr
 305              	.L27:
 306 0006 00BF     		.align	2
 307              	.L26:
ARM GAS  /tmp/ccX6VyNP.s 			page 12


 308 0008 00000000 		.word	.LANCHOR1
 309              		.cfi_endproc
 310              	.LFE72:
 312              		.section	.text.HAL_SetTickFreq,"ax",%progbits
 313              		.align	1
 314              		.global	HAL_SetTickFreq
 315              		.syntax unified
 316              		.thumb
 317              		.thumb_func
 318              		.fpu softvfp
 320              	HAL_SetTickFreq:
 321              	.LVL9:
 322              	.LFB73:
 317:Drivers/STM32F1xx_HAL_Driver/Src/stm32f1xx_hal.c **** 
 318:Drivers/STM32F1xx_HAL_Driver/Src/stm32f1xx_hal.c **** /**
 319:Drivers/STM32F1xx_HAL_Driver/Src/stm32f1xx_hal.c ****   * @brief Set new tick Freq.
 320:Drivers/STM32F1xx_HAL_Driver/Src/stm32f1xx_hal.c ****   * @retval status
 321:Drivers/STM32F1xx_HAL_Driver/Src/stm32f1xx_hal.c ****   */
 322:Drivers/STM32F1xx_HAL_Driver/Src/stm32f1xx_hal.c **** HAL_StatusTypeDef HAL_SetTickFreq(HAL_TickFreqTypeDef Freq)
 323:Drivers/STM32F1xx_HAL_Driver/Src/stm32f1xx_hal.c **** {
 323              		.loc 1 323 1 is_stmt 1 view -0
 324              		.cfi_startproc
 325              		@ args = 0, pretend = 0, frame = 0
 326              		@ frame_needed = 0, uses_anonymous_args = 0
 327              		.loc 1 323 1 is_stmt 0 view .LVU49
 328 0000 38B5     		push	{r3, r4, r5, lr}
 329              	.LCFI3:
 330              		.cfi_def_cfa_offset 16
 331              		.cfi_offset 3, -16
 332              		.cfi_offset 4, -12
 333              		.cfi_offset 5, -8
 334              		.cfi_offset 14, -4
 335 0002 0446     		mov	r4, r0
 324:Drivers/STM32F1xx_HAL_Driver/Src/stm32f1xx_hal.c ****   HAL_StatusTypeDef status  = HAL_OK;
 336              		.loc 1 324 3 is_stmt 1 view .LVU50
 337              	.LVL10:
 325:Drivers/STM32F1xx_HAL_Driver/Src/stm32f1xx_hal.c ****   HAL_TickFreqTypeDef prevTickFreq;
 338              		.loc 1 325 3 view .LVU51
 326:Drivers/STM32F1xx_HAL_Driver/Src/stm32f1xx_hal.c **** 
 327:Drivers/STM32F1xx_HAL_Driver/Src/stm32f1xx_hal.c ****   assert_param(IS_TICKFREQ(Freq));
 339              		.loc 1 327 3 view .LVU52
 340 0004 6428     		cmp	r0, #100
 341 0006 03D0     		beq	.L29
 342              		.loc 1 327 3 is_stmt 0 discriminator 1 view .LVU53
 343 0008 0A28     		cmp	r0, #10
 344 000a 01D0     		beq	.L29
 345              		.loc 1 327 3 discriminator 2 view .LVU54
 346 000c 0128     		cmp	r0, #1
 347 000e 06D1     		bne	.L33
 348              	.LVL11:
 349              	.L29:
 328:Drivers/STM32F1xx_HAL_Driver/Src/stm32f1xx_hal.c **** 
 329:Drivers/STM32F1xx_HAL_Driver/Src/stm32f1xx_hal.c ****   if (uwTickFreq != Freq)
 350              		.loc 1 329 3 is_stmt 1 view .LVU55
 351              		.loc 1 329 18 is_stmt 0 view .LVU56
 352 0010 0B4B     		ldr	r3, .L35
 353 0012 1D78     		ldrb	r5, [r3]	@ zero_extendqisi2
ARM GAS  /tmp/ccX6VyNP.s 			page 13


 354              		.loc 1 329 6 view .LVU57
 355 0014 A542     		cmp	r5, r4
 356 0016 08D1     		bne	.L34
 324:Drivers/STM32F1xx_HAL_Driver/Src/stm32f1xx_hal.c ****   HAL_TickFreqTypeDef prevTickFreq;
 357              		.loc 1 324 21 view .LVU58
 358 0018 0023     		movs	r3, #0
 359              	.LVL12:
 360              	.L30:
 330:Drivers/STM32F1xx_HAL_Driver/Src/stm32f1xx_hal.c ****   {
 331:Drivers/STM32F1xx_HAL_Driver/Src/stm32f1xx_hal.c ****     /* Back up uwTickFreq frequency */
 332:Drivers/STM32F1xx_HAL_Driver/Src/stm32f1xx_hal.c ****     prevTickFreq = uwTickFreq;
 333:Drivers/STM32F1xx_HAL_Driver/Src/stm32f1xx_hal.c **** 
 334:Drivers/STM32F1xx_HAL_Driver/Src/stm32f1xx_hal.c ****     /* Update uwTickFreq global variable used by HAL_InitTick() */
 335:Drivers/STM32F1xx_HAL_Driver/Src/stm32f1xx_hal.c ****     uwTickFreq = Freq;
 336:Drivers/STM32F1xx_HAL_Driver/Src/stm32f1xx_hal.c **** 
 337:Drivers/STM32F1xx_HAL_Driver/Src/stm32f1xx_hal.c ****     /* Apply the new tick Freq  */
 338:Drivers/STM32F1xx_HAL_Driver/Src/stm32f1xx_hal.c ****     status = HAL_InitTick(uwTickPrio);
 339:Drivers/STM32F1xx_HAL_Driver/Src/stm32f1xx_hal.c **** 
 340:Drivers/STM32F1xx_HAL_Driver/Src/stm32f1xx_hal.c ****     if (status != HAL_OK)
 341:Drivers/STM32F1xx_HAL_Driver/Src/stm32f1xx_hal.c ****     {
 342:Drivers/STM32F1xx_HAL_Driver/Src/stm32f1xx_hal.c ****       /* Restore previous tick frequency */
 343:Drivers/STM32F1xx_HAL_Driver/Src/stm32f1xx_hal.c ****       uwTickFreq = prevTickFreq;
 344:Drivers/STM32F1xx_HAL_Driver/Src/stm32f1xx_hal.c ****     }
 345:Drivers/STM32F1xx_HAL_Driver/Src/stm32f1xx_hal.c ****   }
 346:Drivers/STM32F1xx_HAL_Driver/Src/stm32f1xx_hal.c **** 
 347:Drivers/STM32F1xx_HAL_Driver/Src/stm32f1xx_hal.c ****   return status;
 361              		.loc 1 347 3 is_stmt 1 view .LVU59
 348:Drivers/STM32F1xx_HAL_Driver/Src/stm32f1xx_hal.c **** }
 362              		.loc 1 348 1 is_stmt 0 view .LVU60
 363 001a 1846     		mov	r0, r3
 364 001c 38BD     		pop	{r3, r4, r5, pc}
 365              	.LVL13:
 366              	.L33:
 327:Drivers/STM32F1xx_HAL_Driver/Src/stm32f1xx_hal.c **** 
 367              		.loc 1 327 3 discriminator 3 view .LVU61
 368 001e 40F24711 		movw	r1, #327
 369 0022 0848     		ldr	r0, .L35+4
 370              	.LVL14:
 327:Drivers/STM32F1xx_HAL_Driver/Src/stm32f1xx_hal.c **** 
 371              		.loc 1 327 3 discriminator 3 view .LVU62
 372 0024 FFF7FEFF 		bl	assert_failed
 373              	.LVL15:
 374 0028 F2E7     		b	.L29
 375              	.L34:
 332:Drivers/STM32F1xx_HAL_Driver/Src/stm32f1xx_hal.c **** 
 376              		.loc 1 332 5 is_stmt 1 view .LVU63
 377              	.LVL16:
 335:Drivers/STM32F1xx_HAL_Driver/Src/stm32f1xx_hal.c **** 
 378              		.loc 1 335 5 view .LVU64
 335:Drivers/STM32F1xx_HAL_Driver/Src/stm32f1xx_hal.c **** 
 379              		.loc 1 335 16 is_stmt 0 view .LVU65
 380 002a 1C70     		strb	r4, [r3]
 338:Drivers/STM32F1xx_HAL_Driver/Src/stm32f1xx_hal.c **** 
 381              		.loc 1 338 5 is_stmt 1 view .LVU66
 338:Drivers/STM32F1xx_HAL_Driver/Src/stm32f1xx_hal.c **** 
 382              		.loc 1 338 14 is_stmt 0 view .LVU67
 383 002c 064B     		ldr	r3, .L35+8
ARM GAS  /tmp/ccX6VyNP.s 			page 14


 384 002e 1868     		ldr	r0, [r3]
 385 0030 FFF7FEFF 		bl	HAL_InitTick
 386              	.LVL17:
 340:Drivers/STM32F1xx_HAL_Driver/Src/stm32f1xx_hal.c ****     {
 387              		.loc 1 340 5 is_stmt 1 view .LVU68
 340:Drivers/STM32F1xx_HAL_Driver/Src/stm32f1xx_hal.c ****     {
 388              		.loc 1 340 8 is_stmt 0 view .LVU69
 389 0034 0346     		mov	r3, r0
 390 0036 0028     		cmp	r0, #0
 391 0038 EFD0     		beq	.L30
 343:Drivers/STM32F1xx_HAL_Driver/Src/stm32f1xx_hal.c ****     }
 392              		.loc 1 343 7 is_stmt 1 view .LVU70
 343:Drivers/STM32F1xx_HAL_Driver/Src/stm32f1xx_hal.c ****     }
 393              		.loc 1 343 18 is_stmt 0 view .LVU71
 394 003a 014A     		ldr	r2, .L35
 395 003c 1570     		strb	r5, [r2]
 396 003e ECE7     		b	.L30
 397              	.L36:
 398              		.align	2
 399              	.L35:
 400 0040 00000000 		.word	.LANCHOR0
 401 0044 00000000 		.word	.LC0
 402 0048 00000000 		.word	.LANCHOR1
 403              		.cfi_endproc
 404              	.LFE73:
 406              		.section	.text.HAL_GetTickFreq,"ax",%progbits
 407              		.align	1
 408              		.global	HAL_GetTickFreq
 409              		.syntax unified
 410              		.thumb
 411              		.thumb_func
 412              		.fpu softvfp
 414              	HAL_GetTickFreq:
 415              	.LFB74:
 349:Drivers/STM32F1xx_HAL_Driver/Src/stm32f1xx_hal.c **** 
 350:Drivers/STM32F1xx_HAL_Driver/Src/stm32f1xx_hal.c **** /**
 351:Drivers/STM32F1xx_HAL_Driver/Src/stm32f1xx_hal.c ****   * @brief Return tick frequency.
 352:Drivers/STM32F1xx_HAL_Driver/Src/stm32f1xx_hal.c ****   * @retval tick period in Hz
 353:Drivers/STM32F1xx_HAL_Driver/Src/stm32f1xx_hal.c ****   */
 354:Drivers/STM32F1xx_HAL_Driver/Src/stm32f1xx_hal.c **** HAL_TickFreqTypeDef HAL_GetTickFreq(void)
 355:Drivers/STM32F1xx_HAL_Driver/Src/stm32f1xx_hal.c **** {
 416              		.loc 1 355 1 is_stmt 1 view -0
 417              		.cfi_startproc
 418              		@ args = 0, pretend = 0, frame = 0
 419              		@ frame_needed = 0, uses_anonymous_args = 0
 420              		@ link register save eliminated.
 356:Drivers/STM32F1xx_HAL_Driver/Src/stm32f1xx_hal.c ****   return uwTickFreq;
 421              		.loc 1 356 3 view .LVU73
 357:Drivers/STM32F1xx_HAL_Driver/Src/stm32f1xx_hal.c **** }
 422              		.loc 1 357 1 is_stmt 0 view .LVU74
 423 0000 014B     		ldr	r3, .L38
 424 0002 1878     		ldrb	r0, [r3]	@ zero_extendqisi2
 425 0004 7047     		bx	lr
 426              	.L39:
 427 0006 00BF     		.align	2
 428              	.L38:
 429 0008 00000000 		.word	.LANCHOR0
ARM GAS  /tmp/ccX6VyNP.s 			page 15


 430              		.cfi_endproc
 431              	.LFE74:
 433              		.section	.text.HAL_Delay,"ax",%progbits
 434              		.align	1
 435              		.weak	HAL_Delay
 436              		.syntax unified
 437              		.thumb
 438              		.thumb_func
 439              		.fpu softvfp
 441              	HAL_Delay:
 442              	.LVL18:
 443              	.LFB75:
 358:Drivers/STM32F1xx_HAL_Driver/Src/stm32f1xx_hal.c **** 
 359:Drivers/STM32F1xx_HAL_Driver/Src/stm32f1xx_hal.c **** /**
 360:Drivers/STM32F1xx_HAL_Driver/Src/stm32f1xx_hal.c ****   * @brief This function provides minimum delay (in milliseconds) based
 361:Drivers/STM32F1xx_HAL_Driver/Src/stm32f1xx_hal.c ****   *        on variable incremented.
 362:Drivers/STM32F1xx_HAL_Driver/Src/stm32f1xx_hal.c ****   * @note In the default implementation , SysTick timer is the source of time base.
 363:Drivers/STM32F1xx_HAL_Driver/Src/stm32f1xx_hal.c ****   *       It is used to generate interrupts at regular time intervals where uwTick
 364:Drivers/STM32F1xx_HAL_Driver/Src/stm32f1xx_hal.c ****   *       is incremented.
 365:Drivers/STM32F1xx_HAL_Driver/Src/stm32f1xx_hal.c ****   * @note This function is declared as __weak to be overwritten in case of other
 366:Drivers/STM32F1xx_HAL_Driver/Src/stm32f1xx_hal.c ****   *       implementations in user file.
 367:Drivers/STM32F1xx_HAL_Driver/Src/stm32f1xx_hal.c ****   * @param Delay specifies the delay time length, in milliseconds.
 368:Drivers/STM32F1xx_HAL_Driver/Src/stm32f1xx_hal.c ****   * @retval None
 369:Drivers/STM32F1xx_HAL_Driver/Src/stm32f1xx_hal.c ****   */
 370:Drivers/STM32F1xx_HAL_Driver/Src/stm32f1xx_hal.c **** __weak void HAL_Delay(uint32_t Delay)
 371:Drivers/STM32F1xx_HAL_Driver/Src/stm32f1xx_hal.c **** {
 444              		.loc 1 371 1 is_stmt 1 view -0
 445              		.cfi_startproc
 446              		@ args = 0, pretend = 0, frame = 0
 447              		@ frame_needed = 0, uses_anonymous_args = 0
 448              		.loc 1 371 1 is_stmt 0 view .LVU76
 449 0000 38B5     		push	{r3, r4, r5, lr}
 450              	.LCFI4:
 451              		.cfi_def_cfa_offset 16
 452              		.cfi_offset 3, -16
 453              		.cfi_offset 4, -12
 454              		.cfi_offset 5, -8
 455              		.cfi_offset 14, -4
 456 0002 0446     		mov	r4, r0
 372:Drivers/STM32F1xx_HAL_Driver/Src/stm32f1xx_hal.c ****   uint32_t tickstart = HAL_GetTick();
 457              		.loc 1 372 3 is_stmt 1 view .LVU77
 458              		.loc 1 372 24 is_stmt 0 view .LVU78
 459 0004 FFF7FEFF 		bl	HAL_GetTick
 460              	.LVL19:
 461              		.loc 1 372 24 view .LVU79
 462 0008 0546     		mov	r5, r0
 463              	.LVL20:
 373:Drivers/STM32F1xx_HAL_Driver/Src/stm32f1xx_hal.c ****   uint32_t wait = Delay;
 464              		.loc 1 373 3 is_stmt 1 view .LVU80
 374:Drivers/STM32F1xx_HAL_Driver/Src/stm32f1xx_hal.c **** 
 375:Drivers/STM32F1xx_HAL_Driver/Src/stm32f1xx_hal.c ****   /* Add a freq to guarantee minimum wait */
 376:Drivers/STM32F1xx_HAL_Driver/Src/stm32f1xx_hal.c ****   if (wait < HAL_MAX_DELAY)
 465              		.loc 1 376 3 view .LVU81
 466              		.loc 1 376 6 is_stmt 0 view .LVU82
 467 000a B4F1FF3F 		cmp	r4, #-1
 468 000e 02D0     		beq	.L42
 377:Drivers/STM32F1xx_HAL_Driver/Src/stm32f1xx_hal.c ****   {
ARM GAS  /tmp/ccX6VyNP.s 			page 16


 378:Drivers/STM32F1xx_HAL_Driver/Src/stm32f1xx_hal.c ****     wait += (uint32_t)(uwTickFreq);
 469              		.loc 1 378 5 is_stmt 1 view .LVU83
 470              		.loc 1 378 13 is_stmt 0 view .LVU84
 471 0010 044B     		ldr	r3, .L44
 472 0012 1B78     		ldrb	r3, [r3]	@ zero_extendqisi2
 473              		.loc 1 378 10 view .LVU85
 474 0014 1C44     		add	r4, r4, r3
 475              	.LVL21:
 476              	.L42:
 379:Drivers/STM32F1xx_HAL_Driver/Src/stm32f1xx_hal.c ****   }
 380:Drivers/STM32F1xx_HAL_Driver/Src/stm32f1xx_hal.c **** 
 381:Drivers/STM32F1xx_HAL_Driver/Src/stm32f1xx_hal.c ****   while ((HAL_GetTick() - tickstart) < wait)
 382:Drivers/STM32F1xx_HAL_Driver/Src/stm32f1xx_hal.c ****   {
 383:Drivers/STM32F1xx_HAL_Driver/Src/stm32f1xx_hal.c ****   }
 477              		.loc 1 383 3 is_stmt 1 discriminator 1 view .LVU86
 381:Drivers/STM32F1xx_HAL_Driver/Src/stm32f1xx_hal.c ****   {
 478              		.loc 1 381 11 is_stmt 0 discriminator 1 view .LVU87
 479 0016 FFF7FEFF 		bl	HAL_GetTick
 480              	.LVL22:
 381:Drivers/STM32F1xx_HAL_Driver/Src/stm32f1xx_hal.c ****   {
 481              		.loc 1 381 25 discriminator 1 view .LVU88
 482 001a 401B     		subs	r0, r0, r5
 381:Drivers/STM32F1xx_HAL_Driver/Src/stm32f1xx_hal.c ****   {
 483              		.loc 1 381 9 discriminator 1 view .LVU89
 484 001c A042     		cmp	r0, r4
 485 001e FAD3     		bcc	.L42
 384:Drivers/STM32F1xx_HAL_Driver/Src/stm32f1xx_hal.c **** }
 486              		.loc 1 384 1 view .LVU90
 487 0020 38BD     		pop	{r3, r4, r5, pc}
 488              	.LVL23:
 489              	.L45:
 490              		.loc 1 384 1 view .LVU91
 491 0022 00BF     		.align	2
 492              	.L44:
 493 0024 00000000 		.word	.LANCHOR0
 494              		.cfi_endproc
 495              	.LFE75:
 497              		.section	.text.HAL_SuspendTick,"ax",%progbits
 498              		.align	1
 499              		.weak	HAL_SuspendTick
 500              		.syntax unified
 501              		.thumb
 502              		.thumb_func
 503              		.fpu softvfp
 505              	HAL_SuspendTick:
 506              	.LFB76:
 385:Drivers/STM32F1xx_HAL_Driver/Src/stm32f1xx_hal.c **** 
 386:Drivers/STM32F1xx_HAL_Driver/Src/stm32f1xx_hal.c **** /**
 387:Drivers/STM32F1xx_HAL_Driver/Src/stm32f1xx_hal.c ****   * @brief Suspend Tick increment.
 388:Drivers/STM32F1xx_HAL_Driver/Src/stm32f1xx_hal.c ****   * @note In the default implementation , SysTick timer is the source of time base. It is
 389:Drivers/STM32F1xx_HAL_Driver/Src/stm32f1xx_hal.c ****   *       used to generate interrupts at regular time intervals. Once HAL_SuspendTick()
 390:Drivers/STM32F1xx_HAL_Driver/Src/stm32f1xx_hal.c ****   *       is called, the SysTick interrupt will be disabled and so Tick increment
 391:Drivers/STM32F1xx_HAL_Driver/Src/stm32f1xx_hal.c ****   *       is suspended.
 392:Drivers/STM32F1xx_HAL_Driver/Src/stm32f1xx_hal.c ****   * @note This function is declared as __weak to be overwritten in case of other
 393:Drivers/STM32F1xx_HAL_Driver/Src/stm32f1xx_hal.c ****   *       implementations in user file.
 394:Drivers/STM32F1xx_HAL_Driver/Src/stm32f1xx_hal.c ****   * @retval None
 395:Drivers/STM32F1xx_HAL_Driver/Src/stm32f1xx_hal.c ****   */
ARM GAS  /tmp/ccX6VyNP.s 			page 17


 396:Drivers/STM32F1xx_HAL_Driver/Src/stm32f1xx_hal.c **** __weak void HAL_SuspendTick(void)
 397:Drivers/STM32F1xx_HAL_Driver/Src/stm32f1xx_hal.c **** {
 507              		.loc 1 397 1 is_stmt 1 view -0
 508              		.cfi_startproc
 509              		@ args = 0, pretend = 0, frame = 0
 510              		@ frame_needed = 0, uses_anonymous_args = 0
 511              		@ link register save eliminated.
 398:Drivers/STM32F1xx_HAL_Driver/Src/stm32f1xx_hal.c ****   /* Disable SysTick Interrupt */
 399:Drivers/STM32F1xx_HAL_Driver/Src/stm32f1xx_hal.c ****   CLEAR_BIT(SysTick->CTRL, SysTick_CTRL_TICKINT_Msk);
 512              		.loc 1 399 3 view .LVU93
 513 0000 024A     		ldr	r2, .L47
 514 0002 1368     		ldr	r3, [r2]
 515 0004 23F00203 		bic	r3, r3, #2
 516 0008 1360     		str	r3, [r2]
 400:Drivers/STM32F1xx_HAL_Driver/Src/stm32f1xx_hal.c **** }
 517              		.loc 1 400 1 is_stmt 0 view .LVU94
 518 000a 7047     		bx	lr
 519              	.L48:
 520              		.align	2
 521              	.L47:
 522 000c 10E000E0 		.word	-536813552
 523              		.cfi_endproc
 524              	.LFE76:
 526              		.section	.text.HAL_ResumeTick,"ax",%progbits
 527              		.align	1
 528              		.weak	HAL_ResumeTick
 529              		.syntax unified
 530              		.thumb
 531              		.thumb_func
 532              		.fpu softvfp
 534              	HAL_ResumeTick:
 535              	.LFB77:
 401:Drivers/STM32F1xx_HAL_Driver/Src/stm32f1xx_hal.c **** 
 402:Drivers/STM32F1xx_HAL_Driver/Src/stm32f1xx_hal.c **** /**
 403:Drivers/STM32F1xx_HAL_Driver/Src/stm32f1xx_hal.c ****   * @brief Resume Tick increment.
 404:Drivers/STM32F1xx_HAL_Driver/Src/stm32f1xx_hal.c ****   * @note In the default implementation , SysTick timer is the source of time base. It is
 405:Drivers/STM32F1xx_HAL_Driver/Src/stm32f1xx_hal.c ****   *       used to generate interrupts at regular time intervals. Once HAL_ResumeTick()
 406:Drivers/STM32F1xx_HAL_Driver/Src/stm32f1xx_hal.c ****   *       is called, the SysTick interrupt will be enabled and so Tick increment
 407:Drivers/STM32F1xx_HAL_Driver/Src/stm32f1xx_hal.c ****   *       is resumed.
 408:Drivers/STM32F1xx_HAL_Driver/Src/stm32f1xx_hal.c ****   * @note This function is declared as __weak to be overwritten in case of other
 409:Drivers/STM32F1xx_HAL_Driver/Src/stm32f1xx_hal.c ****   *       implementations in user file.
 410:Drivers/STM32F1xx_HAL_Driver/Src/stm32f1xx_hal.c ****   * @retval None
 411:Drivers/STM32F1xx_HAL_Driver/Src/stm32f1xx_hal.c ****   */
 412:Drivers/STM32F1xx_HAL_Driver/Src/stm32f1xx_hal.c **** __weak void HAL_ResumeTick(void)
 413:Drivers/STM32F1xx_HAL_Driver/Src/stm32f1xx_hal.c **** {
 536              		.loc 1 413 1 is_stmt 1 view -0
 537              		.cfi_startproc
 538              		@ args = 0, pretend = 0, frame = 0
 539              		@ frame_needed = 0, uses_anonymous_args = 0
 540              		@ link register save eliminated.
 414:Drivers/STM32F1xx_HAL_Driver/Src/stm32f1xx_hal.c ****   /* Enable SysTick Interrupt */
 415:Drivers/STM32F1xx_HAL_Driver/Src/stm32f1xx_hal.c ****   SET_BIT(SysTick->CTRL, SysTick_CTRL_TICKINT_Msk);
 541              		.loc 1 415 3 view .LVU96
 542 0000 024A     		ldr	r2, .L50
 543 0002 1368     		ldr	r3, [r2]
 544 0004 43F00203 		orr	r3, r3, #2
 545 0008 1360     		str	r3, [r2]
ARM GAS  /tmp/ccX6VyNP.s 			page 18


 416:Drivers/STM32F1xx_HAL_Driver/Src/stm32f1xx_hal.c **** }
 546              		.loc 1 416 1 is_stmt 0 view .LVU97
 547 000a 7047     		bx	lr
 548              	.L51:
 549              		.align	2
 550              	.L50:
 551 000c 10E000E0 		.word	-536813552
 552              		.cfi_endproc
 553              	.LFE77:
 555              		.section	.text.HAL_GetHalVersion,"ax",%progbits
 556              		.align	1
 557              		.global	HAL_GetHalVersion
 558              		.syntax unified
 559              		.thumb
 560              		.thumb_func
 561              		.fpu softvfp
 563              	HAL_GetHalVersion:
 564              	.LFB78:
 417:Drivers/STM32F1xx_HAL_Driver/Src/stm32f1xx_hal.c **** 
 418:Drivers/STM32F1xx_HAL_Driver/Src/stm32f1xx_hal.c **** /**
 419:Drivers/STM32F1xx_HAL_Driver/Src/stm32f1xx_hal.c ****   * @brief  Returns the HAL revision
 420:Drivers/STM32F1xx_HAL_Driver/Src/stm32f1xx_hal.c ****   * @retval version 0xXYZR (8bits for each decimal, R for RC)
 421:Drivers/STM32F1xx_HAL_Driver/Src/stm32f1xx_hal.c ****   */
 422:Drivers/STM32F1xx_HAL_Driver/Src/stm32f1xx_hal.c **** uint32_t HAL_GetHalVersion(void)
 423:Drivers/STM32F1xx_HAL_Driver/Src/stm32f1xx_hal.c **** {
 565              		.loc 1 423 1 is_stmt 1 view -0
 566              		.cfi_startproc
 567              		@ args = 0, pretend = 0, frame = 0
 568              		@ frame_needed = 0, uses_anonymous_args = 0
 569              		@ link register save eliminated.
 424:Drivers/STM32F1xx_HAL_Driver/Src/stm32f1xx_hal.c ****   return __STM32F1xx_HAL_VERSION;
 570              		.loc 1 424 3 view .LVU99
 425:Drivers/STM32F1xx_HAL_Driver/Src/stm32f1xx_hal.c **** }
 571              		.loc 1 425 1 is_stmt 0 view .LVU100
 572 0000 0048     		ldr	r0, .L53
 573 0002 7047     		bx	lr
 574              	.L54:
 575              		.align	2
 576              	.L53:
 577 0004 00080101 		.word	16844800
 578              		.cfi_endproc
 579              	.LFE78:
 581              		.section	.text.HAL_GetREVID,"ax",%progbits
 582              		.align	1
 583              		.global	HAL_GetREVID
 584              		.syntax unified
 585              		.thumb
 586              		.thumb_func
 587              		.fpu softvfp
 589              	HAL_GetREVID:
 590              	.LFB79:
 426:Drivers/STM32F1xx_HAL_Driver/Src/stm32f1xx_hal.c **** 
 427:Drivers/STM32F1xx_HAL_Driver/Src/stm32f1xx_hal.c **** /**
 428:Drivers/STM32F1xx_HAL_Driver/Src/stm32f1xx_hal.c ****   * @brief Returns the device revision identifier.
 429:Drivers/STM32F1xx_HAL_Driver/Src/stm32f1xx_hal.c ****   * Note: On devices STM32F10xx8 and STM32F10xxB,
 430:Drivers/STM32F1xx_HAL_Driver/Src/stm32f1xx_hal.c ****   *                  STM32F101xC/D/E and STM32F103xC/D/E,
 431:Drivers/STM32F1xx_HAL_Driver/Src/stm32f1xx_hal.c ****   *                  STM32F101xF/G and STM32F103xF/G
ARM GAS  /tmp/ccX6VyNP.s 			page 19


 432:Drivers/STM32F1xx_HAL_Driver/Src/stm32f1xx_hal.c ****   *                  STM32F10xx4 and STM32F10xx6
 433:Drivers/STM32F1xx_HAL_Driver/Src/stm32f1xx_hal.c ****   *       Debug registers DBGMCU_IDCODE and DBGMCU_CR are accessible only in
 434:Drivers/STM32F1xx_HAL_Driver/Src/stm32f1xx_hal.c ****   *       debug mode (not accessible by the user software in normal mode).
 435:Drivers/STM32F1xx_HAL_Driver/Src/stm32f1xx_hal.c ****   *       Refer to errata sheet of these devices for more details.
 436:Drivers/STM32F1xx_HAL_Driver/Src/stm32f1xx_hal.c ****   * @retval Device revision identifier
 437:Drivers/STM32F1xx_HAL_Driver/Src/stm32f1xx_hal.c ****   */
 438:Drivers/STM32F1xx_HAL_Driver/Src/stm32f1xx_hal.c **** uint32_t HAL_GetREVID(void)
 439:Drivers/STM32F1xx_HAL_Driver/Src/stm32f1xx_hal.c **** {
 591              		.loc 1 439 1 is_stmt 1 view -0
 592              		.cfi_startproc
 593              		@ args = 0, pretend = 0, frame = 0
 594              		@ frame_needed = 0, uses_anonymous_args = 0
 595              		@ link register save eliminated.
 440:Drivers/STM32F1xx_HAL_Driver/Src/stm32f1xx_hal.c ****   return ((DBGMCU->IDCODE) >> DBGMCU_IDCODE_REV_ID_Pos);
 596              		.loc 1 440 3 view .LVU102
 597              		.loc 1 440 18 is_stmt 0 view .LVU103
 598 0000 014B     		ldr	r3, .L56
 599 0002 1868     		ldr	r0, [r3]
 441:Drivers/STM32F1xx_HAL_Driver/Src/stm32f1xx_hal.c **** }
 600              		.loc 1 441 1 view .LVU104
 601 0004 000C     		lsrs	r0, r0, #16
 602 0006 7047     		bx	lr
 603              	.L57:
 604              		.align	2
 605              	.L56:
 606 0008 002004E0 		.word	-536600576
 607              		.cfi_endproc
 608              	.LFE79:
 610              		.section	.text.HAL_GetDEVID,"ax",%progbits
 611              		.align	1
 612              		.global	HAL_GetDEVID
 613              		.syntax unified
 614              		.thumb
 615              		.thumb_func
 616              		.fpu softvfp
 618              	HAL_GetDEVID:
 619              	.LFB80:
 442:Drivers/STM32F1xx_HAL_Driver/Src/stm32f1xx_hal.c **** 
 443:Drivers/STM32F1xx_HAL_Driver/Src/stm32f1xx_hal.c **** /**
 444:Drivers/STM32F1xx_HAL_Driver/Src/stm32f1xx_hal.c ****   * @brief  Returns the device identifier.
 445:Drivers/STM32F1xx_HAL_Driver/Src/stm32f1xx_hal.c ****   * Note: On devices STM32F10xx8 and STM32F10xxB,
 446:Drivers/STM32F1xx_HAL_Driver/Src/stm32f1xx_hal.c ****   *                  STM32F101xC/D/E and STM32F103xC/D/E,
 447:Drivers/STM32F1xx_HAL_Driver/Src/stm32f1xx_hal.c ****   *                  STM32F101xF/G and STM32F103xF/G
 448:Drivers/STM32F1xx_HAL_Driver/Src/stm32f1xx_hal.c ****   *                  STM32F10xx4 and STM32F10xx6
 449:Drivers/STM32F1xx_HAL_Driver/Src/stm32f1xx_hal.c ****   *       Debug registers DBGMCU_IDCODE and DBGMCU_CR are accessible only in
 450:Drivers/STM32F1xx_HAL_Driver/Src/stm32f1xx_hal.c ****   *       debug mode (not accessible by the user software in normal mode).
 451:Drivers/STM32F1xx_HAL_Driver/Src/stm32f1xx_hal.c ****   *       Refer to errata sheet of these devices for more details.
 452:Drivers/STM32F1xx_HAL_Driver/Src/stm32f1xx_hal.c ****   * @retval Device identifier
 453:Drivers/STM32F1xx_HAL_Driver/Src/stm32f1xx_hal.c ****   */
 454:Drivers/STM32F1xx_HAL_Driver/Src/stm32f1xx_hal.c **** uint32_t HAL_GetDEVID(void)
 455:Drivers/STM32F1xx_HAL_Driver/Src/stm32f1xx_hal.c **** {
 620              		.loc 1 455 1 is_stmt 1 view -0
 621              		.cfi_startproc
 622              		@ args = 0, pretend = 0, frame = 0
 623              		@ frame_needed = 0, uses_anonymous_args = 0
 624              		@ link register save eliminated.
 456:Drivers/STM32F1xx_HAL_Driver/Src/stm32f1xx_hal.c ****   return ((DBGMCU->IDCODE) & IDCODE_DEVID_MASK);
ARM GAS  /tmp/ccX6VyNP.s 			page 20


 625              		.loc 1 456 3 view .LVU106
 626              		.loc 1 456 18 is_stmt 0 view .LVU107
 627 0000 024B     		ldr	r3, .L59
 628 0002 1868     		ldr	r0, [r3]
 457:Drivers/STM32F1xx_HAL_Driver/Src/stm32f1xx_hal.c **** }
 629              		.loc 1 457 1 view .LVU108
 630 0004 C0F30B00 		ubfx	r0, r0, #0, #12
 631 0008 7047     		bx	lr
 632              	.L60:
 633 000a 00BF     		.align	2
 634              	.L59:
 635 000c 002004E0 		.word	-536600576
 636              		.cfi_endproc
 637              	.LFE80:
 639              		.section	.text.HAL_GetUIDw0,"ax",%progbits
 640              		.align	1
 641              		.global	HAL_GetUIDw0
 642              		.syntax unified
 643              		.thumb
 644              		.thumb_func
 645              		.fpu softvfp
 647              	HAL_GetUIDw0:
 648              	.LFB81:
 458:Drivers/STM32F1xx_HAL_Driver/Src/stm32f1xx_hal.c **** 
 459:Drivers/STM32F1xx_HAL_Driver/Src/stm32f1xx_hal.c **** /**
 460:Drivers/STM32F1xx_HAL_Driver/Src/stm32f1xx_hal.c ****   * @brief  Returns first word of the unique device identifier (UID based on 96 bits)
 461:Drivers/STM32F1xx_HAL_Driver/Src/stm32f1xx_hal.c ****   * @retval Device identifier
 462:Drivers/STM32F1xx_HAL_Driver/Src/stm32f1xx_hal.c ****   */
 463:Drivers/STM32F1xx_HAL_Driver/Src/stm32f1xx_hal.c **** uint32_t HAL_GetUIDw0(void)
 464:Drivers/STM32F1xx_HAL_Driver/Src/stm32f1xx_hal.c **** {
 649              		.loc 1 464 1 is_stmt 1 view -0
 650              		.cfi_startproc
 651              		@ args = 0, pretend = 0, frame = 0
 652              		@ frame_needed = 0, uses_anonymous_args = 0
 653              		@ link register save eliminated.
 465:Drivers/STM32F1xx_HAL_Driver/Src/stm32f1xx_hal.c ****    return(READ_REG(*((uint32_t *)UID_BASE)));
 654              		.loc 1 465 4 view .LVU110
 466:Drivers/STM32F1xx_HAL_Driver/Src/stm32f1xx_hal.c **** }
 655              		.loc 1 466 1 is_stmt 0 view .LVU111
 656 0000 014B     		ldr	r3, .L62
 657 0002 1868     		ldr	r0, [r3]
 658 0004 7047     		bx	lr
 659              	.L63:
 660 0006 00BF     		.align	2
 661              	.L62:
 662 0008 E8F7FF1F 		.word	536868840
 663              		.cfi_endproc
 664              	.LFE81:
 666              		.section	.text.HAL_GetUIDw1,"ax",%progbits
 667              		.align	1
 668              		.global	HAL_GetUIDw1
 669              		.syntax unified
 670              		.thumb
 671              		.thumb_func
 672              		.fpu softvfp
 674              	HAL_GetUIDw1:
 675              	.LFB82:
ARM GAS  /tmp/ccX6VyNP.s 			page 21


 467:Drivers/STM32F1xx_HAL_Driver/Src/stm32f1xx_hal.c **** 
 468:Drivers/STM32F1xx_HAL_Driver/Src/stm32f1xx_hal.c **** /**
 469:Drivers/STM32F1xx_HAL_Driver/Src/stm32f1xx_hal.c ****   * @brief  Returns second word of the unique device identifier (UID based on 96 bits)
 470:Drivers/STM32F1xx_HAL_Driver/Src/stm32f1xx_hal.c ****   * @retval Device identifier
 471:Drivers/STM32F1xx_HAL_Driver/Src/stm32f1xx_hal.c ****   */
 472:Drivers/STM32F1xx_HAL_Driver/Src/stm32f1xx_hal.c **** uint32_t HAL_GetUIDw1(void)
 473:Drivers/STM32F1xx_HAL_Driver/Src/stm32f1xx_hal.c **** {
 676              		.loc 1 473 1 is_stmt 1 view -0
 677              		.cfi_startproc
 678              		@ args = 0, pretend = 0, frame = 0
 679              		@ frame_needed = 0, uses_anonymous_args = 0
 680              		@ link register save eliminated.
 474:Drivers/STM32F1xx_HAL_Driver/Src/stm32f1xx_hal.c ****    return(READ_REG(*((uint32_t *)(UID_BASE + 4U))));
 681              		.loc 1 474 4 view .LVU113
 475:Drivers/STM32F1xx_HAL_Driver/Src/stm32f1xx_hal.c **** }
 682              		.loc 1 475 1 is_stmt 0 view .LVU114
 683 0000 014B     		ldr	r3, .L65
 684 0002 1868     		ldr	r0, [r3]
 685 0004 7047     		bx	lr
 686              	.L66:
 687 0006 00BF     		.align	2
 688              	.L65:
 689 0008 ECF7FF1F 		.word	536868844
 690              		.cfi_endproc
 691              	.LFE82:
 693              		.section	.text.HAL_GetUIDw2,"ax",%progbits
 694              		.align	1
 695              		.global	HAL_GetUIDw2
 696              		.syntax unified
 697              		.thumb
 698              		.thumb_func
 699              		.fpu softvfp
 701              	HAL_GetUIDw2:
 702              	.LFB83:
 476:Drivers/STM32F1xx_HAL_Driver/Src/stm32f1xx_hal.c **** 
 477:Drivers/STM32F1xx_HAL_Driver/Src/stm32f1xx_hal.c **** /**
 478:Drivers/STM32F1xx_HAL_Driver/Src/stm32f1xx_hal.c ****   * @brief  Returns third word of the unique device identifier (UID based on 96 bits)
 479:Drivers/STM32F1xx_HAL_Driver/Src/stm32f1xx_hal.c ****   * @retval Device identifier
 480:Drivers/STM32F1xx_HAL_Driver/Src/stm32f1xx_hal.c ****   */
 481:Drivers/STM32F1xx_HAL_Driver/Src/stm32f1xx_hal.c **** uint32_t HAL_GetUIDw2(void)
 482:Drivers/STM32F1xx_HAL_Driver/Src/stm32f1xx_hal.c **** {
 703              		.loc 1 482 1 is_stmt 1 view -0
 704              		.cfi_startproc
 705              		@ args = 0, pretend = 0, frame = 0
 706              		@ frame_needed = 0, uses_anonymous_args = 0
 707              		@ link register save eliminated.
 483:Drivers/STM32F1xx_HAL_Driver/Src/stm32f1xx_hal.c ****    return(READ_REG(*((uint32_t *)(UID_BASE + 8U))));
 708              		.loc 1 483 4 view .LVU116
 484:Drivers/STM32F1xx_HAL_Driver/Src/stm32f1xx_hal.c **** }
 709              		.loc 1 484 1 is_stmt 0 view .LVU117
 710 0000 014B     		ldr	r3, .L68
 711 0002 1868     		ldr	r0, [r3]
 712 0004 7047     		bx	lr
 713              	.L69:
 714 0006 00BF     		.align	2
 715              	.L68:
 716 0008 F0F7FF1F 		.word	536868848
ARM GAS  /tmp/ccX6VyNP.s 			page 22


 717              		.cfi_endproc
 718              	.LFE83:
 720              		.section	.text.HAL_DBGMCU_EnableDBGSleepMode,"ax",%progbits
 721              		.align	1
 722              		.global	HAL_DBGMCU_EnableDBGSleepMode
 723              		.syntax unified
 724              		.thumb
 725              		.thumb_func
 726              		.fpu softvfp
 728              	HAL_DBGMCU_EnableDBGSleepMode:
 729              	.LFB84:
 485:Drivers/STM32F1xx_HAL_Driver/Src/stm32f1xx_hal.c **** 
 486:Drivers/STM32F1xx_HAL_Driver/Src/stm32f1xx_hal.c **** /**
 487:Drivers/STM32F1xx_HAL_Driver/Src/stm32f1xx_hal.c ****   * @brief  Enable the Debug Module during SLEEP mode
 488:Drivers/STM32F1xx_HAL_Driver/Src/stm32f1xx_hal.c ****   * @retval None
 489:Drivers/STM32F1xx_HAL_Driver/Src/stm32f1xx_hal.c ****   */
 490:Drivers/STM32F1xx_HAL_Driver/Src/stm32f1xx_hal.c **** void HAL_DBGMCU_EnableDBGSleepMode(void)
 491:Drivers/STM32F1xx_HAL_Driver/Src/stm32f1xx_hal.c **** {
 730              		.loc 1 491 1 is_stmt 1 view -0
 731              		.cfi_startproc
 732              		@ args = 0, pretend = 0, frame = 0
 733              		@ frame_needed = 0, uses_anonymous_args = 0
 734              		@ link register save eliminated.
 492:Drivers/STM32F1xx_HAL_Driver/Src/stm32f1xx_hal.c ****   SET_BIT(DBGMCU->CR, DBGMCU_CR_DBG_SLEEP);
 735              		.loc 1 492 3 view .LVU119
 736 0000 024A     		ldr	r2, .L71
 737 0002 5368     		ldr	r3, [r2, #4]
 738 0004 43F00103 		orr	r3, r3, #1
 739 0008 5360     		str	r3, [r2, #4]
 493:Drivers/STM32F1xx_HAL_Driver/Src/stm32f1xx_hal.c **** }
 740              		.loc 1 493 1 is_stmt 0 view .LVU120
 741 000a 7047     		bx	lr
 742              	.L72:
 743              		.align	2
 744              	.L71:
 745 000c 002004E0 		.word	-536600576
 746              		.cfi_endproc
 747              	.LFE84:
 749              		.section	.text.HAL_DBGMCU_DisableDBGSleepMode,"ax",%progbits
 750              		.align	1
 751              		.global	HAL_DBGMCU_DisableDBGSleepMode
 752              		.syntax unified
 753              		.thumb
 754              		.thumb_func
 755              		.fpu softvfp
 757              	HAL_DBGMCU_DisableDBGSleepMode:
 758              	.LFB85:
 494:Drivers/STM32F1xx_HAL_Driver/Src/stm32f1xx_hal.c **** 
 495:Drivers/STM32F1xx_HAL_Driver/Src/stm32f1xx_hal.c **** /**
 496:Drivers/STM32F1xx_HAL_Driver/Src/stm32f1xx_hal.c ****   * @brief  Disable the Debug Module during SLEEP mode
 497:Drivers/STM32F1xx_HAL_Driver/Src/stm32f1xx_hal.c ****   * Note: On devices STM32F10xx8 and STM32F10xxB,
 498:Drivers/STM32F1xx_HAL_Driver/Src/stm32f1xx_hal.c ****   *                  STM32F101xC/D/E and STM32F103xC/D/E,
 499:Drivers/STM32F1xx_HAL_Driver/Src/stm32f1xx_hal.c ****   *                  STM32F101xF/G and STM32F103xF/G
 500:Drivers/STM32F1xx_HAL_Driver/Src/stm32f1xx_hal.c ****   *                  STM32F10xx4 and STM32F10xx6
 501:Drivers/STM32F1xx_HAL_Driver/Src/stm32f1xx_hal.c ****   *       Debug registers DBGMCU_IDCODE and DBGMCU_CR are accessible only in
 502:Drivers/STM32F1xx_HAL_Driver/Src/stm32f1xx_hal.c ****   *       debug mode (not accessible by the user software in normal mode).
 503:Drivers/STM32F1xx_HAL_Driver/Src/stm32f1xx_hal.c ****   *       Refer to errata sheet of these devices for more details.
ARM GAS  /tmp/ccX6VyNP.s 			page 23


 504:Drivers/STM32F1xx_HAL_Driver/Src/stm32f1xx_hal.c ****   * @retval None
 505:Drivers/STM32F1xx_HAL_Driver/Src/stm32f1xx_hal.c ****   */
 506:Drivers/STM32F1xx_HAL_Driver/Src/stm32f1xx_hal.c **** void HAL_DBGMCU_DisableDBGSleepMode(void)
 507:Drivers/STM32F1xx_HAL_Driver/Src/stm32f1xx_hal.c **** {
 759              		.loc 1 507 1 is_stmt 1 view -0
 760              		.cfi_startproc
 761              		@ args = 0, pretend = 0, frame = 0
 762              		@ frame_needed = 0, uses_anonymous_args = 0
 763              		@ link register save eliminated.
 508:Drivers/STM32F1xx_HAL_Driver/Src/stm32f1xx_hal.c ****   CLEAR_BIT(DBGMCU->CR, DBGMCU_CR_DBG_SLEEP);
 764              		.loc 1 508 3 view .LVU122
 765 0000 024A     		ldr	r2, .L74
 766 0002 5368     		ldr	r3, [r2, #4]
 767 0004 23F00103 		bic	r3, r3, #1
 768 0008 5360     		str	r3, [r2, #4]
 509:Drivers/STM32F1xx_HAL_Driver/Src/stm32f1xx_hal.c **** }
 769              		.loc 1 509 1 is_stmt 0 view .LVU123
 770 000a 7047     		bx	lr
 771              	.L75:
 772              		.align	2
 773              	.L74:
 774 000c 002004E0 		.word	-536600576
 775              		.cfi_endproc
 776              	.LFE85:
 778              		.section	.text.HAL_DBGMCU_EnableDBGStopMode,"ax",%progbits
 779              		.align	1
 780              		.global	HAL_DBGMCU_EnableDBGStopMode
 781              		.syntax unified
 782              		.thumb
 783              		.thumb_func
 784              		.fpu softvfp
 786              	HAL_DBGMCU_EnableDBGStopMode:
 787              	.LFB86:
 510:Drivers/STM32F1xx_HAL_Driver/Src/stm32f1xx_hal.c **** 
 511:Drivers/STM32F1xx_HAL_Driver/Src/stm32f1xx_hal.c **** /**
 512:Drivers/STM32F1xx_HAL_Driver/Src/stm32f1xx_hal.c ****   * @brief  Enable the Debug Module during STOP mode
 513:Drivers/STM32F1xx_HAL_Driver/Src/stm32f1xx_hal.c ****   * Note: On devices STM32F10xx8 and STM32F10xxB,
 514:Drivers/STM32F1xx_HAL_Driver/Src/stm32f1xx_hal.c ****   *                  STM32F101xC/D/E and STM32F103xC/D/E,
 515:Drivers/STM32F1xx_HAL_Driver/Src/stm32f1xx_hal.c ****   *                  STM32F101xF/G and STM32F103xF/G
 516:Drivers/STM32F1xx_HAL_Driver/Src/stm32f1xx_hal.c ****   *                  STM32F10xx4 and STM32F10xx6
 517:Drivers/STM32F1xx_HAL_Driver/Src/stm32f1xx_hal.c ****   *       Debug registers DBGMCU_IDCODE and DBGMCU_CR are accessible only in
 518:Drivers/STM32F1xx_HAL_Driver/Src/stm32f1xx_hal.c ****   *       debug mode (not accessible by the user software in normal mode).
 519:Drivers/STM32F1xx_HAL_Driver/Src/stm32f1xx_hal.c ****   *       Refer to errata sheet of these devices for more details.
 520:Drivers/STM32F1xx_HAL_Driver/Src/stm32f1xx_hal.c ****   * Note: On all STM32F1 devices:
 521:Drivers/STM32F1xx_HAL_Driver/Src/stm32f1xx_hal.c ****   *       If the system tick timer interrupt is enabled during the Stop mode
 522:Drivers/STM32F1xx_HAL_Driver/Src/stm32f1xx_hal.c ****   *       debug (DBG_STOP bit set in the DBGMCU_CR register ), it will wakeup
 523:Drivers/STM32F1xx_HAL_Driver/Src/stm32f1xx_hal.c ****   *       the system from Stop mode.
 524:Drivers/STM32F1xx_HAL_Driver/Src/stm32f1xx_hal.c ****   *       Workaround: To debug the Stop mode, disable the system tick timer
 525:Drivers/STM32F1xx_HAL_Driver/Src/stm32f1xx_hal.c ****   *       interrupt.
 526:Drivers/STM32F1xx_HAL_Driver/Src/stm32f1xx_hal.c ****   *       Refer to errata sheet of these devices for more details.
 527:Drivers/STM32F1xx_HAL_Driver/Src/stm32f1xx_hal.c ****   * Note: On all STM32F1 devices:
 528:Drivers/STM32F1xx_HAL_Driver/Src/stm32f1xx_hal.c ****   *       If the system tick timer interrupt is enabled during the Stop mode
 529:Drivers/STM32F1xx_HAL_Driver/Src/stm32f1xx_hal.c ****   *       debug (DBG_STOP bit set in the DBGMCU_CR register ), it will wakeup
 530:Drivers/STM32F1xx_HAL_Driver/Src/stm32f1xx_hal.c ****   *       the system from Stop mode.
 531:Drivers/STM32F1xx_HAL_Driver/Src/stm32f1xx_hal.c ****   *       Workaround: To debug the Stop mode, disable the system tick timer
 532:Drivers/STM32F1xx_HAL_Driver/Src/stm32f1xx_hal.c ****   *       interrupt.
 533:Drivers/STM32F1xx_HAL_Driver/Src/stm32f1xx_hal.c ****   *       Refer to errata sheet of these devices for more details.
ARM GAS  /tmp/ccX6VyNP.s 			page 24


 534:Drivers/STM32F1xx_HAL_Driver/Src/stm32f1xx_hal.c ****   * @retval None
 535:Drivers/STM32F1xx_HAL_Driver/Src/stm32f1xx_hal.c ****   */
 536:Drivers/STM32F1xx_HAL_Driver/Src/stm32f1xx_hal.c **** void HAL_DBGMCU_EnableDBGStopMode(void)
 537:Drivers/STM32F1xx_HAL_Driver/Src/stm32f1xx_hal.c **** {
 788              		.loc 1 537 1 is_stmt 1 view -0
 789              		.cfi_startproc
 790              		@ args = 0, pretend = 0, frame = 0
 791              		@ frame_needed = 0, uses_anonymous_args = 0
 792              		@ link register save eliminated.
 538:Drivers/STM32F1xx_HAL_Driver/Src/stm32f1xx_hal.c ****   SET_BIT(DBGMCU->CR, DBGMCU_CR_DBG_STOP);
 793              		.loc 1 538 3 view .LVU125
 794 0000 024A     		ldr	r2, .L77
 795 0002 5368     		ldr	r3, [r2, #4]
 796 0004 43F00203 		orr	r3, r3, #2
 797 0008 5360     		str	r3, [r2, #4]
 539:Drivers/STM32F1xx_HAL_Driver/Src/stm32f1xx_hal.c **** }
 798              		.loc 1 539 1 is_stmt 0 view .LVU126
 799 000a 7047     		bx	lr
 800              	.L78:
 801              		.align	2
 802              	.L77:
 803 000c 002004E0 		.word	-536600576
 804              		.cfi_endproc
 805              	.LFE86:
 807              		.section	.text.HAL_DBGMCU_DisableDBGStopMode,"ax",%progbits
 808              		.align	1
 809              		.global	HAL_DBGMCU_DisableDBGStopMode
 810              		.syntax unified
 811              		.thumb
 812              		.thumb_func
 813              		.fpu softvfp
 815              	HAL_DBGMCU_DisableDBGStopMode:
 816              	.LFB87:
 540:Drivers/STM32F1xx_HAL_Driver/Src/stm32f1xx_hal.c **** 
 541:Drivers/STM32F1xx_HAL_Driver/Src/stm32f1xx_hal.c **** /**
 542:Drivers/STM32F1xx_HAL_Driver/Src/stm32f1xx_hal.c ****   * @brief  Disable the Debug Module during STOP mode
 543:Drivers/STM32F1xx_HAL_Driver/Src/stm32f1xx_hal.c ****   * Note: On devices STM32F10xx8 and STM32F10xxB,
 544:Drivers/STM32F1xx_HAL_Driver/Src/stm32f1xx_hal.c ****   *                  STM32F101xC/D/E and STM32F103xC/D/E,
 545:Drivers/STM32F1xx_HAL_Driver/Src/stm32f1xx_hal.c ****   *                  STM32F101xF/G and STM32F103xF/G
 546:Drivers/STM32F1xx_HAL_Driver/Src/stm32f1xx_hal.c ****   *                  STM32F10xx4 and STM32F10xx6
 547:Drivers/STM32F1xx_HAL_Driver/Src/stm32f1xx_hal.c ****   *       Debug registers DBGMCU_IDCODE and DBGMCU_CR are accessible only in
 548:Drivers/STM32F1xx_HAL_Driver/Src/stm32f1xx_hal.c ****   *       debug mode (not accessible by the user software in normal mode).
 549:Drivers/STM32F1xx_HAL_Driver/Src/stm32f1xx_hal.c ****   *       Refer to errata sheet of these devices for more details.
 550:Drivers/STM32F1xx_HAL_Driver/Src/stm32f1xx_hal.c ****   * @retval None
 551:Drivers/STM32F1xx_HAL_Driver/Src/stm32f1xx_hal.c ****   */
 552:Drivers/STM32F1xx_HAL_Driver/Src/stm32f1xx_hal.c **** void HAL_DBGMCU_DisableDBGStopMode(void)
 553:Drivers/STM32F1xx_HAL_Driver/Src/stm32f1xx_hal.c **** {
 817              		.loc 1 553 1 is_stmt 1 view -0
 818              		.cfi_startproc
 819              		@ args = 0, pretend = 0, frame = 0
 820              		@ frame_needed = 0, uses_anonymous_args = 0
 821              		@ link register save eliminated.
 554:Drivers/STM32F1xx_HAL_Driver/Src/stm32f1xx_hal.c ****   CLEAR_BIT(DBGMCU->CR, DBGMCU_CR_DBG_STOP);
 822              		.loc 1 554 3 view .LVU128
 823 0000 024A     		ldr	r2, .L80
 824 0002 5368     		ldr	r3, [r2, #4]
 825 0004 23F00203 		bic	r3, r3, #2
ARM GAS  /tmp/ccX6VyNP.s 			page 25


 826 0008 5360     		str	r3, [r2, #4]
 555:Drivers/STM32F1xx_HAL_Driver/Src/stm32f1xx_hal.c **** }
 827              		.loc 1 555 1 is_stmt 0 view .LVU129
 828 000a 7047     		bx	lr
 829              	.L81:
 830              		.align	2
 831              	.L80:
 832 000c 002004E0 		.word	-536600576
 833              		.cfi_endproc
 834              	.LFE87:
 836              		.section	.text.HAL_DBGMCU_EnableDBGStandbyMode,"ax",%progbits
 837              		.align	1
 838              		.global	HAL_DBGMCU_EnableDBGStandbyMode
 839              		.syntax unified
 840              		.thumb
 841              		.thumb_func
 842              		.fpu softvfp
 844              	HAL_DBGMCU_EnableDBGStandbyMode:
 845              	.LFB88:
 556:Drivers/STM32F1xx_HAL_Driver/Src/stm32f1xx_hal.c **** 
 557:Drivers/STM32F1xx_HAL_Driver/Src/stm32f1xx_hal.c **** /**
 558:Drivers/STM32F1xx_HAL_Driver/Src/stm32f1xx_hal.c ****   * @brief  Enable the Debug Module during STANDBY mode
 559:Drivers/STM32F1xx_HAL_Driver/Src/stm32f1xx_hal.c ****   * Note: On devices STM32F10xx8 and STM32F10xxB,
 560:Drivers/STM32F1xx_HAL_Driver/Src/stm32f1xx_hal.c ****   *                  STM32F101xC/D/E and STM32F103xC/D/E,
 561:Drivers/STM32F1xx_HAL_Driver/Src/stm32f1xx_hal.c ****   *                  STM32F101xF/G and STM32F103xF/G
 562:Drivers/STM32F1xx_HAL_Driver/Src/stm32f1xx_hal.c ****   *                  STM32F10xx4 and STM32F10xx6
 563:Drivers/STM32F1xx_HAL_Driver/Src/stm32f1xx_hal.c ****   *       Debug registers DBGMCU_IDCODE and DBGMCU_CR are accessible only in
 564:Drivers/STM32F1xx_HAL_Driver/Src/stm32f1xx_hal.c ****   *       debug mode (not accessible by the user software in normal mode).
 565:Drivers/STM32F1xx_HAL_Driver/Src/stm32f1xx_hal.c ****   *       Refer to errata sheet of these devices for more details.
 566:Drivers/STM32F1xx_HAL_Driver/Src/stm32f1xx_hal.c ****   * @retval None
 567:Drivers/STM32F1xx_HAL_Driver/Src/stm32f1xx_hal.c ****   */
 568:Drivers/STM32F1xx_HAL_Driver/Src/stm32f1xx_hal.c **** void HAL_DBGMCU_EnableDBGStandbyMode(void)
 569:Drivers/STM32F1xx_HAL_Driver/Src/stm32f1xx_hal.c **** {
 846              		.loc 1 569 1 is_stmt 1 view -0
 847              		.cfi_startproc
 848              		@ args = 0, pretend = 0, frame = 0
 849              		@ frame_needed = 0, uses_anonymous_args = 0
 850              		@ link register save eliminated.
 570:Drivers/STM32F1xx_HAL_Driver/Src/stm32f1xx_hal.c ****   SET_BIT(DBGMCU->CR, DBGMCU_CR_DBG_STANDBY);
 851              		.loc 1 570 3 view .LVU131
 852 0000 024A     		ldr	r2, .L83
 853 0002 5368     		ldr	r3, [r2, #4]
 854 0004 43F00403 		orr	r3, r3, #4
 855 0008 5360     		str	r3, [r2, #4]
 571:Drivers/STM32F1xx_HAL_Driver/Src/stm32f1xx_hal.c **** }
 856              		.loc 1 571 1 is_stmt 0 view .LVU132
 857 000a 7047     		bx	lr
 858              	.L84:
 859              		.align	2
 860              	.L83:
 861 000c 002004E0 		.word	-536600576
 862              		.cfi_endproc
 863              	.LFE88:
 865              		.section	.text.HAL_DBGMCU_DisableDBGStandbyMode,"ax",%progbits
 866              		.align	1
 867              		.global	HAL_DBGMCU_DisableDBGStandbyMode
 868              		.syntax unified
ARM GAS  /tmp/ccX6VyNP.s 			page 26


 869              		.thumb
 870              		.thumb_func
 871              		.fpu softvfp
 873              	HAL_DBGMCU_DisableDBGStandbyMode:
 874              	.LFB89:
 572:Drivers/STM32F1xx_HAL_Driver/Src/stm32f1xx_hal.c **** 
 573:Drivers/STM32F1xx_HAL_Driver/Src/stm32f1xx_hal.c **** /**
 574:Drivers/STM32F1xx_HAL_Driver/Src/stm32f1xx_hal.c ****   * @brief  Disable the Debug Module during STANDBY mode
 575:Drivers/STM32F1xx_HAL_Driver/Src/stm32f1xx_hal.c ****   * Note: On devices STM32F10xx8 and STM32F10xxB,
 576:Drivers/STM32F1xx_HAL_Driver/Src/stm32f1xx_hal.c ****   *                  STM32F101xC/D/E and STM32F103xC/D/E,
 577:Drivers/STM32F1xx_HAL_Driver/Src/stm32f1xx_hal.c ****   *                  STM32F101xF/G and STM32F103xF/G
 578:Drivers/STM32F1xx_HAL_Driver/Src/stm32f1xx_hal.c ****   *                  STM32F10xx4 and STM32F10xx6
 579:Drivers/STM32F1xx_HAL_Driver/Src/stm32f1xx_hal.c ****   *       Debug registers DBGMCU_IDCODE and DBGMCU_CR are accessible only in
 580:Drivers/STM32F1xx_HAL_Driver/Src/stm32f1xx_hal.c ****   *       debug mode (not accessible by the user software in normal mode).
 581:Drivers/STM32F1xx_HAL_Driver/Src/stm32f1xx_hal.c ****   *       Refer to errata sheet of these devices for more details.
 582:Drivers/STM32F1xx_HAL_Driver/Src/stm32f1xx_hal.c ****   * @retval None
 583:Drivers/STM32F1xx_HAL_Driver/Src/stm32f1xx_hal.c ****   */
 584:Drivers/STM32F1xx_HAL_Driver/Src/stm32f1xx_hal.c **** void HAL_DBGMCU_DisableDBGStandbyMode(void)
 585:Drivers/STM32F1xx_HAL_Driver/Src/stm32f1xx_hal.c **** {
 875              		.loc 1 585 1 is_stmt 1 view -0
 876              		.cfi_startproc
 877              		@ args = 0, pretend = 0, frame = 0
 878              		@ frame_needed = 0, uses_anonymous_args = 0
 879              		@ link register save eliminated.
 586:Drivers/STM32F1xx_HAL_Driver/Src/stm32f1xx_hal.c ****   CLEAR_BIT(DBGMCU->CR, DBGMCU_CR_DBG_STANDBY);
 880              		.loc 1 586 3 view .LVU134
 881 0000 024A     		ldr	r2, .L86
 882 0002 5368     		ldr	r3, [r2, #4]
 883 0004 23F00403 		bic	r3, r3, #4
 884 0008 5360     		str	r3, [r2, #4]
 587:Drivers/STM32F1xx_HAL_Driver/Src/stm32f1xx_hal.c **** }
 885              		.loc 1 587 1 is_stmt 0 view .LVU135
 886 000a 7047     		bx	lr
 887              	.L87:
 888              		.align	2
 889              	.L86:
 890 000c 002004E0 		.word	-536600576
 891              		.cfi_endproc
 892              	.LFE89:
 894              		.global	uwTickFreq
 895              		.global	uwTickPrio
 896              		.comm	uwTick,4,4
 897              		.section	.data.uwTickFreq,"aw"
 898              		.set	.LANCHOR0,. + 0
 901              	uwTickFreq:
 902 0000 01       		.byte	1
 903              		.section	.data.uwTickPrio,"aw"
 904              		.align	2
 905              		.set	.LANCHOR1,. + 0
 908              	uwTickPrio:
 909 0000 10000000 		.word	16
 910              		.section	.rodata.HAL_SetTickFreq.str1.4,"aMS",%progbits,1
 911              		.align	2
 912              	.LC0:
 913 0000 44726976 		.ascii	"Drivers/STM32F1xx_HAL_Driver/Src/stm32f1xx_hal.c\000"
 913      6572732F 
 913      53544D33 
ARM GAS  /tmp/ccX6VyNP.s 			page 27


 913      32463178 
 913      785F4841 
 914              		.text
 915              	.Letext0:
 916              		.file 2 "/usr/lib/gcc/arm-none-eabi/8.3.1/include/stdint.h"
 917              		.file 3 "Drivers/CMSIS/Include/core_cm3.h"
 918              		.file 4 "Drivers/CMSIS/Device/ST/STM32F1xx/Include/system_stm32f1xx.h"
 919              		.file 5 "Drivers/CMSIS/Device/ST/STM32F1xx/Include/stm32f103xb.h"
 920              		.file 6 "Drivers/STM32F1xx_HAL_Driver/Inc/stm32f1xx_hal_def.h"
 921              		.file 7 "Drivers/STM32F1xx_HAL_Driver/Inc/stm32f1xx_hal.h"
 922              		.file 8 "Inc/stm32f1xx_hal_conf.h"
 923              		.file 9 "Drivers/STM32F1xx_HAL_Driver/Inc/stm32f1xx_hal_cortex.h"
ARM GAS  /tmp/ccX6VyNP.s 			page 28


DEFINED SYMBOLS
                            *ABS*:0000000000000000 stm32f1xx_hal.c
     /tmp/ccX6VyNP.s:16     .text.HAL_MspInit:0000000000000000 $t
     /tmp/ccX6VyNP.s:24     .text.HAL_MspInit:0000000000000000 HAL_MspInit
     /tmp/ccX6VyNP.s:38     .text.HAL_MspDeInit:0000000000000000 $t
     /tmp/ccX6VyNP.s:45     .text.HAL_MspDeInit:0000000000000000 HAL_MspDeInit
     /tmp/ccX6VyNP.s:58     .text.HAL_DeInit:0000000000000000 $t
     /tmp/ccX6VyNP.s:65     .text.HAL_DeInit:0000000000000000 HAL_DeInit
     /tmp/ccX6VyNP.s:97     .text.HAL_DeInit:000000000000001c $d
     /tmp/ccX6VyNP.s:102    .text.HAL_InitTick:0000000000000000 $t
     /tmp/ccX6VyNP.s:109    .text.HAL_InitTick:0000000000000000 HAL_InitTick
     /tmp/ccX6VyNP.s:172    .text.HAL_InitTick:0000000000000040 $d
     /tmp/ccX6VyNP.s:179    .text.HAL_Init:0000000000000000 $t
     /tmp/ccX6VyNP.s:186    .text.HAL_Init:0000000000000000 HAL_Init
     /tmp/ccX6VyNP.s:220    .text.HAL_Init:0000000000000020 $d
     /tmp/ccX6VyNP.s:225    .text.HAL_IncTick:0000000000000000 $t
     /tmp/ccX6VyNP.s:232    .text.HAL_IncTick:0000000000000000 HAL_IncTick
     /tmp/ccX6VyNP.s:252    .text.HAL_IncTick:0000000000000010 $d
                            *COM*:0000000000000004 uwTick
     /tmp/ccX6VyNP.s:258    .text.HAL_GetTick:0000000000000000 $t
     /tmp/ccX6VyNP.s:265    .text.HAL_GetTick:0000000000000000 HAL_GetTick
     /tmp/ccX6VyNP.s:281    .text.HAL_GetTick:0000000000000008 $d
     /tmp/ccX6VyNP.s:286    .text.HAL_GetTickPrio:0000000000000000 $t
     /tmp/ccX6VyNP.s:293    .text.HAL_GetTickPrio:0000000000000000 HAL_GetTickPrio
     /tmp/ccX6VyNP.s:308    .text.HAL_GetTickPrio:0000000000000008 $d
     /tmp/ccX6VyNP.s:313    .text.HAL_SetTickFreq:0000000000000000 $t
     /tmp/ccX6VyNP.s:320    .text.HAL_SetTickFreq:0000000000000000 HAL_SetTickFreq
     /tmp/ccX6VyNP.s:400    .text.HAL_SetTickFreq:0000000000000040 $d
     /tmp/ccX6VyNP.s:407    .text.HAL_GetTickFreq:0000000000000000 $t
     /tmp/ccX6VyNP.s:414    .text.HAL_GetTickFreq:0000000000000000 HAL_GetTickFreq
     /tmp/ccX6VyNP.s:429    .text.HAL_GetTickFreq:0000000000000008 $d
     /tmp/ccX6VyNP.s:434    .text.HAL_Delay:0000000000000000 $t
     /tmp/ccX6VyNP.s:441    .text.HAL_Delay:0000000000000000 HAL_Delay
     /tmp/ccX6VyNP.s:493    .text.HAL_Delay:0000000000000024 $d
     /tmp/ccX6VyNP.s:498    .text.HAL_SuspendTick:0000000000000000 $t
     /tmp/ccX6VyNP.s:505    .text.HAL_SuspendTick:0000000000000000 HAL_SuspendTick
     /tmp/ccX6VyNP.s:522    .text.HAL_SuspendTick:000000000000000c $d
     /tmp/ccX6VyNP.s:527    .text.HAL_ResumeTick:0000000000000000 $t
     /tmp/ccX6VyNP.s:534    .text.HAL_ResumeTick:0000000000000000 HAL_ResumeTick
     /tmp/ccX6VyNP.s:551    .text.HAL_ResumeTick:000000000000000c $d
     /tmp/ccX6VyNP.s:556    .text.HAL_GetHalVersion:0000000000000000 $t
     /tmp/ccX6VyNP.s:563    .text.HAL_GetHalVersion:0000000000000000 HAL_GetHalVersion
     /tmp/ccX6VyNP.s:577    .text.HAL_GetHalVersion:0000000000000004 $d
     /tmp/ccX6VyNP.s:582    .text.HAL_GetREVID:0000000000000000 $t
     /tmp/ccX6VyNP.s:589    .text.HAL_GetREVID:0000000000000000 HAL_GetREVID
     /tmp/ccX6VyNP.s:606    .text.HAL_GetREVID:0000000000000008 $d
     /tmp/ccX6VyNP.s:611    .text.HAL_GetDEVID:0000000000000000 $t
     /tmp/ccX6VyNP.s:618    .text.HAL_GetDEVID:0000000000000000 HAL_GetDEVID
     /tmp/ccX6VyNP.s:635    .text.HAL_GetDEVID:000000000000000c $d
     /tmp/ccX6VyNP.s:640    .text.HAL_GetUIDw0:0000000000000000 $t
     /tmp/ccX6VyNP.s:647    .text.HAL_GetUIDw0:0000000000000000 HAL_GetUIDw0
     /tmp/ccX6VyNP.s:662    .text.HAL_GetUIDw0:0000000000000008 $d
     /tmp/ccX6VyNP.s:667    .text.HAL_GetUIDw1:0000000000000000 $t
     /tmp/ccX6VyNP.s:674    .text.HAL_GetUIDw1:0000000000000000 HAL_GetUIDw1
     /tmp/ccX6VyNP.s:689    .text.HAL_GetUIDw1:0000000000000008 $d
     /tmp/ccX6VyNP.s:694    .text.HAL_GetUIDw2:0000000000000000 $t
     /tmp/ccX6VyNP.s:701    .text.HAL_GetUIDw2:0000000000000000 HAL_GetUIDw2
ARM GAS  /tmp/ccX6VyNP.s 			page 29


     /tmp/ccX6VyNP.s:716    .text.HAL_GetUIDw2:0000000000000008 $d
     /tmp/ccX6VyNP.s:721    .text.HAL_DBGMCU_EnableDBGSleepMode:0000000000000000 $t
     /tmp/ccX6VyNP.s:728    .text.HAL_DBGMCU_EnableDBGSleepMode:0000000000000000 HAL_DBGMCU_EnableDBGSleepMode
     /tmp/ccX6VyNP.s:745    .text.HAL_DBGMCU_EnableDBGSleepMode:000000000000000c $d
     /tmp/ccX6VyNP.s:750    .text.HAL_DBGMCU_DisableDBGSleepMode:0000000000000000 $t
     /tmp/ccX6VyNP.s:757    .text.HAL_DBGMCU_DisableDBGSleepMode:0000000000000000 HAL_DBGMCU_DisableDBGSleepMode
     /tmp/ccX6VyNP.s:774    .text.HAL_DBGMCU_DisableDBGSleepMode:000000000000000c $d
     /tmp/ccX6VyNP.s:779    .text.HAL_DBGMCU_EnableDBGStopMode:0000000000000000 $t
     /tmp/ccX6VyNP.s:786    .text.HAL_DBGMCU_EnableDBGStopMode:0000000000000000 HAL_DBGMCU_EnableDBGStopMode
     /tmp/ccX6VyNP.s:803    .text.HAL_DBGMCU_EnableDBGStopMode:000000000000000c $d
     /tmp/ccX6VyNP.s:808    .text.HAL_DBGMCU_DisableDBGStopMode:0000000000000000 $t
     /tmp/ccX6VyNP.s:815    .text.HAL_DBGMCU_DisableDBGStopMode:0000000000000000 HAL_DBGMCU_DisableDBGStopMode
     /tmp/ccX6VyNP.s:832    .text.HAL_DBGMCU_DisableDBGStopMode:000000000000000c $d
     /tmp/ccX6VyNP.s:837    .text.HAL_DBGMCU_EnableDBGStandbyMode:0000000000000000 $t
     /tmp/ccX6VyNP.s:844    .text.HAL_DBGMCU_EnableDBGStandbyMode:0000000000000000 HAL_DBGMCU_EnableDBGStandbyMode
     /tmp/ccX6VyNP.s:861    .text.HAL_DBGMCU_EnableDBGStandbyMode:000000000000000c $d
     /tmp/ccX6VyNP.s:866    .text.HAL_DBGMCU_DisableDBGStandbyMode:0000000000000000 $t
     /tmp/ccX6VyNP.s:873    .text.HAL_DBGMCU_DisableDBGStandbyMode:0000000000000000 HAL_DBGMCU_DisableDBGStandbyMode
     /tmp/ccX6VyNP.s:890    .text.HAL_DBGMCU_DisableDBGStandbyMode:000000000000000c $d
     /tmp/ccX6VyNP.s:901    .data.uwTickFreq:0000000000000000 uwTickFreq
     /tmp/ccX6VyNP.s:908    .data.uwTickPrio:0000000000000000 uwTickPrio
     /tmp/ccX6VyNP.s:904    .data.uwTickPrio:0000000000000000 $d
     /tmp/ccX6VyNP.s:911    .rodata.HAL_SetTickFreq.str1.4:0000000000000000 $d

UNDEFINED SYMBOLS
HAL_SYSTICK_Config
HAL_NVIC_SetPriority
SystemCoreClock
HAL_NVIC_SetPriorityGrouping
assert_failed
