ARM GAS  /tmp/ccOqtjoH.s 			page 1


   1              		.cpu cortex-m3
   2              		.eabi_attribute 20, 1
   3              		.eabi_attribute 21, 1
   4              		.eabi_attribute 23, 3
   5              		.eabi_attribute 24, 1
   6              		.eabi_attribute 25, 1
   7              		.eabi_attribute 26, 1
   8              		.eabi_attribute 30, 1
   9              		.eabi_attribute 34, 1
  10              		.eabi_attribute 18, 4
  11              		.file	"usart.c"
  12              		.text
  13              	.Ltext0:
  14              		.cfi_sections	.debug_frame
  15              		.section	.text.MX_USART2_UART_Init,"ax",%progbits
  16              		.align	1
  17              		.global	MX_USART2_UART_Init
  18              		.arch armv7-m
  19              		.syntax unified
  20              		.thumb
  21              		.thumb_func
  22              		.fpu softvfp
  24              	MX_USART2_UART_Init:
  25              	.LFB65:
  26              		.file 1 "Src/usart.c"
   1:Src/usart.c   **** /* USER CODE BEGIN Header */
   2:Src/usart.c   **** /**
   3:Src/usart.c   ****   ******************************************************************************
   4:Src/usart.c   ****   * @file    usart.c
   5:Src/usart.c   ****   * @brief   This file provides code for the configuration
   6:Src/usart.c   ****   *          of the USART instances.
   7:Src/usart.c   ****   ******************************************************************************
   8:Src/usart.c   ****   * @attention
   9:Src/usart.c   ****   *
  10:Src/usart.c   ****   * Copyright (c) 2022 STMicroelectronics.
  11:Src/usart.c   ****   * All rights reserved.
  12:Src/usart.c   ****   *
  13:Src/usart.c   ****   * This software is licensed under terms that can be found in the LICENSE file
  14:Src/usart.c   ****   * in the root directory of this software component.
  15:Src/usart.c   ****   * If no LICENSE file comes with this software, it is provided AS-IS.
  16:Src/usart.c   ****   *
  17:Src/usart.c   ****   ******************************************************************************
  18:Src/usart.c   ****   */
  19:Src/usart.c   **** /* USER CODE END Header */
  20:Src/usart.c   **** /* Includes ------------------------------------------------------------------*/
  21:Src/usart.c   **** #include "usart.h"
  22:Src/usart.c   **** 
  23:Src/usart.c   **** /* USER CODE BEGIN 0 */
  24:Src/usart.c   **** 
  25:Src/usart.c   **** /* USER CODE END 0 */
  26:Src/usart.c   **** 
  27:Src/usart.c   **** UART_HandleTypeDef huart2;
  28:Src/usart.c   **** 
  29:Src/usart.c   **** /* USART2 init function */
  30:Src/usart.c   **** 
  31:Src/usart.c   **** void MX_USART2_UART_Init(void)
  32:Src/usart.c   **** {
ARM GAS  /tmp/ccOqtjoH.s 			page 2


  27              		.loc 1 32 1 view -0
  28              		.cfi_startproc
  29              		@ args = 0, pretend = 0, frame = 0
  30              		@ frame_needed = 0, uses_anonymous_args = 0
  31 0000 08B5     		push	{r3, lr}
  32              	.LCFI0:
  33              		.cfi_def_cfa_offset 8
  34              		.cfi_offset 3, -8
  35              		.cfi_offset 14, -4
  33:Src/usart.c   **** 
  34:Src/usart.c   ****   /* USER CODE BEGIN USART2_Init 0 */
  35:Src/usart.c   **** 
  36:Src/usart.c   ****   /* USER CODE END USART2_Init 0 */
  37:Src/usart.c   **** 
  38:Src/usart.c   ****   /* USER CODE BEGIN USART2_Init 1 */
  39:Src/usart.c   **** 
  40:Src/usart.c   ****   /* USER CODE END USART2_Init 1 */
  41:Src/usart.c   ****   huart2.Instance = USART2;
  36              		.loc 1 41 3 view .LVU1
  37              		.loc 1 41 19 is_stmt 0 view .LVU2
  38 0002 0A48     		ldr	r0, .L5
  39 0004 0A4B     		ldr	r3, .L5+4
  40 0006 0360     		str	r3, [r0]
  42:Src/usart.c   ****   huart2.Init.BaudRate = 115200;
  41              		.loc 1 42 3 is_stmt 1 view .LVU3
  42              		.loc 1 42 24 is_stmt 0 view .LVU4
  43 0008 4FF4E133 		mov	r3, #115200
  44 000c 4360     		str	r3, [r0, #4]
  43:Src/usart.c   ****   huart2.Init.WordLength = UART_WORDLENGTH_8B;
  45              		.loc 1 43 3 is_stmt 1 view .LVU5
  46              		.loc 1 43 26 is_stmt 0 view .LVU6
  47 000e 0023     		movs	r3, #0
  48 0010 8360     		str	r3, [r0, #8]
  44:Src/usart.c   ****   huart2.Init.StopBits = UART_STOPBITS_1;
  49              		.loc 1 44 3 is_stmt 1 view .LVU7
  50              		.loc 1 44 24 is_stmt 0 view .LVU8
  51 0012 C360     		str	r3, [r0, #12]
  45:Src/usart.c   ****   huart2.Init.Parity = UART_PARITY_NONE;
  52              		.loc 1 45 3 is_stmt 1 view .LVU9
  53              		.loc 1 45 22 is_stmt 0 view .LVU10
  54 0014 0361     		str	r3, [r0, #16]
  46:Src/usart.c   ****   huart2.Init.Mode = UART_MODE_TX_RX;
  55              		.loc 1 46 3 is_stmt 1 view .LVU11
  56              		.loc 1 46 20 is_stmt 0 view .LVU12
  57 0016 0C22     		movs	r2, #12
  58 0018 4261     		str	r2, [r0, #20]
  47:Src/usart.c   ****   huart2.Init.HwFlowCtl = UART_HWCONTROL_NONE;
  59              		.loc 1 47 3 is_stmt 1 view .LVU13
  60              		.loc 1 47 25 is_stmt 0 view .LVU14
  61 001a 8361     		str	r3, [r0, #24]
  48:Src/usart.c   ****   huart2.Init.OverSampling = UART_OVERSAMPLING_16;
  62              		.loc 1 48 3 is_stmt 1 view .LVU15
  63              		.loc 1 48 28 is_stmt 0 view .LVU16
  64 001c C361     		str	r3, [r0, #28]
  49:Src/usart.c   ****   if (HAL_UART_Init(&huart2) != HAL_OK)
  65              		.loc 1 49 3 is_stmt 1 view .LVU17
  66              		.loc 1 49 7 is_stmt 0 view .LVU18
ARM GAS  /tmp/ccOqtjoH.s 			page 3


  67 001e FFF7FEFF 		bl	HAL_UART_Init
  68              	.LVL0:
  69              		.loc 1 49 6 view .LVU19
  70 0022 00B9     		cbnz	r0, .L4
  71              	.L1:
  50:Src/usart.c   ****   {
  51:Src/usart.c   ****     Error_Handler();
  52:Src/usart.c   ****   }
  53:Src/usart.c   ****   /* USER CODE BEGIN USART2_Init 2 */
  54:Src/usart.c   **** 
  55:Src/usart.c   ****   /* USER CODE END USART2_Init 2 */
  56:Src/usart.c   **** 
  57:Src/usart.c   **** }
  72              		.loc 1 57 1 view .LVU20
  73 0024 08BD     		pop	{r3, pc}
  74              	.L4:
  51:Src/usart.c   ****   }
  75              		.loc 1 51 5 is_stmt 1 view .LVU21
  76 0026 FFF7FEFF 		bl	Error_Handler
  77              	.LVL1:
  78              		.loc 1 57 1 is_stmt 0 view .LVU22
  79 002a FBE7     		b	.L1
  80              	.L6:
  81              		.align	2
  82              	.L5:
  83 002c 00000000 		.word	huart2
  84 0030 00440040 		.word	1073759232
  85              		.cfi_endproc
  86              	.LFE65:
  88              		.section	.text.HAL_UART_MspInit,"ax",%progbits
  89              		.align	1
  90              		.global	HAL_UART_MspInit
  91              		.syntax unified
  92              		.thumb
  93              		.thumb_func
  94              		.fpu softvfp
  96              	HAL_UART_MspInit:
  97              	.LVL2:
  98              	.LFB66:
  58:Src/usart.c   **** 
  59:Src/usart.c   **** void HAL_UART_MspInit(UART_HandleTypeDef* uartHandle)
  60:Src/usart.c   **** {
  99              		.loc 1 60 1 is_stmt 1 view -0
 100              		.cfi_startproc
 101              		@ args = 0, pretend = 0, frame = 24
 102              		@ frame_needed = 0, uses_anonymous_args = 0
 103              		.loc 1 60 1 is_stmt 0 view .LVU24
 104 0000 10B5     		push	{r4, lr}
 105              	.LCFI1:
 106              		.cfi_def_cfa_offset 8
 107              		.cfi_offset 4, -8
 108              		.cfi_offset 14, -4
 109 0002 86B0     		sub	sp, sp, #24
 110              	.LCFI2:
 111              		.cfi_def_cfa_offset 32
  61:Src/usart.c   **** 
  62:Src/usart.c   ****   GPIO_InitTypeDef GPIO_InitStruct = {0};
ARM GAS  /tmp/ccOqtjoH.s 			page 4


 112              		.loc 1 62 3 is_stmt 1 view .LVU25
 113              		.loc 1 62 20 is_stmt 0 view .LVU26
 114 0004 0023     		movs	r3, #0
 115 0006 0293     		str	r3, [sp, #8]
 116 0008 0393     		str	r3, [sp, #12]
 117 000a 0493     		str	r3, [sp, #16]
 118 000c 0593     		str	r3, [sp, #20]
  63:Src/usart.c   ****   if(uartHandle->Instance==USART2)
 119              		.loc 1 63 3 is_stmt 1 view .LVU27
 120              		.loc 1 63 16 is_stmt 0 view .LVU28
 121 000e 0268     		ldr	r2, [r0]
 122              		.loc 1 63 5 view .LVU29
 123 0010 164B     		ldr	r3, .L11
 124 0012 9A42     		cmp	r2, r3
 125 0014 01D0     		beq	.L10
 126              	.LVL3:
 127              	.L7:
  64:Src/usart.c   ****   {
  65:Src/usart.c   ****   /* USER CODE BEGIN USART2_MspInit 0 */
  66:Src/usart.c   **** 
  67:Src/usart.c   ****   /* USER CODE END USART2_MspInit 0 */
  68:Src/usart.c   ****     /* USART2 clock enable */
  69:Src/usart.c   ****     __HAL_RCC_USART2_CLK_ENABLE();
  70:Src/usart.c   **** 
  71:Src/usart.c   ****     __HAL_RCC_GPIOA_CLK_ENABLE();
  72:Src/usart.c   ****     /**USART2 GPIO Configuration
  73:Src/usart.c   ****     PA2     ------> USART2_TX
  74:Src/usart.c   ****     PA3     ------> USART2_RX
  75:Src/usart.c   ****     */
  76:Src/usart.c   ****     GPIO_InitStruct.Pin = GPIO_PIN_2;
  77:Src/usart.c   ****     GPIO_InitStruct.Mode = GPIO_MODE_AF_PP;
  78:Src/usart.c   ****     GPIO_InitStruct.Speed = GPIO_SPEED_FREQ_HIGH;
  79:Src/usart.c   ****     HAL_GPIO_Init(GPIOA, &GPIO_InitStruct);
  80:Src/usart.c   **** 
  81:Src/usart.c   ****     GPIO_InitStruct.Pin = GPIO_PIN_3;
  82:Src/usart.c   ****     GPIO_InitStruct.Mode = GPIO_MODE_INPUT;
  83:Src/usart.c   ****     GPIO_InitStruct.Pull = GPIO_NOPULL;
  84:Src/usart.c   ****     HAL_GPIO_Init(GPIOA, &GPIO_InitStruct);
  85:Src/usart.c   **** 
  86:Src/usart.c   ****   /* USER CODE BEGIN USART2_MspInit 1 */
  87:Src/usart.c   **** 
  88:Src/usart.c   ****   /* USER CODE END USART2_MspInit 1 */
  89:Src/usart.c   ****   }
  90:Src/usart.c   **** }
 128              		.loc 1 90 1 view .LVU30
 129 0016 06B0     		add	sp, sp, #24
 130              	.LCFI3:
 131              		.cfi_remember_state
 132              		.cfi_def_cfa_offset 8
 133              		@ sp needed
 134 0018 10BD     		pop	{r4, pc}
 135              	.LVL4:
 136              	.L10:
 137              	.LCFI4:
 138              		.cfi_restore_state
  69:Src/usart.c   **** 
 139              		.loc 1 69 5 is_stmt 1 view .LVU31
ARM GAS  /tmp/ccOqtjoH.s 			page 5


 140              	.LBB2:
  69:Src/usart.c   **** 
 141              		.loc 1 69 5 view .LVU32
  69:Src/usart.c   **** 
 142              		.loc 1 69 5 view .LVU33
 143 001a 03F5E633 		add	r3, r3, #117760
 144 001e DA69     		ldr	r2, [r3, #28]
 145 0020 42F40032 		orr	r2, r2, #131072
 146 0024 DA61     		str	r2, [r3, #28]
  69:Src/usart.c   **** 
 147              		.loc 1 69 5 view .LVU34
 148 0026 DA69     		ldr	r2, [r3, #28]
 149 0028 02F40032 		and	r2, r2, #131072
 150 002c 0092     		str	r2, [sp]
  69:Src/usart.c   **** 
 151              		.loc 1 69 5 view .LVU35
 152 002e 009A     		ldr	r2, [sp]
 153              	.LBE2:
  71:Src/usart.c   ****     /**USART2 GPIO Configuration
 154              		.loc 1 71 5 view .LVU36
 155              	.LBB3:
  71:Src/usart.c   ****     /**USART2 GPIO Configuration
 156              		.loc 1 71 5 view .LVU37
  71:Src/usart.c   ****     /**USART2 GPIO Configuration
 157              		.loc 1 71 5 view .LVU38
 158 0030 9A69     		ldr	r2, [r3, #24]
 159 0032 42F00402 		orr	r2, r2, #4
 160 0036 9A61     		str	r2, [r3, #24]
  71:Src/usart.c   ****     /**USART2 GPIO Configuration
 161              		.loc 1 71 5 view .LVU39
 162 0038 9B69     		ldr	r3, [r3, #24]
 163 003a 03F00403 		and	r3, r3, #4
 164 003e 0193     		str	r3, [sp, #4]
  71:Src/usart.c   ****     /**USART2 GPIO Configuration
 165              		.loc 1 71 5 view .LVU40
 166 0040 019B     		ldr	r3, [sp, #4]
 167              	.LBE3:
  76:Src/usart.c   ****     GPIO_InitStruct.Mode = GPIO_MODE_AF_PP;
 168              		.loc 1 76 5 view .LVU41
  76:Src/usart.c   ****     GPIO_InitStruct.Mode = GPIO_MODE_AF_PP;
 169              		.loc 1 76 25 is_stmt 0 view .LVU42
 170 0042 0423     		movs	r3, #4
 171 0044 0293     		str	r3, [sp, #8]
  77:Src/usart.c   ****     GPIO_InitStruct.Speed = GPIO_SPEED_FREQ_HIGH;
 172              		.loc 1 77 5 is_stmt 1 view .LVU43
  77:Src/usart.c   ****     GPIO_InitStruct.Speed = GPIO_SPEED_FREQ_HIGH;
 173              		.loc 1 77 26 is_stmt 0 view .LVU44
 174 0046 0223     		movs	r3, #2
 175 0048 0393     		str	r3, [sp, #12]
  78:Src/usart.c   ****     HAL_GPIO_Init(GPIOA, &GPIO_InitStruct);
 176              		.loc 1 78 5 is_stmt 1 view .LVU45
  78:Src/usart.c   ****     HAL_GPIO_Init(GPIOA, &GPIO_InitStruct);
 177              		.loc 1 78 27 is_stmt 0 view .LVU46
 178 004a 0323     		movs	r3, #3
 179 004c 0593     		str	r3, [sp, #20]
  79:Src/usart.c   **** 
 180              		.loc 1 79 5 is_stmt 1 view .LVU47
ARM GAS  /tmp/ccOqtjoH.s 			page 6


 181 004e 084C     		ldr	r4, .L11+4
 182 0050 02A9     		add	r1, sp, #8
 183 0052 2046     		mov	r0, r4
 184              	.LVL5:
  79:Src/usart.c   **** 
 185              		.loc 1 79 5 is_stmt 0 view .LVU48
 186 0054 FFF7FEFF 		bl	HAL_GPIO_Init
 187              	.LVL6:
  81:Src/usart.c   ****     GPIO_InitStruct.Mode = GPIO_MODE_INPUT;
 188              		.loc 1 81 5 is_stmt 1 view .LVU49
  81:Src/usart.c   ****     GPIO_InitStruct.Mode = GPIO_MODE_INPUT;
 189              		.loc 1 81 25 is_stmt 0 view .LVU50
 190 0058 0823     		movs	r3, #8
 191 005a 0293     		str	r3, [sp, #8]
  82:Src/usart.c   ****     GPIO_InitStruct.Pull = GPIO_NOPULL;
 192              		.loc 1 82 5 is_stmt 1 view .LVU51
  82:Src/usart.c   ****     GPIO_InitStruct.Pull = GPIO_NOPULL;
 193              		.loc 1 82 26 is_stmt 0 view .LVU52
 194 005c 0023     		movs	r3, #0
 195 005e 0393     		str	r3, [sp, #12]
  83:Src/usart.c   ****     HAL_GPIO_Init(GPIOA, &GPIO_InitStruct);
 196              		.loc 1 83 5 is_stmt 1 view .LVU53
  83:Src/usart.c   ****     HAL_GPIO_Init(GPIOA, &GPIO_InitStruct);
 197              		.loc 1 83 26 is_stmt 0 view .LVU54
 198 0060 0493     		str	r3, [sp, #16]
  84:Src/usart.c   **** 
 199              		.loc 1 84 5 is_stmt 1 view .LVU55
 200 0062 02A9     		add	r1, sp, #8
 201 0064 2046     		mov	r0, r4
 202 0066 FFF7FEFF 		bl	HAL_GPIO_Init
 203              	.LVL7:
 204              		.loc 1 90 1 is_stmt 0 view .LVU56
 205 006a D4E7     		b	.L7
 206              	.L12:
 207              		.align	2
 208              	.L11:
 209 006c 00440040 		.word	1073759232
 210 0070 00080140 		.word	1073809408
 211              		.cfi_endproc
 212              	.LFE66:
 214              		.section	.text.HAL_UART_MspDeInit,"ax",%progbits
 215              		.align	1
 216              		.global	HAL_UART_MspDeInit
 217              		.syntax unified
 218              		.thumb
 219              		.thumb_func
 220              		.fpu softvfp
 222              	HAL_UART_MspDeInit:
 223              	.LVL8:
 224              	.LFB67:
  91:Src/usart.c   **** 
  92:Src/usart.c   **** void HAL_UART_MspDeInit(UART_HandleTypeDef* uartHandle)
  93:Src/usart.c   **** {
 225              		.loc 1 93 1 is_stmt 1 view -0
 226              		.cfi_startproc
 227              		@ args = 0, pretend = 0, frame = 0
 228              		@ frame_needed = 0, uses_anonymous_args = 0
ARM GAS  /tmp/ccOqtjoH.s 			page 7


 229              		.loc 1 93 1 is_stmt 0 view .LVU58
 230 0000 08B5     		push	{r3, lr}
 231              	.LCFI5:
 232              		.cfi_def_cfa_offset 8
 233              		.cfi_offset 3, -8
 234              		.cfi_offset 14, -4
  94:Src/usart.c   **** 
  95:Src/usart.c   ****   if(uartHandle->Instance==USART2)
 235              		.loc 1 95 3 is_stmt 1 view .LVU59
 236              		.loc 1 95 16 is_stmt 0 view .LVU60
 237 0002 0268     		ldr	r2, [r0]
 238              		.loc 1 95 5 view .LVU61
 239 0004 064B     		ldr	r3, .L17
 240 0006 9A42     		cmp	r2, r3
 241 0008 00D0     		beq	.L16
 242              	.LVL9:
 243              	.L13:
  96:Src/usart.c   ****   {
  97:Src/usart.c   ****   /* USER CODE BEGIN USART2_MspDeInit 0 */
  98:Src/usart.c   **** 
  99:Src/usart.c   ****   /* USER CODE END USART2_MspDeInit 0 */
 100:Src/usart.c   ****     /* Peripheral clock disable */
 101:Src/usart.c   ****     __HAL_RCC_USART2_CLK_DISABLE();
 102:Src/usart.c   **** 
 103:Src/usart.c   ****     /**USART2 GPIO Configuration
 104:Src/usart.c   ****     PA2     ------> USART2_TX
 105:Src/usart.c   ****     PA3     ------> USART2_RX
 106:Src/usart.c   ****     */
 107:Src/usart.c   ****     HAL_GPIO_DeInit(GPIOA, GPIO_PIN_2|GPIO_PIN_3);
 108:Src/usart.c   **** 
 109:Src/usart.c   ****   /* USER CODE BEGIN USART2_MspDeInit 1 */
 110:Src/usart.c   **** 
 111:Src/usart.c   ****   /* USER CODE END USART2_MspDeInit 1 */
 112:Src/usart.c   ****   }
 113:Src/usart.c   **** }
 244              		.loc 1 113 1 view .LVU62
 245 000a 08BD     		pop	{r3, pc}
 246              	.LVL10:
 247              	.L16:
 101:Src/usart.c   **** 
 248              		.loc 1 101 5 is_stmt 1 view .LVU63
 249 000c 054A     		ldr	r2, .L17+4
 250 000e D369     		ldr	r3, [r2, #28]
 251 0010 23F40033 		bic	r3, r3, #131072
 252 0014 D361     		str	r3, [r2, #28]
 107:Src/usart.c   **** 
 253              		.loc 1 107 5 view .LVU64
 254 0016 0C21     		movs	r1, #12
 255 0018 0348     		ldr	r0, .L17+8
 256              	.LVL11:
 107:Src/usart.c   **** 
 257              		.loc 1 107 5 is_stmt 0 view .LVU65
 258 001a FFF7FEFF 		bl	HAL_GPIO_DeInit
 259              	.LVL12:
 260              		.loc 1 113 1 view .LVU66
 261 001e F4E7     		b	.L13
 262              	.L18:
ARM GAS  /tmp/ccOqtjoH.s 			page 8


 263              		.align	2
 264              	.L17:
 265 0020 00440040 		.word	1073759232
 266 0024 00100240 		.word	1073876992
 267 0028 00080140 		.word	1073809408
 268              		.cfi_endproc
 269              	.LFE67:
 271              		.comm	huart2,68,4
 272              		.text
 273              	.Letext0:
 274              		.file 2 "/usr/lib/gcc/arm-none-eabi/8.3.1/include/stdint.h"
 275              		.file 3 "Drivers/CMSIS/Include/core_cm3.h"
 276              		.file 4 "Drivers/CMSIS/Device/ST/STM32F1xx/Include/system_stm32f1xx.h"
 277              		.file 5 "Drivers/CMSIS/Device/ST/STM32F1xx/Include/stm32f103xb.h"
 278              		.file 6 "Drivers/STM32F1xx_HAL_Driver/Inc/stm32f1xx_hal_def.h"
 279              		.file 7 "Drivers/STM32F1xx_HAL_Driver/Inc/stm32f1xx_hal_gpio.h"
 280              		.file 8 "Drivers/STM32F1xx_HAL_Driver/Inc/stm32f1xx_hal_dma.h"
 281              		.file 9 "Drivers/STM32F1xx_HAL_Driver/Inc/stm32f1xx_hal_uart.h"
 282              		.file 10 "Drivers/STM32F1xx_HAL_Driver/Inc/stm32f1xx_hal.h"
 283              		.file 11 "Inc/usart.h"
 284              		.file 12 "Inc/main.h"
ARM GAS  /tmp/ccOqtjoH.s 			page 9


DEFINED SYMBOLS
                            *ABS*:0000000000000000 usart.c
     /tmp/ccOqtjoH.s:16     .text.MX_USART2_UART_Init:0000000000000000 $t
     /tmp/ccOqtjoH.s:24     .text.MX_USART2_UART_Init:0000000000000000 MX_USART2_UART_Init
     /tmp/ccOqtjoH.s:83     .text.MX_USART2_UART_Init:000000000000002c $d
                            *COM*:0000000000000044 huart2
     /tmp/ccOqtjoH.s:89     .text.HAL_UART_MspInit:0000000000000000 $t
     /tmp/ccOqtjoH.s:96     .text.HAL_UART_MspInit:0000000000000000 HAL_UART_MspInit
     /tmp/ccOqtjoH.s:209    .text.HAL_UART_MspInit:000000000000006c $d
     /tmp/ccOqtjoH.s:215    .text.HAL_UART_MspDeInit:0000000000000000 $t
     /tmp/ccOqtjoH.s:222    .text.HAL_UART_MspDeInit:0000000000000000 HAL_UART_MspDeInit
     /tmp/ccOqtjoH.s:265    .text.HAL_UART_MspDeInit:0000000000000020 $d

UNDEFINED SYMBOLS
HAL_UART_Init
Error_Handler
HAL_GPIO_Init
HAL_GPIO_DeInit
